#
# There is insufficient memory for the Java Runtime Environment to continue.
# Native memory allocation (malloc) failed to allocate 586496 bytes for Chunk::new
# Possible reasons:
#   The system is out of physical RAM or swap space
#   In 32 bit mode, the process size limit was hit
# Possible solutions:
#   Reduce memory load on the system
#   Increase physical memory or swap space
#   Check if swap backing store is full
#   Use 64 bit Java on a 64 bit OS
#   Decrease Java heap size (-Xmx/-Xms)
#   Decrease number of Java threads
#   Decrease Java thread stack sizes (-Xss)
#   Set larger code cache with -XX:ReservedCodeCacheSize=
# This output file may be truncated or incomplete.
#
#  Out of Memory Error (allocation.cpp:323), pid=5320, tid=8184
#
# JRE version: Java(TM) SE Runtime Environment (7.0_79-b15) (build 1.7.0_79-b15)
# Java VM: Java HotSpot(TM) 64-Bit Server VM (24.79-b02 mixed mode windows-amd64 compressed oops)
# Failed to write core dump. Minidumps are not enabled by default on client versions of Windows
#

---------------  T H R E A D  ---------------

Current thread (0x000000000f346800):  JavaThread "C2 CompilerThread1" daemon [_thread_in_native, id=8184, stack(0x00000000109c0000,0x0000000010ac0000)]

Stack: [0x00000000109c0000,0x0000000010ac0000]

Current CompileTask:
C2:  31614 1143             java.util.DualPivotQuicksort::sort (1195 bytes)


---------------  P R O C E S S  ---------------

Java Threads: ( => current thread )
  0x0000000010f32000 JavaThread "pool-3-thread-1" [_thread_blocked, id=9008, stack(0x00000000119c0000,0x0000000011ac0000)]
  0x0000000010f2f800 JavaThread "pool-2-thread-1" [_thread_blocked, id=5740, stack(0x00000000118c0000,0x00000000119c0000)]
  0x000000000f34e800 JavaThread "Service Thread" daemon [_thread_blocked, id=6832, stack(0x0000000010ac0000,0x0000000010bc0000)]
=>0x000000000f346800 JavaThread "C2 CompilerThread1" daemon [_thread_in_native, id=8184, stack(0x00000000109c0000,0x0000000010ac0000)]
  0x000000000f345000 JavaThread "C2 CompilerThread0" daemon [_thread_blocked, id=7584, stack(0x00000000108c0000,0x00000000109c0000)]
  0x000000000f343800 JavaThread "Attach Listener" daemon [_thread_blocked, id=11168, stack(0x00000000107c0000,0x00000000108c0000)]
  0x000000000f340800 JavaThread "Signal Dispatcher" daemon [_thread_blocked, id=5012, stack(0x00000000106c0000,0x00000000107c0000)]
  0x000000000f310000 JavaThread "Finalizer" daemon [_thread_blocked, id=11252, stack(0x00000000105c0000,0x00000000106c0000)]
  0x000000000f306000 JavaThread "Reference Handler" daemon [_thread_blocked, id=6376, stack(0x00000000104c0000,0x00000000105c0000)]
  0x0000000000fbd800 JavaThread "main" [_thread_blocked, id=11320, stack(0x0000000000e30000,0x0000000000f30000)]

Other Threads:
  0x000000000f302000 VMThread [stack: 0x00000000103c0000,0x00000000104c0000] [id=9488]
  0x000000000f371000 WatcherThread [stack: 0x0000000010bc0000,0x0000000010cc0000] [id=1668]

VM state:at safepoint (normal execution)

VM Mutex/Monitor currently owned by a thread:  ([mutex/lock_event])
[0x0000000000fbce10] Threads_lock - owner thread: 0x000000000f302000
[0x0000000000fbc390] Heap_lock - owner thread: 0x0000000000fbd800

Heap
 PSYoungGen      total 262144K, used 202240K [0x00000007aaa80000, 0x00000007c0c00000, 0x0000000800000000)
  eden space 202240K, 100% used [0x00000007aaa80000,0x00000007b7000000,0x00000007b7000000)
  from space 59904K, 0% used [0x00000007b7000000,0x00000007b7000000,0x00000007baa80000)
  to   space 57344K, 0% used [0x00000007bd400000,0x00000007bd400000,0x00000007c0c00000)
 ParOldGen       total 168960K, used 168723K [0x0000000700000000, 0x000000070a500000, 0x00000007aaa80000)
  object space 168960K, 99% used [0x0000000700000000,0x000000070a4c4c20,0x000000070a500000)
 PSPermGen       total 21504K, used 6270K [0x00000006fae00000, 0x00000006fc300000, 0x0000000700000000)
  object space 21504K, 29% used [0x00000006fae00000,0x00000006fb41fa80,0x00000006fc300000)

Card table byte_map: [0x00000000010c0000,0x00000000018f0000] byte_map_base: 0xfffffffffd8e9000

Polling page: 0x00000000009a0000

Code Cache  [0x0000000003400000, 0x00000000037f0000, 0x0000000006400000)
 total_blobs=1345 nmethods=1108 adapters=189 free_code_cache=45287Kb largest_free_block=46231616

Compilation events (10 events):
Event: 29.948 Thread 0x000000000f345000 nmethod 1137 0x0000000003701490 code [0x00000000037015e0, 0x0000000003701788]
Event: 30.024 Thread 0x000000000f346800 1139             java.io.FilterInputStream::<init> (10 bytes)
Event: 30.025 Thread 0x000000000f346800 nmethod 1139 0x0000000003797d10 code [0x0000000003797e40, 0x0000000003797ef8]
Event: 30.221 Thread 0x000000000f345000 1140   !         java.lang.ref.ReferenceQueue::poll (28 bytes)
Event: 30.222 Thread 0x000000000f345000 nmethod 1140 0x00000000037dca10 code [0x00000000037dcb40, 0x00000000037dcbb8]
Event: 30.233 Thread 0x000000000f346800 1141             com.android.dx.command.dexer.Main::access$1700 (4 bytes)
Event: 30.233 Thread 0x000000000f346800 nmethod 1141 0x0000000003701290 code [0x00000000037013c0, 0x0000000003701418]
Event: 30.234 Thread 0x000000000f345000 1142             com.android.dx.command.dexer.Main::access$1600 (4 bytes)
Event: 30.234 Thread 0x000000000f345000 nmethod 1142 0x0000000003701090 code [0x00000000037011c0, 0x0000000003701218]
Event: 31.508 Thread 0x000000000f346800 1143             java.util.DualPivotQuicksort::sort (1195 bytes)

GC Heap History (10 events):
Event: 23.348 GC heap before
{Heap before GC invocations=22 (full 7):
 PSYoungGen      total 262144K, used 202240K [0x00000007aaa80000, 0x00000007c0c00000, 0x0000000800000000)
  eden space 202240K, 100% used [0x00000007aaa80000,0x00000007b7000000,0x00000007b7000000)
  from space 59904K, 0% used [0x00000007b7000000,0x00000007b7000000,0x00000007baa80000)
  to   space 57344K, 0% used [0x00000007bd400000,0x00000007bd400000,0x00000007c0c00000)
 ParOldGen       total 168960K, used 168795K [0x0000000700000000, 0x000000070a500000, 0x00000007aaa80000)
  object space 168960K, 99% used [0x0000000700000000,0x000000070a4d6c40,0x000000070a500000)
 PSPermGen       total 21504K, used 6224K [0x00000006fae00000, 0x00000006fc300000, 0x0000000700000000)
  object space 21504K, 28% used [0x00000006fae00000,0x00000006fb4140b0,0x00000006fc300000)
Event: 24.391 GC heap after
Heap after GC invocations=22 (full 7):
 PSYoungGen      total 262144K, used 101358K [0x00000007aaa80000, 0x00000007c0c00000, 0x0000000800000000)
  eden space 202240K, 50% used [0x00000007aaa80000,0x00000007b0d7b970,0x00000007b7000000)
  from space 59904K, 0% used [0x00000007b7000000,0x00000007b7000000,0x00000007baa80000)
  to   space 57344K, 0% used [0x00000007bd400000,0x00000007bd400000,0x00000007c0c00000)
 ParOldGen       total 168960K, used 168795K [0x0000000700000000, 0x000000070a500000, 0x00000007aaa80000)
  object space 168960K, 99% used [0x0000000700000000,0x000000070a4d6c40,0x000000070a500000)
 PSPermGen       total 21504K, used 6224K [0x00000006fae00000, 0x00000006fc300000, 0x0000000700000000)
  object space 21504K, 28% used [0x00000006fae00000,0x00000006fb4140b0,0x00000006fc300000)
}
Event: 25.384 GC heap before
{Heap before GC invocations=23 (full 8):
 PSYoungGen      total 262144K, used 202240K [0x00000007aaa80000, 0x00000007c0c00000, 0x0000000800000000)
  eden space 202240K, 100% used [0x00000007aaa80000,0x00000007b7000000,0x00000007b7000000)
  from space 59904K, 0% used [0x00000007b7000000,0x00000007b7000000,0x00000007baa80000)
  to   space 57344K, 0% used [0x00000007bd400000,0x00000007bd400000,0x00000007c0c00000)
 ParOldGen       total 168960K, used 168795K [0x0000000700000000, 0x000000070a500000, 0x00000007aaa80000)
  object space 168960K, 99% used [0x0000000700000000,0x000000070a4d6c40,0x000000070a500000)
 PSPermGen       total 21504K, used 6226K [0x00000006fae00000, 0x00000006fc300000, 0x0000000700000000)
  object space 21504K, 28% used [0x00000006fae00000,0x00000006fb414a80,0x00000006fc300000)
Event: 26.599 GC heap after
Heap after GC invocations=23 (full 8):
 PSYoungGen      total 262144K, used 116883K [0x00000007aaa80000, 0x00000007c0c00000, 0x0000000800000000)
  eden space 202240K, 57% used [0x00000007aaa80000,0x00000007b1ca4da0,0x00000007b7000000)
  from space 59904K, 0% used [0x00000007b7000000,0x00000007b7000000,0x00000007baa80000)
  to   space 57344K, 0% used [0x00000007bd400000,0x00000007bd400000,0x00000007c0c00000)
 ParOldGen       total 168960K, used 168795K [0x0000000700000000, 0x000000070a500000, 0x00000007aaa80000)
  object space 168960K, 99% used [0x0000000700000000,0x000000070a4d6c40,0x000000070a500000)
 PSPermGen       total 21504K, used 6226K [0x00000006fae00000, 0x00000006fc300000, 0x0000000700000000)
  object space 21504K, 28% used [0x00000006fae00000,0x00000006fb414a60,0x00000006fc300000)
}
Event: 27.444 GC heap before
{Heap before GC invocations=24 (full 9):
 PSYoungGen      total 262144K, used 202240K [0x00000007aaa80000, 0x00000007c0c00000, 0x0000000800000000)
  eden space 202240K, 100% used [0x00000007aaa80000,0x00000007b7000000,0x00000007b7000000)
  from space 59904K, 0% used [0x00000007b7000000,0x00000007b7000000,0x00000007baa80000)
  to   space 57344K, 0% used [0x00000007bd400000,0x00000007bd400000,0x00000007c0c00000)
 ParOldGen       total 168960K, used 168795K [0x0000000700000000, 0x000000070a500000, 0x00000007aaa80000)
  object space 168960K, 99% used [0x0000000700000000,0x000000070a4d6c40,0x000000070a500000)
 PSPermGen       total 21504K, used 6231K [0x00000006fae00000, 0x00000006fc300000, 0x0000000700000000)
  object space 21504K, 28% used [0x00000006fae00000,0x00000006fb415dd8,0x00000006fc300000)
Event: 28.434 GC heap after
Heap after GC invocations=24 (full 9):
 PSYoungGen      total 262144K, used 128548K [0x00000007aaa80000, 0x00000007c0c00000, 0x0000000800000000)
  eden space 202240K, 63% used [0x00000007aaa80000,0x00000007b28092a0,0x00000007b7000000)
  from space 59904K, 0% used [0x00000007b7000000,0x00000007b7000000,0x00000007baa80000)
  to   space 57344K, 0% used [0x00000007bd400000,0x00000007bd400000,0x00000007c0c00000)
 ParOldGen       total 168960K, used 168787K [0x0000000700000000, 0x000000070a500000, 0x00000007aaa80000)
  object space 168960K, 99% used [0x0000000700000000,0x000000070a4d4c30,0x000000070a500000)
 PSPermGen       total 21504K, used 6231K [0x00000006fae00000, 0x00000006fc300000, 0x0000000700000000)
  object space 21504K, 28% used [0x00000006fae00000,0x00000006fb415dd8,0x00000006fc300000)
}
Event: 28.650 GC heap before
{Heap before GC invocations=25 (full 10):
 PSYoungGen      total 262144K, used 202240K [0x00000007aaa80000, 0x00000007c0c00000, 0x0000000800000000)
  eden space 202240K, 100% used [0x00000007aaa80000,0x00000007b7000000,0x00000007b7000000)
  from space 59904K, 0% used [0x00000007b7000000,0x00000007b7000000,0x00000007baa80000)
  to   space 57344K, 0% used [0x00000007bd400000,0x00000007bd400000,0x00000007c0c00000)
 ParOldGen       total 168960K, used 168787K [0x0000000700000000, 0x000000070a500000, 0x00000007aaa80000)
  object space 168960K, 99% used [0x0000000700000000,0x000000070a4d4c30,0x000000070a500000)
 PSPermGen       total 21504K, used 6231K [0x00000006fae00000, 0x00000006fc300000, 0x0000000700000000)
  object space 21504K, 28% used [0x00000006fae00000,0x00000006fb415eb0,0x00000006fc300000)
Event: 29.840 GC heap after
Heap after GC invocations=25 (full 10):
 PSYoungGen      total 262144K, used 139295K [0x00000007aaa80000, 0x00000007c0c00000, 0x0000000800000000)
  eden space 202240K, 68% used [0x00000007aaa80000,0x00000007b3287c38,0x00000007b7000000)
  from space 59904K, 0% used [0x00000007b7000000,0x00000007b7000000,0x00000007baa80000)
  to   space 57344K, 0% used [0x00000007bd400000,0x00000007bd400000,0x00000007c0c00000)
 ParOldGen       total 168960K, used 168723K [0x0000000700000000, 0x000000070a500000, 0x00000007aaa80000)
  object space 168960K, 99% used [0x0000000700000000,0x000000070a4c4c20,0x000000070a500000)
 PSPermGen       total 21504K, used 6231K [0x00000006fae00000, 0x00000006fc300000, 0x0000000700000000)
  object space 21504K, 28% used [0x00000006fae00000,0x00000006fb415eb0,0x00000006fc300000)
}
Event: 30.295 GC heap before
{Heap before GC invocations=26 (full 11):
 PSYoungGen      total 262144K, used 202240K [0x00000007aaa80000, 0x00000007c0c00000, 0x0000000800000000)
  eden space 202240K, 100% used [0x00000007aaa80000,0x00000007b7000000,0x00000007b7000000)
  from space 59904K, 0% used [0x00000007b7000000,0x00000007b7000000,0x00000007baa80000)
  to   space 57344K, 0% used [0x00000007bd400000,0x00000007bd400000,0x00000007c0c00000)
 ParOldGen       total 168960K, used 168723K [0x0000000700000000, 0x000000070a500000, 0x00000007aaa80000)
  object space 168960K, 99% used [0x0000000700000000,0x000000070a4c4c20,0x000000070a500000)
 PSPermGen       total 21504K, used 6269K [0x00000006fae00000, 0x00000006fc300000, 0x0000000700000000)
  object space 21504K, 29% used [0x00000006fae00000,0x00000006fb41f440,0x00000006fc300000)
Event: 31.425 GC heap after
Heap after GC invocations=26 (full 11):
 PSYoungGen      total 262144K, used 149417K [0x00000007aaa80000, 0x00000007c0c00000, 0x0000000800000000)
  eden space 202240K, 73% used [0x00000007aaa80000,0x00000007b3c6a5f8,0x00000007b7000000)
  from space 59904K, 0% used [0x00000007b7000000,0x00000007b7000000,0x00000007baa80000)
  to   space 57344K, 0% used [0x00000007bd400000,0x00000007bd400000,0x00000007c0c00000)
 ParOldGen       total 168960K, used 168723K [0x0000000700000000, 0x000000070a500000, 0x00000007aaa80000)
  object space 168960K, 99% used [0x0000000700000000,0x000000070a4c4c20,0x000000070a500000)
 PSPermGen       total 21504K, used 6269K [0x00000006fae00000, 0x00000006fc300000, 0x0000000700000000)
  object space 21504K, 29% used [0x00000006fae00000,0x00000006fb41f440,0x00000006fc300000)
}

Deoptimization events (10 events):
Event: 17.894 Thread 0x0000000010f2f800 Uncommon trap: reason=class_check action=maybe_recompile pc=0x00000000037b97e8 method=com.android.dx.cf.code.BytecodeArray.parseInstruction(ILcom/android/dx/cf/code/BytecodeArray$Visitor;)I @ 2047
Event: 17.897 Thread 0x0000000010f2f800 Uncommon trap: reason=class_check action=maybe_recompile pc=0x00000000037b97e8 method=com.android.dx.cf.code.BytecodeArray.parseInstruction(ILcom/android/dx/cf/code/BytecodeArray$Visitor;)I @ 2047
Event: 19.624 Thread 0x0000000000fbd800 Uncommon trap: reason=bimorphic action=maybe_recompile pc=0x00000000035a9ecc method=com.android.dx.ssa.LiteralOpUpgrader.tryReplacingWithConstant(Lcom/android/dx/ssa/NormalSsaInsn;)Z @ 62
Event: 19.628 Thread 0x0000000000fbd800 Uncommon trap: reason=bimorphic action=maybe_recompile pc=0x00000000035a9ecc method=com.android.dx.ssa.LiteralOpUpgrader.tryReplacingWithConstant(Lcom/android/dx/ssa/NormalSsaInsn;)Z @ 62
Event: 23.001 Thread 0x0000000000fbd800 Uncommon trap: reason=bimorphic action=maybe_recompile pc=0x00000000035a9ecc method=com.android.dx.ssa.LiteralOpUpgrader.tryReplacingWithConstant(Lcom/android/dx/ssa/NormalSsaInsn;)Z @ 62
Event: 23.008 Thread 0x0000000000fbd800 Uncommon trap: reason=class_check action=maybe_recompile pc=0x00000000035de72c method=com.android.dx.ssa.SCCP.replaceConstants()V @ 182
Event: 23.015 Thread 0x0000000000fbd800 Uncommon trap: reason=class_check action=maybe_recompile pc=0x00000000035de72c method=com.android.dx.ssa.SCCP.replaceConstants()V @ 182
Event: 23.083 Thread 0x0000000000fbd800 Uncommon trap: reason=bimorphic action=maybe_recompile pc=0x00000000035a4954 method=com.android.dx.ssa.LiteralOpUpgrader.tryReplacingWithConstant(Lcom/android/dx/ssa/NormalSsaInsn;)Z @ 62
Event: 25.030 Thread 0x0000000010f2f800 Uncommon trap: reason=bimorphic action=maybe_recompile pc=0x0000000003664808 method=com.android.dx.ssa.back.FirstFitLocalCombiningAllocator.findNextUnreservedRopReg(IILcom/android/dx/ssa/back/FirstFitLocalCombiningAllocator$Alignment;)I @ 60
Event: 25.032 Thread 0x0000000010f2f800 Uncommon trap: reason=bimorphic action=maybe_recompile pc=0x0000000003664808 method=com.android.dx.ssa.back.FirstFitLocalCombiningAllocator.findNextUnreservedRopReg(IILcom/android/dx/ssa/back/FirstFitLocalCombiningAllocator$Alignment;)I @ 60

Internal exceptions (10 events):
Event: 3.952 Thread 0x0000000000fbd800 Threw 0x00000007ac40a998 at C:\re\jdk7u79\2331\hotspot\src\share\vm\prims\jvm.cpp:1304
Event: 5.353 Thread 0x0000000000fbd800 Threw 0x00000007ab933cc8 at C:\re\jdk7u79\2331\hotspot\src\share\vm\prims\jvm.cpp:1304
Event: 5.880 Thread 0x0000000000fbd800 Threw 0x00000007adcfe920 at C:\re\jdk7u79\2331\hotspot\src\share\vm\prims\jvm.cpp:1304
Event: 6.290 Thread 0x0000000000fbd800 Threw 0x00000007afa5b5a8 at C:\re\jdk7u79\2331\hotspot\src\share\vm\prims\jvm.cpp:1304
Event: 9.757 Thread 0x0000000000fbd800 Implicit null exception at 0x00000000036bfc93 to 0x00000000036c1c85
Event: 10.184 Thread 0x0000000010f2f800 Implicit null exception at 0x00000000036621b5 to 0x0000000003662c99
Event: 10.240 Thread 0x0000000010f2f800 Implicit null exception at 0x00000000036f663c to 0x00000000036f9fd5
Event: 14.817 Thread 0x0000000000fbd800 Threw 0x00000007b06641c8 at C:\re\jdk7u79\2331\hotspot\src\share\vm\prims\jvm.cpp:1304
Event: 15.300 Thread 0x0000000000fbd800 Threw 0x00000007b4c96a90 at C:\re\jdk7u79\2331\hotspot\src\share\vm\prims\jvm.cpp:1304
Event: 15.307 Thread 0x0000000000fbd800 Implicit null exception at 0x000000000348bd5f to 0x000000000348c571

Events (10 events):
Event: 25.384 Executing VM operation: ParallelGCFailedAllocation
Event: 26.599 Executing VM operation: ParallelGCFailedAllocation done
Event: 26.971 Thread 0x000000000f346800 flushing nmethod 0x00000000036d9e90
Event: 27.444 Executing VM operation: ParallelGCFailedAllocation
Event: 28.434 Executing VM operation: ParallelGCFailedAllocation done
Event: 28.650 Executing VM operation: ParallelGCFailedAllocation
Event: 29.840 Executing VM operation: ParallelGCFailedAllocation done
Event: 30.234 Thread 0x000000000f345000 flushing nmethod 0x00000000034fd950
Event: 30.295 Executing VM operation: ParallelGCFailedAllocation
Event: 31.425 Executing VM operation: ParallelGCFailedAllocation done


Dynamic libraries:
0x00007ff7ba830000 - 0x00007ff7ba863000 	C:\Program Files\Java\jdk1.7.0_79\bin\java.exe
0x00007ff8f5800000 - 0x00007ff8f59c1000 	C:\WINDOWS\SYSTEM32\ntdll.dll
0x00007ff8f3570000 - 0x00007ff8f361d000 	C:\WINDOWS\system32\KERNEL32.DLL
0x00007ff8f21e0000 - 0x00007ff8f23c8000 	C:\WINDOWS\system32\KERNELBASE.dll
0x00007ff8f2e80000 - 0x00007ff8f2f27000 	C:\WINDOWS\system32\ADVAPI32.dll
0x00007ff8f34d0000 - 0x00007ff8f356d000 	C:\WINDOWS\system32\msvcrt.dll
0x00007ff8f3d50000 - 0x00007ff8f3dab000 	C:\WINDOWS\system32\sechost.dll
0x00007ff8f5680000 - 0x00007ff8f579c000 	C:\WINDOWS\system32\RPCRT4.dll
0x00007ff8f5520000 - 0x00007ff8f5676000 	C:\WINDOWS\system32\USER32.dll
0x00007ff8f3b50000 - 0x00007ff8f3cd6000 	C:\WINDOWS\system32\GDI32.dll
0x00007ff8eb770000 - 0x00007ff8eb9e4000 	C:\WINDOWS\WinSxS\amd64_microsoft.windows.common-controls_6595b64144ccf1df_6.0.10586.494_none_a2d8b04ea53e3145\COMCTL32.dll
0x00007ff8f2c00000 - 0x00007ff8f2e7d000 	C:\WINDOWS\system32\combase.dll
0x00007ff8f2170000 - 0x00007ff8f21da000 	C:\WINDOWS\system32\bcryptPrimitives.dll
0x00007ff8f57c0000 - 0x00007ff8f57fb000 	C:\WINDOWS\system32\IMM32.DLL
0x0000000073f40000 - 0x0000000074012000 	C:\Program Files\Java\jdk1.7.0_79\jre\bin\msvcr100.dll
0x00000000745f0000 - 0x0000000074dc5000 	C:\Program Files\Java\jdk1.7.0_79\jre\bin\server\jvm.dll
0x00007ff8f3a90000 - 0x00007ff8f3a98000 	C:\WINDOWS\system32\PSAPI.DLL
0x00007ff8ef560000 - 0x00007ff8ef569000 	C:\WINDOWS\SYSTEM32\WSOCK32.dll
0x00007ff8f0640000 - 0x00007ff8f0663000 	C:\WINDOWS\SYSTEM32\WINMM.dll
0x00007ff8f3790000 - 0x00007ff8f37fb000 	C:\WINDOWS\system32\WS2_32.dll
0x00000000009d0000 - 0x00000000009fc000 	C:\WINDOWS\SYSTEM32\WINMMBASE.dll
0x00007ff8f2560000 - 0x00007ff8f25a3000 	C:\WINDOWS\system32\cfgmgr32.dll
0x00000000745e0000 - 0x00000000745ef000 	C:\Program Files\Java\jdk1.7.0_79\jre\bin\verify.dll
0x00000000745b0000 - 0x00000000745d8000 	C:\Program Files\Java\jdk1.7.0_79\jre\bin\java.dll
0x0000000074590000 - 0x00000000745a5000 	C:\Program Files\Java\jdk1.7.0_79\jre\bin\zip.dll
0x0000000074570000 - 0x000000007458a000 	C:\Program Files\Java\jdk1.7.0_79\jre\bin\net.dll
0x00007ff8f16f0000 - 0x00007ff8f174c000 	C:\WINDOWS\system32\mswsock.dll
0x0000000074550000 - 0x0000000074561000 	C:\Program Files\Java\jdk1.7.0_79\jre\bin\nio.dll

VM Arguments:
jvm_args: -Xmx4g -Dfile.encoding=windows-1252 -Duser.country=US -Duser.language=en -Duser.variant 
java_command: com.android.dx.command.Main --dex --multi-dex --main-dex-list C:\Users\OEM\Desktop\IndustryProject\AndroidProjects\NTECMobileApp\app\build\intermediates\multi-dex\debug\maindexlist.txt --output C:\Users\OEM\Desktop\IndustryProject\AndroidProjects\NTECMobileApp\app\build\intermediates\dex\debug C:\Users\OEM\Desktop\IndustryProject\AndroidProjects\NTECMobileApp\app\build\intermediates\multi-dex\debug\allclasses.jar
Launcher Type: SUN_STANDARD

Environment Variables:
JAVA_HOME=C:\Program Files\Java\jdk1.7.0_79
JRE_HOME=C:\Program Files\Java\jre1.8.0_101
PATH=C:\ProgramData\Oracle\Java\javapath;C:\Program Files\Java\jdk1.7.0_79\bin;C:\Program Files\Broadcom\Broadcom 802.11;C:\Program Files (x86)\Intel\iCLS Client\;C:\Program Files\Intel\iCLS Client\;C:\WINDOWS\system32;C:\WINDOWS;C:\WINDOWS\System32\Wbem;C:\WINDOWS\System32\WindowsPowerShell\v1.0\;C:\Program Files\Intel\Intel(R) Management Engine Components\DAL;C:\Program Files (x86)\Intel\Intel(R) Management Engine Components\DAL;C:\Program Files\Intel\Intel(R) Management Engine Components\IPT;C:\Program Files (x86)\Intel\Intel(R) Management Engine Components\IPT;C:\Program Files (x86)\Skype\Phone\;C:\Program Files\Java\jdk1.7.0_79\bin\;C:\WINDOWS\system32\config\systemprofile\.dnx\bin;C:\Program Files\Microsoft DNX\Dnvm\;C:\Program Files (x86)\Windows Kits\8.1\Windows Performance Toolkit\;C:\Program Files\Microsoft SQL Server\130\Tools\Binn\;C:\Program Files\Git\cmd;C:\Program Files\Oracle\VirtualBox;C:\Program Files (x86)\Brackets\command;C:\Program Files (x86)\OpenVPN\bin;"C:\Program Files\Java\jdk1.7.0_79\bin";C:\Program Files (x86)\Windows Live\Shared;C:\Users\OEM\AppData\Roaming\npm
USERNAME=OEM
OS=Windows_NT
PROCESSOR_IDENTIFIER=Intel64 Family 6 Model 69 Stepping 1, GenuineIntel



---------------  S Y S T E M  ---------------

OS: Windows 8.1 , 64 bit Build 9600 

CPU:total 4 (2 cores per cpu, 2 threads per core) family 6 model 69 stepping 1, cmov, cx8, fxsr, mmx, sse, sse2, sse3, ssse3, sse4.1, sse4.2, popcnt, avx, avx2, aes, erms, ht, tsc, tscinvbit

Memory: 4k page, physical 4113804k(769860k free), swap 6161804k(5376k free)

vm_info: Java HotSpot(TM) 64-Bit Server VM (24.79-b02) for windows-amd64 JRE (1.7.0_79-b15), built on Apr 10 2015 12:36:16 by "java_re" with unknown MS VC++:1600

time: Mon Sep 26 15:25:57 2016
elapsed time: 31 seconds

