#
# There is insufficient memory for the Java Runtime Environment to continue.
# Native memory allocation (malloc) failed to allocate 699376 bytes for Chunk::new
# Possible reasons:
#   The system is out of physical RAM or swap space
#   In 32 bit mode, the process size limit was hit
# Possible solutions:
#   Reduce memory load on the system
#   Increase physical memory or swap space
#   Check if swap backing store is full
#   Use 64 bit Java on a 64 bit OS
#   Decrease Java heap size (-Xmx/-Xms)
#   Decrease number of Java threads
#   Decrease Java thread stack sizes (-Xss)
#   Set larger code cache with -XX:ReservedCodeCacheSize=
# This output file may be truncated or incomplete.
#
#  Out of Memory Error (allocation.cpp:323), pid=10976, tid=2804
#
# JRE version: Java(TM) SE Runtime Environment (7.0_79-b15) (build 1.7.0_79-b15)
# Java VM: Java HotSpot(TM) 64-Bit Server VM (24.79-b02 mixed mode windows-amd64 compressed oops)
# Failed to write core dump. Minidumps are not enabled by default on client versions of Windows
#

---------------  T H R E A D  ---------------

Current thread (0x0000000008153800):  JavaThread "C2 CompilerThread1" daemon [_thread_in_native, id=2804, stack(0x00000000097b0000,0x00000000098b0000)]

Stack: [0x00000000097b0000,0x00000000098b0000]

Current CompileTask:
C2:   3913  180             com.android.dx.ssa.SCCP::run (298 bytes)


---------------  P R O C E S S  ---------------

Java Threads: ( => current thread )
  0x0000000009b40000 JavaThread "pool-2-thread-1" [_thread_blocked, id=740, stack(0x0000000009fb0000,0x000000000a0b0000)]
  0x0000000009b93800 JavaThread "pool-1-thread-1" [_thread_in_vm, id=9252, stack(0x0000000009eb0000,0x0000000009fb0000)]
  0x0000000008156800 JavaThread "Service Thread" daemon [_thread_blocked, id=10620, stack(0x00000000098b0000,0x00000000099b0000)]
=>0x0000000008153800 JavaThread "C2 CompilerThread1" daemon [_thread_in_native, id=2804, stack(0x00000000097b0000,0x00000000098b0000)]
  0x0000000008144000 JavaThread "C2 CompilerThread0" daemon [_thread_in_native, id=7656, stack(0x00000000096b0000,0x00000000097b0000)]
  0x0000000008143000 JavaThread "Attach Listener" daemon [_thread_blocked, id=10024, stack(0x00000000095b0000,0x00000000096b0000)]
  0x0000000008140000 JavaThread "Signal Dispatcher" daemon [_thread_blocked, id=10856, stack(0x00000000094b0000,0x00000000095b0000)]
  0x0000000008111000 JavaThread "Finalizer" daemon [_thread_blocked, id=1360, stack(0x00000000093b0000,0x00000000094b0000)]
  0x0000000008106000 JavaThread "Reference Handler" daemon [_thread_blocked, id=9144, stack(0x00000000092b0000,0x00000000093b0000)]
  0x000000000236d800 JavaThread "main" [_thread_blocked, id=11092, stack(0x0000000002000000,0x0000000002100000)]

Other Threads:
  0x0000000008101000 VMThread [stack: 0x00000000091b0000,0x00000000092b0000] [id=9508]
  0x0000000008164800 WatcherThread [stack: 0x00000000099b0000,0x0000000009ab0000] [id=10852]

VM state:not at safepoint (normal execution)

VM Mutex/Monitor currently owned by a thread: None

Heap
 PSYoungGen      total 18944K, used 16938K [0x00000000eaa80000, 0x00000000ecf80000, 0x0000000100000000)
  eden space 16384K, 87% used [0x00000000eaa80000,0x00000000eb88f428,0x00000000eba80000)
  from space 2560K, 99% used [0x00000000eba80000,0x00000000ebcfb3e8,0x00000000ebd00000)
  to   space 2560K, 0% used [0x00000000ecd00000,0x00000000ecd00000,0x00000000ecf80000)
 ParOldGen       total 42496K, used 1953K [0x00000000c0000000, 0x00000000c2980000, 0x00000000eaa80000)
  object space 42496K, 4% used [0x00000000c0000000,0x00000000c01e8770,0x00000000c2980000)
 PSPermGen       total 21504K, used 5851K [0x00000000bae00000, 0x00000000bc300000, 0x00000000c0000000)
  object space 21504K, 27% used [0x00000000bae00000,0x00000000bb3b6c08,0x00000000bc300000)

Card table byte_map: [0x0000000005370000,0x00000000055a0000] byte_map_base: 0x0000000004d99000

Polling page: 0x0000000001fb0000

Code Cache  [0x0000000002370000, 0x00000000025e0000, 0x0000000005370000)
 total_blobs=480 nmethods=243 adapters=189 free_code_cache=48200Kb largest_free_block=49334912

Compilation events (10 events):
Event: 3.483 Thread 0x0000000008144000 nmethod 239 0x000000000244a610 code [0x000000000244a780, 0x000000000244ab38]
Event: 3.483 Thread 0x0000000008144000  240             com.android.dx.rop.code.BasicBlockList::forEachInsn (39 bytes)
Event: 3.488 Thread 0x0000000008144000 nmethod 240 0x0000000002449e10 code [0x0000000002449f60, 0x000000000244a1f8]
Event: 3.488 Thread 0x0000000008144000  241             com.android.dx.rop.code.CstInsn::getConstant (5 bytes)
Event: 3.489 Thread 0x0000000008144000 nmethod 241 0x0000000002449c10 code [0x0000000002449d40, 0x0000000002449d98]
Event: 3.559 Thread 0x0000000008144000  242             com.android.dx.ssa.SsaMethod$2::visitNonMoveInsn (6 bytes)
Event: 3.560 Thread 0x0000000008144000 nmethod 242 0x00000000024499d0 code [0x0000000002449b20, 0x0000000002449b88]
Event: 3.566 Thread 0x0000000008144000  244             com.android.dx.ssa.SsaRenamer$BlockRenamer::access$200 (5 bytes)
Event: 3.567 Thread 0x0000000008144000 nmethod 244 0x000000000245c1d0 code [0x000000000245c300, 0x000000000245c358]
Event: 3.843 Thread 0x0000000008144000  245   !         com.android.dx.cf.code.Ropper::processBlock (1101 bytes)

GC Heap History (2 events):
Event: 1.992 GC heap before
{Heap before GC invocations=1 (full 0):
 PSYoungGen      total 18944K, used 16384K [0x00000000eaa80000, 0x00000000ebf80000, 0x0000000100000000)
  eden space 16384K, 100% used [0x00000000eaa80000,0x00000000eba80000,0x00000000eba80000)
  from space 2560K, 0% used [0x00000000ebd00000,0x00000000ebd00000,0x00000000ebf80000)
  to   space 2560K, 0% used [0x00000000eba80000,0x00000000eba80000,0x00000000ebd00000)
 ParOldGen       total 42496K, used 0K [0x00000000c0000000, 0x00000000c2980000, 0x00000000eaa80000)
  object space 42496K, 0% used [0x00000000c0000000,0x00000000c0000000,0x00000000c2980000)
 PSPermGen       total 21504K, used 5718K [0x00000000bae00000, 0x00000000bc300000, 0x00000000c0000000)
  object space 21504K, 26% used [0x00000000bae00000,0x00000000bb395878,0x00000000bc300000)
Event: 2.030 GC heap after
Heap after GC invocations=1 (full 0):
 PSYoungGen      total 18944K, used 2540K [0x00000000eaa80000, 0x00000000ecf80000, 0x0000000100000000)
  eden space 16384K, 0% used [0x00000000eaa80000,0x00000000eaa80000,0x00000000eba80000)
  from space 2560K, 99% used [0x00000000eba80000,0x00000000ebcfb3e8,0x00000000ebd00000)
  to   space 2560K, 0% used [0x00000000ecd00000,0x00000000ecd00000,0x00000000ecf80000)
 ParOldGen       total 42496K, used 1953K [0x00000000c0000000, 0x00000000c2980000, 0x00000000eaa80000)
  object space 42496K, 4% used [0x00000000c0000000,0x00000000c01e8770,0x00000000c2980000)
 PSPermGen       total 21504K, used 5718K [0x00000000bae00000, 0x00000000bc300000, 0x00000000c0000000)
  object space 21504K, 26% used [0x00000000bae00000,0x00000000bb395878,0x00000000bc300000)
}

Deoptimization events (7 events):
Event: 1.220 Thread 0x0000000009b93800 Uncommon trap: reason=bimorphic action=maybe_recompile pc=0x00000000023dd44c method=com.android.dx.ssa.NormalSsaInsn.accept(Lcom/android/dx/ssa/SsaInsn$Visitor;)V @ 9
Event: 1.220 Thread 0x0000000009b93800 Uncommon trap: reason=bimorphic action=maybe_recompile pc=0x00000000023dd44c method=com.android.dx.ssa.NormalSsaInsn.accept(Lcom/android/dx/ssa/SsaInsn$Visitor;)V @ 9
Event: 1.222 Thread 0x0000000009b93800 Uncommon trap: reason=bimorphic action=maybe_recompile pc=0x00000000023dd44c method=com.android.dx.ssa.NormalSsaInsn.accept(Lcom/android/dx/ssa/SsaInsn$Visitor;)V @ 9
Event: 1.226 Thread 0x0000000009b93800 Uncommon trap: reason=bimorphic action=maybe_recompile pc=0x00000000023dd44c method=com.android.dx.ssa.NormalSsaInsn.accept(Lcom/android/dx/ssa/SsaInsn$Visitor;)V @ 9
Event: 1.248 Thread 0x000000000236d800 Uncommon trap: reason=null_check action=make_not_entrant pc=0x00000000023e8514 method=com.android.dx.rop.code.LocalItem.equals(Ljava/lang/Object;)Z @ 1
Event: 1.356 Thread 0x0000000009b93800 Uncommon trap: reason=null_check action=make_not_entrant pc=0x00000000023eed68 method=com.android.dx.rop.code.LocalItem.equals(Ljava/lang/Object;)Z @ 1
Event: 2.171 Thread 0x000000000236d800 Uncommon trap: reason=null_check action=make_not_entrant pc=0x00000000023fe654 method=com.android.dx.rop.type.Type.equals(Ljava/lang/Object;)Z @ 8

Internal exceptions (10 events):
Event: 1.003 Thread 0x000000000236d800 Threw 0x00000000eb3d95a8 at C:\re\jdk7u79\2331\hotspot\src\share\vm\prims\jvm.cpp:1304
Event: 1.034 Thread 0x000000000236d800 Threw 0x00000000eb477518 at C:\re\jdk7u79\2331\hotspot\src\share\vm\prims\jvm.cpp:1304
Event: 1.035 Thread 0x000000000236d800 Threw 0x00000000eb47cf10 at C:\re\jdk7u79\2331\hotspot\src\share\vm\prims\jvm.cpp:1304
Event: 1.036 Thread 0x000000000236d800 Threw 0x00000000eb4826b0 at C:\re\jdk7u79\2331\hotspot\src\share\vm\prims\jvm.cpp:1304
Event: 1.172 Thread 0x0000000009b93800 Threw 0x00000000eb4f6fe8 at C:\re\jdk7u79\2331\hotspot\src\share\vm\prims\jvm.cpp:1304
Event: 1.248 Thread 0x000000000236d800 Implicit null exception at 0x00000000023e811b to 0x00000000023e8501
Event: 1.343 Thread 0x0000000009b93800 Threw 0x00000000eb60d250 at C:\re\jdk7u79\2331\hotspot\src\share\vm\prims\jvm.cpp:1304
Event: 1.356 Thread 0x0000000009b93800 Implicit null exception at 0x00000000023ee48e to 0x00000000023eed4d
Event: 2.171 Thread 0x000000000236d800 Implicit null exception at 0x00000000023fe552 to 0x00000000023fe645
Event: 3.257 Thread 0x0000000009b93800 Threw 0x00000000eb616058 at C:\re\jdk7u79\2331\hotspot\src\share\vm\prims\jvm.cpp:1304

Events (10 events):
Event: 2.237 loading class 0x00000000081688c0
Event: 2.237 loading class 0x00000000081688c0 done
Event: 2.237 Executing VM operation: Deoptimize
Event: 2.238 Executing VM operation: Deoptimize done
Event: 3.257 loading class 0x0000000009bf47e0
Event: 3.257 loading class 0x0000000009bf47e0 done
Event: 3.275 loading class 0x00000000021f8250
Event: 3.275 loading class 0x00000000021f8250 done
Event: 3.275 loading class 0x00000000021f8220
Event: 3.275 loading class 0x00000000021f8220 done


Dynamic libraries:
0x00007ff7191e0000 - 0x00007ff719213000 	C:\Program Files\Java\jdk1.7.0_79\bin\java.exe
0x00007ffc07ec0000 - 0x00007ffc08081000 	C:\WINDOWS\SYSTEM32\ntdll.dll
0x00007ffc06f40000 - 0x00007ffc06fed000 	C:\WINDOWS\system32\KERNEL32.DLL
0x00007ffc04f00000 - 0x00007ffc050e8000 	C:\WINDOWS\system32\KERNELBASE.dll
0x00007ffc07360000 - 0x00007ffc07407000 	C:\WINDOWS\system32\ADVAPI32.dll
0x00007ffc07b70000 - 0x00007ffc07c0d000 	C:\WINDOWS\system32\msvcrt.dll
0x00007ffc07b10000 - 0x00007ffc07b6b000 	C:\WINDOWS\system32\sechost.dll
0x00007ffc07410000 - 0x00007ffc0752c000 	C:\WINDOWS\system32\RPCRT4.dll
0x00007ffc07d60000 - 0x00007ffc07eb6000 	C:\WINDOWS\system32\USER32.dll
0x00007ffc07050000 - 0x00007ffc071d6000 	C:\WINDOWS\system32\GDI32.dll
0x00007ffbfc420000 - 0x00007ffbfc694000 	C:\WINDOWS\WinSxS\amd64_microsoft.windows.common-controls_6595b64144ccf1df_6.0.10586.494_none_a2d8b04ea53e3145\COMCTL32.dll
0x00007ffc07530000 - 0x00007ffc077ad000 	C:\WINDOWS\system32\combase.dll
0x00007ffc04d60000 - 0x00007ffc04dca000 	C:\WINDOWS\system32\bcryptPrimitives.dll
0x00007ffc07c90000 - 0x00007ffc07ccb000 	C:\WINDOWS\system32\IMM32.DLL
0x000000005def0000 - 0x000000005dfc2000 	C:\Program Files\Java\jdk1.7.0_79\jre\bin\msvcr100.dll
0x000000005e600000 - 0x000000005edd5000 	C:\Program Files\Java\jdk1.7.0_79\jre\bin\server\jvm.dll
0x00007ffc06820000 - 0x00007ffc06828000 	C:\WINDOWS\system32\PSAPI.DLL
0x00007ffc02710000 - 0x00007ffc02719000 	C:\WINDOWS\SYSTEM32\WSOCK32.dll
0x00007ffc07cf0000 - 0x00007ffc07d5b000 	C:\WINDOWS\system32\WS2_32.dll
0x00007ffc02040000 - 0x00007ffc02063000 	C:\WINDOWS\SYSTEM32\WINMM.dll
0x00007ffc02010000 - 0x00007ffc0203c000 	C:\WINDOWS\SYSTEM32\WINMMBASE.dll
0x00007ffc04eb0000 - 0x00007ffc04ef3000 	C:\WINDOWS\system32\cfgmgr32.dll
0x000000005e5f0000 - 0x000000005e5ff000 	C:\Program Files\Java\jdk1.7.0_79\jre\bin\verify.dll
0x000000005e5c0000 - 0x000000005e5e8000 	C:\Program Files\Java\jdk1.7.0_79\jre\bin\java.dll
0x000000005e5a0000 - 0x000000005e5b5000 	C:\Program Files\Java\jdk1.7.0_79\jre\bin\zip.dll
0x000000005e4d0000 - 0x000000005e4ea000 	C:\Program Files\Java\jdk1.7.0_79\jre\bin\net.dll
0x00007ffc03db0000 - 0x00007ffc03e0c000 	C:\WINDOWS\system32\mswsock.dll
0x000000005e4b0000 - 0x000000005e4c1000 	C:\Program Files\Java\jdk1.7.0_79\jre\bin\nio.dll

VM Arguments:
jvm_args: -Xmx1024M -Dfile.encoding=windows-1252 -Duser.country=US -Duser.language=en -Duser.variant 
java_command: com.android.dx.command.Main --dex --output C:\Users\OEM\Desktop\IndustryProject\AndroidProjects\NTECMobileApp\app\build\intermediates\pre-dexed\debug\classes-fde708db4793a3adf50c2cc48f7f0e484334b4bd.jar C:\Users\OEM\Desktop\IndustryProject\AndroidProjects\NTECMobileApp\app\build\intermediates\exploded-aar\com.android.support\support-vector-drawable\23.4.0\classes.jar
Launcher Type: SUN_STANDARD

Environment Variables:
PATH=C:\Program Files\Java\jdk1.7.0_79\bin;C:\Program Files\Broadcom\Broadcom 802.11;C:\Program Files (x86)\Intel\iCLS Client\;C:\Program Files\Intel\iCLS Client\;C:\WINDOWS\system32;C:\WINDOWS;C:\WINDOWS\System32\Wbem;C:\WINDOWS\System32\WindowsPowerShell\v1.0\;C:\Program Files\Intel\Intel(R) Management Engine Components\DAL;C:\Program Files (x86)\Intel\Intel(R) Management Engine Components\DAL;C:\Program Files\Intel\Intel(R) Management Engine Components\IPT;C:\Program Files (x86)\Intel\Intel(R) Management Engine Components\IPT;C:\Program Files (x86)\Skype\Phone\;C:\Program Files\Java\jdk1.7.0_79\bin\;C:\WINDOWS\system32\config\systemprofile\.dnx\bin;C:\Program Files\Microsoft DNX\Dnvm\;C:\Program Files (x86)\Windows Kits\8.1\Windows Performance Toolkit\;C:\Program Files\Microsoft SQL Server\130\Tools\Binn\;C:\Program Files\Git\cmd;C:\Program Files\Oracle\VirtualBox;C:\Program Files (x86)\Brackets\command;C:\Program Files (x86)\OpenVPN\bin;C:\Program Files (x86)\nodejs\;C:\Users\OEM\AppData\Roaming\npm
USERNAME=OEM
OS=Windows_NT
PROCESSOR_IDENTIFIER=Intel64 Family 6 Model 69 Stepping 1, GenuineIntel



---------------  S Y S T E M  ---------------

OS: Windows 8.1 , 64 bit Build 9600 

CPU:total 4 (2 cores per cpu, 2 threads per core) family 6 model 69 stepping 1, cmov, cx8, fxsr, mmx, sse, sse2, sse3, ssse3, sse4.1, sse4.2, popcnt, avx, avx2, aes, erms, ht, tsc, tscinvbit

Memory: 4k page, physical 4113804k(573684k free), swap 6161804k(5640k free)

vm_info: Java HotSpot(TM) 64-Bit Server VM (24.79-b02) for windows-amd64 JRE (1.7.0_79-b15), built on Apr 10 2015 12:36:16 by "java_re" with unknown MS VC++:1600

time: Thu Aug 18 15:17:57 2016
elapsed time: 3 seconds

