#
# There is insufficient memory for the Java Runtime Environment to continue.
# Native memory allocation (malloc) failed to allocate 633296 bytes for Chunk::new
# Possible reasons:
#   The system is out of physical RAM or swap space
#   In 32 bit mode, the process size limit was hit
# Possible solutions:
#   Reduce memory load on the system
#   Increase physical memory or swap space
#   Check if swap backing store is full
#   Use 64 bit Java on a 64 bit OS
#   Decrease Java heap size (-Xmx/-Xms)
#   Decrease number of Java threads
#   Decrease Java thread stack sizes (-Xss)
#   Set larger code cache with -XX:ReservedCodeCacheSize=
# This output file may be truncated or incomplete.
#
#  Out of Memory Error (allocation.cpp:323), pid=8072, tid=10244
#
# JRE version: Java(TM) SE Runtime Environment (7.0_79-b15) (build 1.7.0_79-b15)
# Java VM: Java HotSpot(TM) 64-Bit Server VM (24.79-b02 mixed mode windows-amd64 compressed oops)
# Failed to write core dump. Minidumps are not enabled by default on client versions of Windows
#

---------------  T H R E A D  ---------------

Current thread (0x0000000001c9c800):  JavaThread "C2 CompilerThread0" daemon [_thread_in_native, id=10244, stack(0x0000000009960000,0x0000000009a60000)]

Stack: [0x0000000009960000,0x0000000009a60000]

Current CompileTask:
C2:   4545  209             com.android.dx.ssa.SCCP::run (298 bytes)


---------------  P R O C E S S  ---------------

Java Threads: ( => current thread )
  0x000000000a01b000 JavaThread "pool-2-thread-1" [_thread_blocked, id=10400, stack(0x000000000a260000,0x000000000a360000)]
  0x0000000009f36800 JavaThread "pool-1-thread-1" [_thread_in_Java, id=10396, stack(0x000000000a160000,0x000000000a260000)]
  0x0000000001ca9000 JavaThread "Service Thread" daemon [_thread_blocked, id=10252, stack(0x0000000009b60000,0x0000000009c60000)]
  0x0000000001c9e800 JavaThread "C2 CompilerThread1" daemon [_thread_in_native, id=10248, stack(0x0000000009a60000,0x0000000009b60000)]
=>0x0000000001c9c800 JavaThread "C2 CompilerThread0" daemon [_thread_in_native, id=10244, stack(0x0000000009960000,0x0000000009a60000)]
  0x0000000001c9b800 JavaThread "Attach Listener" daemon [_thread_blocked, id=7368, stack(0x0000000009860000,0x0000000009960000)]
  0x0000000001c98800 JavaThread "Signal Dispatcher" daemon [_thread_blocked, id=6240, stack(0x0000000009760000,0x0000000009860000)]
  0x0000000001c60000 JavaThread "Finalizer" daemon [_thread_blocked, id=8580, stack(0x0000000009660000,0x0000000009760000)]
  0x0000000001c57000 JavaThread "Reference Handler" daemon [_thread_blocked, id=672, stack(0x0000000009560000,0x0000000009660000)]
  0x00000000009cd800 JavaThread "main" [_thread_in_Java, id=7616, stack(0x0000000000e30000,0x0000000000f30000)]

Other Threads:
  0x0000000001c51000 VMThread [stack: 0x0000000009460000,0x0000000009560000] [id=9328]
  0x0000000001cb3000 WatcherThread [stack: 0x0000000009c60000,0x0000000009d60000] [id=10256]

VM state:not at safepoint (normal execution)

VM Mutex/Monitor currently owned by a thread: None

Heap
 PSYoungGen      total 18944K, used 3887K [0x00000000eaa80000, 0x00000000ebf80000, 0x0000000100000000)
  eden space 16384K, 8% used [0x00000000eaa80000,0x00000000eabd1a98,0x00000000eba80000)
  from space 2560K, 99% used [0x00000000ebd00000,0x00000000ebf7a2f8,0x00000000ebf80000)
  to   space 2560K, 0% used [0x00000000eba80000,0x00000000eba80000,0x00000000ebd00000)
 ParOldGen       total 42496K, used 2439K [0x00000000c0000000, 0x00000000c2980000, 0x00000000eaa80000)
  object space 42496K, 5% used [0x00000000c0000000,0x00000000c0261f40,0x00000000c2980000)
 PSPermGen       total 21504K, used 5849K [0x00000000bae00000, 0x00000000bc300000, 0x00000000c0000000)
  object space 21504K, 27% used [0x00000000bae00000,0x00000000bb3b6508,0x00000000bc300000)

Card table byte_map: [0x0000000001100000,0x0000000001330000] byte_map_base: 0x0000000000b29000

Polling page: 0x00000000009a0000

Code Cache  [0x0000000003400000, 0x0000000003670000, 0x0000000006400000)
 total_blobs=462 nmethods=225 adapters=189 free_code_cache=48249Kb largest_free_block=49377344

Compilation events (10 events):
Event: 4.318 Thread 0x0000000001c9c800 nmethod 207 0x00000000034bd950 code [0x00000000034bdac0, 0x00000000034be098]
Event: 4.327 Thread 0x0000000001c9e800  208   !         com.android.dx.rop.code.BasicBlock::<init> (273 bytes)
Event: 4.330 Thread 0x0000000001c9c800  209             com.android.dx.ssa.SCCP::run (298 bytes)
Event: 4.342 Thread 0x0000000001c9e800 nmethod 208 0x00000000034cb290 code [0x00000000034cb400, 0x00000000034cb918]
Event: 4.342 Thread 0x0000000001c9e800  210             java.util.AbstractMap::<init> (15 bytes)
Event: 4.343 Thread 0x0000000001c9e800 nmethod 210 0x00000000034ca190 code [0x00000000034ca2c0, 0x00000000034ca318]
Event: 4.343 Thread 0x0000000001c9e800  211             java.util.ArrayList::ensureCapacity (28 bytes)
Event: 4.345 Thread 0x0000000001c9e800 nmethod 211 0x00000000034caed0 code [0x00000000034cb020, 0x00000000034cb138]
Event: 4.345 Thread 0x0000000001c9e800  212             com.android.dx.rop.code.InsnList::set (7 bytes)
Event: 4.347 Thread 0x0000000001c9e800 nmethod 212 0x00000000034cab10 code [0x00000000034cac60, 0x00000000034cad58]

GC Heap History (2 events):
Event: 2.688 GC heap before
{Heap before GC invocations=1 (full 0):
 PSYoungGen      total 18944K, used 16384K [0x00000000eaa80000, 0x00000000ebf80000, 0x0000000100000000)
  eden space 16384K, 100% used [0x00000000eaa80000,0x00000000eba80000,0x00000000eba80000)
  from space 2560K, 0% used [0x00000000ebd00000,0x00000000ebd00000,0x00000000ebf80000)
  to   space 2560K, 0% used [0x00000000eba80000,0x00000000eba80000,0x00000000ebd00000)
 ParOldGen       total 42496K, used 0K [0x00000000c0000000, 0x00000000c2980000, 0x00000000eaa80000)
  object space 42496K, 0% used [0x00000000c0000000,0x00000000c0000000,0x00000000c2980000)
 PSPermGen       total 21504K, used 5584K [0x00000000bae00000, 0x00000000bc300000, 0x00000000c0000000)
  object space 21504K, 25% used [0x00000000bae00000,0x00000000bb374308,0x00000000bc300000)
Event: 2.700 GC heap after
Heap after GC invocations=1 (full 0):
 PSYoungGen      total 18944K, used 2551K [0x00000000eaa80000, 0x00000000ebf80000, 0x0000000100000000)
  eden space 16384K, 0% used [0x00000000eaa80000,0x00000000eaa80000,0x00000000eba80000)
  from space 2560K, 99% used [0x00000000eba80000,0x00000000ebcfdf70,0x00000000ebd00000)
  to   space 2560K, 0% used [0x00000000ebd00000,0x00000000ebd00000,0x00000000ebf80000)
 ParOldGen       total 42496K, used 685K [0x00000000c0000000, 0x00000000c2980000, 0x00000000eaa80000)
  object space 42496K, 1% used [0x00000000c0000000,0x00000000c00ab780,0x00000000c2980000)
 PSPermGen       total 21504K, used 5584K [0x00000000bae00000, 0x00000000bc300000, 0x00000000c0000000)
  object space 21504K, 25% used [0x00000000bae00000,0x00000000bb374308,0x00000000bc300000)
}

Deoptimization events (10 events):
Event: 3.096 Thread 0x0000000009f36800 Uncommon trap: reason=class_check action=maybe_recompile pc=0x00000000034922a8 method=com.android.dx.ssa.NormalSsaInsn.accept(Lcom/android/dx/ssa/SsaInsn$Visitor;)V @ 9
Event: 3.102 Thread 0x00000000009cd800 Uncommon trap: reason=class_check action=maybe_recompile pc=0x00000000034922a8 method=com.android.dx.ssa.NormalSsaInsn.accept(Lcom/android/dx/ssa/SsaInsn$Visitor;)V @ 9
Event: 3.170 Thread 0x00000000009cd800 Uncommon trap: reason=class_check action=maybe_recompile pc=0x00000000034922a8 method=com.android.dx.ssa.NormalSsaInsn.accept(Lcom/android/dx/ssa/SsaInsn$Visitor;)V @ 9
Event: 3.170 Thread 0x00000000009cd800 Uncommon trap: reason=class_check action=maybe_recompile pc=0x00000000034922a8 method=com.android.dx.ssa.NormalSsaInsn.accept(Lcom/android/dx/ssa/SsaInsn$Visitor;)V @ 9
Event: 3.170 Thread 0x00000000009cd800 Uncommon trap: reason=class_check action=maybe_recompile pc=0x000000000347b2f4 method=com.android.dx.ssa.NormalSsaInsn.accept(Lcom/android/dx/ssa/SsaInsn$Visitor;)V @ 9
Event: 3.784 Thread 0x0000000009f36800 Uncommon trap: reason=bimorphic action=maybe_recompile pc=0x00000000034a1d98 method=com.android.dx.ssa.NormalSsaInsn.accept(Lcom/android/dx/ssa/SsaInsn$Visitor;)V @ 9
Event: 3.784 Thread 0x0000000009f36800 Uncommon trap: reason=bimorphic action=maybe_recompile pc=0x00000000034a1d98 method=com.android.dx.ssa.NormalSsaInsn.accept(Lcom/android/dx/ssa/SsaInsn$Visitor;)V @ 9
Event: 3.785 Thread 0x0000000009f36800 Uncommon trap: reason=bimorphic action=maybe_recompile pc=0x00000000034a1d98 method=com.android.dx.ssa.NormalSsaInsn.accept(Lcom/android/dx/ssa/SsaInsn$Visitor;)V @ 9
Event: 3.786 Thread 0x0000000009f36800 Uncommon trap: reason=bimorphic action=maybe_recompile pc=0x00000000034a1d98 method=com.android.dx.ssa.NormalSsaInsn.accept(Lcom/android/dx/ssa/SsaInsn$Visitor;)V @ 9
Event: 3.914 Thread 0x00000000009cd800 Uncommon trap: reason=null_check action=make_not_entrant pc=0x00000000034c7598 method=com.android.dx.rop.code.RegisterSpec.equals(Ljava/lang/Object;)Z @ 1

Internal exceptions (10 events):
Event: 1.694 Thread 0x0000000009f36800 Threw 0x00000000eb763360 at C:\re\jdk7u79\2331\hotspot\src\share\vm\prims\jvm.cpp:1304
Event: 1.735 Thread 0x00000000009cd800 Threw 0x00000000eb8390c0 at C:\re\jdk7u79\2331\hotspot\src\share\vm\prims\jvm.cpp:1304
Event: 2.405 Thread 0x00000000009cd800 Threw 0x00000000eb8d5a68 at C:\re\jdk7u79\2331\hotspot\src\share\vm\prims\jvm.cpp:1304
Event: 2.711 Thread 0x00000000009cd800 Threw 0x00000000eaa97c00 at C:\re\jdk7u79\2331\hotspot\src\share\vm\prims\jvm.cpp:1304
Event: 2.822 Thread 0x00000000009cd800 Threw 0x00000000eabd19e0 at C:\re\jdk7u79\2331\hotspot\src\share\vm\prims\jvm.cpp:1304
Event: 2.831 Thread 0x0000000009f36800 Threw 0x00000000eac34bc8 at C:\re\jdk7u79\2331\hotspot\src\share\vm\prims\jvm.cpp:1304
Event: 2.958 Thread 0x0000000009f36800 Implicit null exception at 0x00000000034841e8 to 0x00000000034845b9
Event: 3.151 Thread 0x0000000009f36800 Threw 0x00000000eafaf078 at C:\re\jdk7u79\2331\hotspot\src\share\vm\prims\jvm.cpp:1304
Event: 3.363 Thread 0x00000000009cd800 Threw 0x00000000eb21a2c0 at C:\re\jdk7u79\2331\hotspot\src\share\vm\prims\jvm.cpp:1304
Event: 3.914 Thread 0x00000000009cd800 Implicit null exception at 0x00000000034c6442 to 0x00000000034c7561

Events (10 events):
Event: 3.784 Thread 0x0000000009f36800 DEOPT UNPACKING pc=0x00000000034375a4 sp=0x000000000a25e560 mode 2
Event: 3.785 Thread 0x0000000009f36800 Uncommon trap: trap_request=0xffffffc6 fr.pc=0x00000000034a1d98
Event: 3.785 Thread 0x0000000009f36800 DEOPT PACKING pc=0x00000000034a1d98 sp=0x000000000a25e7d0
Event: 3.785 Thread 0x0000000009f36800 DEOPT UNPACKING pc=0x00000000034375a4 sp=0x000000000a25e770 mode 2
Event: 3.786 Thread 0x0000000009f36800 Uncommon trap: trap_request=0xffffffc6 fr.pc=0x00000000034a1d98
Event: 3.786 Thread 0x0000000009f36800 DEOPT PACKING pc=0x00000000034a1d98 sp=0x000000000a25e800
Event: 3.786 Thread 0x0000000009f36800 DEOPT UNPACKING pc=0x00000000034375a4 sp=0x000000000a25e7a0 mode 2
Event: 3.914 Thread 0x00000000009cd800 Uncommon trap: trap_request=0xfffffff4 fr.pc=0x00000000034c7598
Event: 3.914 Thread 0x00000000009cd800 DEOPT PACKING pc=0x00000000034c7598 sp=0x0000000000f2e910
Event: 3.914 Thread 0x00000000009cd800 DEOPT UNPACKING pc=0x00000000034375a4 sp=0x0000000000f2e828 mode 2


Dynamic libraries:
0x00007ff7191e0000 - 0x00007ff719213000 	C:\Program Files\Java\jdk1.7.0_79\bin\java.exe
0x00007ffc07ec0000 - 0x00007ffc08081000 	C:\WINDOWS\SYSTEM32\ntdll.dll
0x00007ffc06f40000 - 0x00007ffc06fed000 	C:\WINDOWS\system32\KERNEL32.DLL
0x00007ffc04f00000 - 0x00007ffc050e8000 	C:\WINDOWS\system32\KERNELBASE.dll
0x00007ffc07360000 - 0x00007ffc07407000 	C:\WINDOWS\system32\ADVAPI32.dll
0x00007ffc07b70000 - 0x00007ffc07c0d000 	C:\WINDOWS\system32\msvcrt.dll
0x00007ffc07b10000 - 0x00007ffc07b6b000 	C:\WINDOWS\system32\sechost.dll
0x00007ffc07410000 - 0x00007ffc0752c000 	C:\WINDOWS\system32\RPCRT4.dll
0x00007ffc07d60000 - 0x00007ffc07eb6000 	C:\WINDOWS\system32\USER32.dll
0x00007ffc07050000 - 0x00007ffc071d6000 	C:\WINDOWS\system32\GDI32.dll
0x00007ffbfc420000 - 0x00007ffbfc694000 	C:\WINDOWS\WinSxS\amd64_microsoft.windows.common-controls_6595b64144ccf1df_6.0.10586.494_none_a2d8b04ea53e3145\COMCTL32.dll
0x00007ffc07530000 - 0x00007ffc077ad000 	C:\WINDOWS\system32\combase.dll
0x00007ffc04d60000 - 0x00007ffc04dca000 	C:\WINDOWS\system32\bcryptPrimitives.dll
0x00007ffc07c90000 - 0x00007ffc07ccb000 	C:\WINDOWS\system32\IMM32.DLL
0x000000005def0000 - 0x000000005dfc2000 	C:\Program Files\Java\jdk1.7.0_79\jre\bin\msvcr100.dll
0x000000005e600000 - 0x000000005edd5000 	C:\Program Files\Java\jdk1.7.0_79\jre\bin\server\jvm.dll
0x00007ffc06820000 - 0x00007ffc06828000 	C:\WINDOWS\system32\PSAPI.DLL
0x00007ffc02710000 - 0x00007ffc02719000 	C:\WINDOWS\SYSTEM32\WSOCK32.dll
0x00007ffc02040000 - 0x00007ffc02063000 	C:\WINDOWS\SYSTEM32\WINMM.dll
0x00007ffc07cf0000 - 0x00007ffc07d5b000 	C:\WINDOWS\system32\WS2_32.dll
0x00000000009d0000 - 0x00000000009fc000 	C:\WINDOWS\SYSTEM32\WINMMBASE.dll
0x00007ffc04eb0000 - 0x00007ffc04ef3000 	C:\WINDOWS\system32\cfgmgr32.dll
0x000000005e5f0000 - 0x000000005e5ff000 	C:\Program Files\Java\jdk1.7.0_79\jre\bin\verify.dll
0x000000005e5c0000 - 0x000000005e5e8000 	C:\Program Files\Java\jdk1.7.0_79\jre\bin\java.dll
0x000000005e5a0000 - 0x000000005e5b5000 	C:\Program Files\Java\jdk1.7.0_79\jre\bin\zip.dll
0x000000005e4d0000 - 0x000000005e4ea000 	C:\Program Files\Java\jdk1.7.0_79\jre\bin\net.dll
0x00007ffc03db0000 - 0x00007ffc03e0c000 	C:\WINDOWS\system32\mswsock.dll
0x000000005e4b0000 - 0x000000005e4c1000 	C:\Program Files\Java\jdk1.7.0_79\jre\bin\nio.dll

VM Arguments:
jvm_args: -Xmx1024M -Dfile.encoding=windows-1252 -Duser.country=US -Duser.language=en -Duser.variant 
java_command: com.android.dx.command.Main --dex --output C:\Users\OEM\Desktop\IndustryProject\AndroidProjects\NTECMobileApp\app\build\intermediates\pre-dexed\debug\classes-9a49a7ccfeb37e0c128e264c59a54e65d7fde040.jar C:\Users\OEM\Desktop\IndustryProject\AndroidProjects\NTECMobileApp\app\build\intermediates\exploded-aar\com.android.support\appcompat-v7\23.4.0\classes.jar
Launcher Type: SUN_STANDARD

Environment Variables:
PATH=C:\Program Files\Java\jdk1.7.0_79\bin;C:\Program Files\Broadcom\Broadcom 802.11;C:\Program Files (x86)\Intel\iCLS Client\;C:\Program Files\Intel\iCLS Client\;C:\WINDOWS\system32;C:\WINDOWS;C:\WINDOWS\System32\Wbem;C:\WINDOWS\System32\WindowsPowerShell\v1.0\;C:\Program Files\Intel\Intel(R) Management Engine Components\DAL;C:\Program Files (x86)\Intel\Intel(R) Management Engine Components\DAL;C:\Program Files\Intel\Intel(R) Management Engine Components\IPT;C:\Program Files (x86)\Intel\Intel(R) Management Engine Components\IPT;C:\Program Files (x86)\Skype\Phone\;C:\Program Files\Java\jdk1.7.0_79\bin\;C:\WINDOWS\system32\config\systemprofile\.dnx\bin;C:\Program Files\Microsoft DNX\Dnvm\;C:\Program Files (x86)\Windows Kits\8.1\Windows Performance Toolkit\;C:\Program Files\Microsoft SQL Server\130\Tools\Binn\;C:\Program Files\Git\cmd;C:\Program Files\Oracle\VirtualBox;C:\Program Files (x86)\Brackets\command;C:\Program Files (x86)\OpenVPN\bin;C:\Program Files (x86)\nodejs\;C:\Users\OEM\AppData\Roaming\npm
USERNAME=OEM
OS=Windows_NT
PROCESSOR_IDENTIFIER=Intel64 Family 6 Model 69 Stepping 1, GenuineIntel



---------------  S Y S T E M  ---------------

OS: Windows 8.1 , 64 bit Build 9600 

CPU:total 4 (2 cores per cpu, 2 threads per core) family 6 model 69 stepping 1, cmov, cx8, fxsr, mmx, sse, sse2, sse3, ssse3, sse4.1, sse4.2, popcnt, avx, avx2, aes, erms, ht, tsc, tscinvbit

Memory: 4k page, physical 4113804k(384744k free), swap 6161804k(19080k free)

vm_info: Java HotSpot(TM) 64-Bit Server VM (24.79-b02) for windows-amd64 JRE (1.7.0_79-b15), built on Apr 10 2015 12:36:16 by "java_re" with unknown MS VC++:1600

time: Thu Aug 18 14:43:24 2016
elapsed time: 4 seconds

