#
# There is insufficient memory for the Java Runtime Environment to continue.
# Native memory allocation (malloc) failed to allocate 318176 bytes for Chunk::new
# Possible reasons:
#   The system is out of physical RAM or swap space
#   In 32 bit mode, the process size limit was hit
# Possible solutions:
#   Reduce memory load on the system
#   Increase physical memory or swap space
#   Check if swap backing store is full
#   Use 64 bit Java on a 64 bit OS
#   Decrease Java heap size (-Xmx/-Xms)
#   Decrease number of Java threads
#   Decrease Java thread stack sizes (-Xss)
#   Set larger code cache with -XX:ReservedCodeCacheSize=
# This output file may be truncated or incomplete.
#
#  Out of Memory Error (allocation.cpp:323), pid=9428, tid=7876
#
# JRE version: Java(TM) SE Runtime Environment (7.0_79-b15) (build 1.7.0_79-b15)
# Java VM: Java HotSpot(TM) 64-Bit Server VM (24.79-b02 mixed mode windows-amd64 compressed oops)
# Failed to write core dump. Minidumps are not enabled by default on client versions of Windows
#

---------------  T H R E A D  ---------------

Current thread (0x0000000001cd8800):  JavaThread "C2 CompilerThread1" daemon [_thread_in_native, id=7876, stack(0x0000000009a70000,0x0000000009b70000)]

Stack: [0x0000000009a70000,0x0000000009b70000]

Current CompileTask:
C2:   9678  389             com.android.dx.ssa.ConstCollector::updateConstUses (248 bytes)


---------------  P R O C E S S  ---------------

Java Threads: ( => current thread )
  0x0000000009f88000 JavaThread "pool-2-thread-1" [_thread_blocked, id=1436, stack(0x000000000a270000,0x000000000a370000)]
  0x0000000009e12800 JavaThread "pool-1-thread-1" [_thread_in_Java, id=8304, stack(0x000000000a170000,0x000000000a270000)]
  0x0000000001ceb800 JavaThread "Service Thread" daemon [_thread_blocked, id=10080, stack(0x0000000009b70000,0x0000000009c70000)]
=>0x0000000001cd8800 JavaThread "C2 CompilerThread1" daemon [_thread_in_native, id=7876, stack(0x0000000009a70000,0x0000000009b70000)]
  0x0000000001cd6800 JavaThread "C2 CompilerThread0" daemon [_thread_in_native, id=1176, stack(0x0000000009970000,0x0000000009a70000)]
  0x0000000001cd6000 JavaThread "Attach Listener" daemon [_thread_blocked, id=8436, stack(0x0000000009870000,0x0000000009970000)]
  0x0000000001cd2800 JavaThread "Signal Dispatcher" daemon [_thread_blocked, id=10056, stack(0x0000000009770000,0x0000000009870000)]
  0x0000000001c99800 JavaThread "Finalizer" daemon [_thread_blocked, id=9228, stack(0x0000000009670000,0x0000000009770000)]
  0x0000000001c96000 JavaThread "Reference Handler" daemon [_thread_blocked, id=5968, stack(0x0000000009570000,0x0000000009670000)]
  0x0000000000e8d800 JavaThread "main" [_thread_in_Java, id=7512, stack(0x0000000000ed0000,0x0000000000fd0000)]

Other Threads:
  0x0000000001c92000 VMThread [stack: 0x0000000009470000,0x0000000009570000] [id=8468]
  0x0000000001cf5800 WatcherThread [stack: 0x0000000009c70000,0x0000000009d70000] [id=7992]

VM state:not at safepoint (normal execution)

VM Mutex/Monitor currently owned by a thread: None

Heap
 PSYoungGen      total 18944K, used 15554K [0x00000000eaa80000, 0x00000000ecf80000, 0x0000000100000000)
  eden space 16384K, 79% used [0x00000000eaa80000,0x00000000eb733128,0x00000000eba80000)
  from space 2560K, 99% used [0x00000000eba80000,0x00000000ebcfd900,0x00000000ebd00000)
  to   space 2560K, 0% used [0x00000000ecd00000,0x00000000ecd00000,0x00000000ecf80000)
 ParOldGen       total 42496K, used 6129K [0x00000000c0000000, 0x00000000c2980000, 0x00000000eaa80000)
  object space 42496K, 14% used [0x00000000c0000000,0x00000000c05fc740,0x00000000c2980000)
 PSPermGen       total 21504K, used 5878K [0x00000000bae00000, 0x00000000bc300000, 0x00000000c0000000)
  object space 21504K, 27% used [0x00000000bae00000,0x00000000bb3bd898,0x00000000bc300000)

Card table byte_map: [0x0000000001190000,0x00000000013c0000] byte_map_base: 0x0000000000bb9000

Polling page: 0x00000000003f0000

Code Cache  [0x0000000003400000, 0x0000000003670000, 0x0000000006400000)
 total_blobs=622 nmethods=386 adapters=188 free_code_cache=47519Kb largest_free_block=48617344

Compilation events (10 events):
Event: 9.599 Thread 0x0000000001cd8800 nmethod 381 0x000000000359aa10 code [0x000000000359ac60, 0x000000000359b690]
Event: 9.600 Thread 0x0000000001cd8800  385             com.android.dx.ssa.back.FirstFitLocalCombiningAllocator::getParameterIndexForReg (55 bytes)
Event: 9.607 Thread 0x0000000001cd8800 nmethod 385 0x000000000359a290 code [0x000000000359a400, 0x000000000359a6c8]
Event: 9.607 Thread 0x0000000001cd8800  386             com.android.dx.ssa.SsaMethod::convertRopToSsaBlocks (103 bytes)
Event: 9.608 Thread 0x0000000001cd6800 nmethod 384 0x0000000003598ad0 code [0x0000000003598ce0, 0x0000000003599600]
Event: 9.608 Thread 0x0000000001cd6800  387             com.android.dx.ssa.SsaConverter::edgeSplitPredecessors (44 bytes)
Event: 9.624 Thread 0x0000000001cd6800 nmethod 387 0x000000000359e150 code [0x000000000359e2a0, 0x000000000359e508]
Event: 9.624 Thread 0x0000000001cd6800  388             com.android.dx.ssa.ConstCollector::getConstsSortedByCountUse (386 bytes)
Event: 9.652 Thread 0x0000000001cd8800 nmethod 386 0x00000000035a0b50 code [0x00000000035a0d80, 0x00000000035a1900]
Event: 9.652 Thread 0x0000000001cd8800  389             com.android.dx.ssa.ConstCollector::updateConstUses (248 bytes)

GC Heap History (6 events):
Event: 4.372 GC heap before
{Heap before GC invocations=1 (full 0):
 PSYoungGen      total 18944K, used 16384K [0x00000000eaa80000, 0x00000000ebf80000, 0x0000000100000000)
  eden space 16384K, 100% used [0x00000000eaa80000,0x00000000eba80000,0x00000000eba80000)
  from space 2560K, 0% used [0x00000000ebd00000,0x00000000ebd00000,0x00000000ebf80000)
  to   space 2560K, 0% used [0x00000000eba80000,0x00000000eba80000,0x00000000ebd00000)
 ParOldGen       total 42496K, used 0K [0x00000000c0000000, 0x00000000c2980000, 0x00000000eaa80000)
  object space 42496K, 0% used [0x00000000c0000000,0x00000000c0000000,0x00000000c2980000)
 PSPermGen       total 21504K, used 5658K [0x00000000bae00000, 0x00000000bc300000, 0x00000000c0000000)
  object space 21504K, 26% used [0x00000000bae00000,0x00000000bb386b40,0x00000000bc300000)
Event: 4.382 GC heap after
Heap after GC invocations=1 (full 0):
 PSYoungGen      total 18944K, used 2535K [0x00000000eaa80000, 0x00000000ebf80000, 0x0000000100000000)
  eden space 16384K, 0% used [0x00000000eaa80000,0x00000000eaa80000,0x00000000eba80000)
  from space 2560K, 99% used [0x00000000eba80000,0x00000000ebcf9c68,0x00000000ebd00000)
  to   space 2560K, 0% used [0x00000000ebd00000,0x00000000ebd00000,0x00000000ebf80000)
 ParOldGen       total 42496K, used 1488K [0x00000000c0000000, 0x00000000c2980000, 0x00000000eaa80000)
  object space 42496K, 3% used [0x00000000c0000000,0x00000000c0174378,0x00000000c2980000)
 PSPermGen       total 21504K, used 5658K [0x00000000bae00000, 0x00000000bc300000, 0x00000000c0000000)
  object space 21504K, 26% used [0x00000000bae00000,0x00000000bb386b40,0x00000000bc300000)
}
Event: 5.923 GC heap before
{Heap before GC invocations=2 (full 0):
 PSYoungGen      total 18944K, used 18919K [0x00000000eaa80000, 0x00000000ebf80000, 0x0000000100000000)
  eden space 16384K, 100% used [0x00000000eaa80000,0x00000000eba80000,0x00000000eba80000)
  from space 2560K, 99% used [0x00000000eba80000,0x00000000ebcf9c68,0x00000000ebd00000)
  to   space 2560K, 0% used [0x00000000ebd00000,0x00000000ebd00000,0x00000000ebf80000)
 ParOldGen       total 42496K, used 1488K [0x00000000c0000000, 0x00000000c2980000, 0x00000000eaa80000)
  object space 42496K, 3% used [0x00000000c0000000,0x00000000c0174378,0x00000000c2980000)
 PSPermGen       total 21504K, used 5827K [0x00000000bae00000, 0x00000000bc300000, 0x00000000c0000000)
  object space 21504K, 27% used [0x00000000bae00000,0x00000000bb3b0da0,0x00000000bc300000)
Event: 6.018 GC heap after
Heap after GC invocations=2 (full 0):
 PSYoungGen      total 18944K, used 2554K [0x00000000eaa80000, 0x00000000ecf80000, 0x0000000100000000)
  eden space 16384K, 0% used [0x00000000eaa80000,0x00000000eaa80000,0x00000000eba80000)
  from space 2560K, 99% used [0x00000000ebd00000,0x00000000ebf7eaa8,0x00000000ebf80000)
  to   space 2560K, 0% used [0x00000000eba80000,0x00000000eba80000,0x00000000ebd00000)
 ParOldGen       total 42496K, used 3542K [0x00000000c0000000, 0x00000000c2980000, 0x00000000eaa80000)
  object space 42496K, 8% used [0x00000000c0000000,0x00000000c0375938,0x00000000c2980000)
 PSPermGen       total 21504K, used 5827K [0x00000000bae00000, 0x00000000bc300000, 0x00000000c0000000)
  object space 21504K, 27% used [0x00000000bae00000,0x00000000bb3b0da0,0x00000000bc300000)
}
Event: 8.158 GC heap before
{Heap before GC invocations=3 (full 0):
 PSYoungGen      total 18944K, used 18938K [0x00000000eaa80000, 0x00000000ecf80000, 0x0000000100000000)
  eden space 16384K, 100% used [0x00000000eaa80000,0x00000000eba80000,0x00000000eba80000)
  from space 2560K, 99% used [0x00000000ebd00000,0x00000000ebf7eaa8,0x00000000ebf80000)
  to   space 2560K, 0% used [0x00000000eba80000,0x00000000eba80000,0x00000000ebd00000)
 ParOldGen       total 42496K, used 3542K [0x00000000c0000000, 0x00000000c2980000, 0x00000000eaa80000)
  object space 42496K, 8% used [0x00000000c0000000,0x00000000c0375938,0x00000000c2980000)
 PSPermGen       total 21504K, used 5862K [0x00000000bae00000, 0x00000000bc300000, 0x00000000c0000000)
  object space 21504K, 27% used [0x00000000bae00000,0x00000000bb3b9918,0x00000000bc300000)
Event: 8.432 GC heap after
Heap after GC invocations=3 (full 0):
 PSYoungGen      total 18944K, used 2550K [0x00000000eaa80000, 0x00000000ecf80000, 0x0000000100000000)
  eden space 16384K, 0% used [0x00000000eaa80000,0x00000000eaa80000,0x00000000eba80000)
  from space 2560K, 99% used [0x00000000eba80000,0x00000000ebcfd900,0x00000000ebd00000)
  to   space 2560K, 0% used [0x00000000ecd00000,0x00000000ecd00000,0x00000000ecf80000)
 ParOldGen       total 42496K, used 6129K [0x00000000c0000000, 0x00000000c2980000, 0x00000000eaa80000)
  object space 42496K, 14% used [0x00000000c0000000,0x00000000c05fc740,0x00000000c2980000)
 PSPermGen       total 21504K, used 5862K [0x00000000bae00000, 0x00000000bc300000, 0x00000000c0000000)
  object space 21504K, 27% used [0x00000000bae00000,0x00000000bb3b9918,0x00000000bc300000)
}

Deoptimization events (10 events):
Event: 6.684 Thread 0x0000000000e8d800 Uncommon trap: reason=class_check action=maybe_recompile pc=0x0000000003515e04 method=com.android.dx.cf.code.BytecodeArray.parseInstruction(ILcom/android/dx/cf/code/BytecodeArray$Visitor;)I @ 1130
Event: 6.691 Thread 0x0000000000e8d800 Uncommon trap: reason=class_check action=maybe_recompile pc=0x0000000003515e04 method=com.android.dx.cf.code.BytecodeArray.parseInstruction(ILcom/android/dx/cf/code/BytecodeArray$Visitor;)I @ 1130
Event: 6.697 Thread 0x0000000000e8d800 Uncommon trap: reason=class_check action=maybe_recompile pc=0x0000000003515e04 method=com.android.dx.cf.code.BytecodeArray.parseInstruction(ILcom/android/dx/cf/code/BytecodeArray$Visitor;)I @ 1130
Event: 6.697 Thread 0x0000000000e8d800 Uncommon trap: reason=class_check action=maybe_recompile pc=0x0000000003515e04 method=com.android.dx.cf.code.BytecodeArray.parseInstruction(ILcom/android/dx/cf/code/BytecodeArray$Visitor;)I @ 1130
Event: 6.992 Thread 0x0000000009e12800 Uncommon trap: reason=class_check action=maybe_recompile pc=0x00000000034ca3e8 method=java.util.HashMap.put(Ljava/lang/Object;Ljava/lang/Object;)Ljava/lang/Object; @ 83
Event: 7.141 Thread 0x0000000000e8d800 Uncommon trap: reason=class_check action=maybe_recompile pc=0x00000000034ca3e8 method=java.util.HashMap.put(Ljava/lang/Object;Ljava/lang/Object;)Ljava/lang/Object; @ 83
Event: 7.266 Thread 0x0000000000e8d800 Uncommon trap: reason=class_check action=maybe_recompile pc=0x00000000034ca3e8 method=java.util.HashMap.put(Ljava/lang/Object;Ljava/lang/Object;)Ljava/lang/Object; @ 83
Event: 7.279 Thread 0x0000000000e8d800 Uncommon trap: reason=unreached action=reinterpret pc=0x000000000348ee84 method=com.android.dx.rop.cst.Constant.compareTo(Lcom/android/dx/rop/cst/Constant;)I @ 12
Event: 7.513 Thread 0x0000000000e8d800 Uncommon trap: reason=class_check action=maybe_recompile pc=0x00000000034ca3e8 method=java.util.HashMap.put(Ljava/lang/Object;Ljava/lang/Object;)Ljava/lang/Object; @ 83
Event: 8.473 Thread 0x0000000000e8d800 Uncommon trap: reason=null_check action=make_not_entrant pc=0x000000000354bd60 method=com.android.dx.rop.type.Type.putIntern(Lcom/android/dx/rop/type/Type;)Lcom/android/dx/rop/type/Type; @ 18

Internal exceptions (10 events):
Event: 2.783 Thread 0x0000000009e12800 Threw 0x00000000eb440498 at C:\re\jdk7u79\2331\hotspot\src\share\vm\prims\jvm.cpp:1304
Event: 3.157 Thread 0x0000000000e8d800 Threw 0x00000000eb4d96b8 at C:\re\jdk7u79\2331\hotspot\src\share\vm\prims\jvm.cpp:1304
Event: 3.495 Thread 0x0000000000e8d800 Threw 0x00000000eb593020 at C:\re\jdk7u79\2331\hotspot\src\share\vm\prims\jvm.cpp:1304
Event: 4.235 Thread 0x0000000009e12800 Threw 0x00000000eb8d0ee8 at C:\re\jdk7u79\2331\hotspot\src\share\vm\prims\jvm.cpp:1304
Event: 4.494 Thread 0x0000000000e8d800 Threw 0x00000000eacadb88 at C:\re\jdk7u79\2331\hotspot\src\share\vm\prims\jvm.cpp:1304
Event: 4.662 Thread 0x0000000000e8d800 Threw 0x00000000eae3e1f0 at C:\re\jdk7u79\2331\hotspot\src\share\vm\prims\jvm.cpp:1304
Event: 5.530 Thread 0x0000000009e12800 Threw 0x00000000eb841108 at C:\re\jdk7u79\2331\hotspot\src\share\vm\prims\jvm.cpp:1304
Event: 6.032 Thread 0x0000000000e8d800 Implicit null exception at 0x00000000034f186d to 0x00000000034f39cd
Event: 7.253 Thread 0x0000000000e8d800 Threw 0x00000000eb5c2430 at C:\re\jdk7u79\2331\hotspot\src\share\vm\prims\jvm.cpp:1304
Event: 8.473 Thread 0x0000000000e8d800 Implicit null exception at 0x000000000354b66f to 0x000000000354bd51

Events (10 events):
Event: 7.279 Thread 0x0000000000e8d800 DEOPT UNPACKING pc=0x00000000034375a4 sp=0x0000000000fcdf90 mode 2
Event: 7.513 Thread 0x0000000000e8d800 Uncommon trap: trap_request=0xffffffde fr.pc=0x00000000034ca3e8
Event: 7.513 Thread 0x0000000000e8d800 DEOPT PACKING pc=0x00000000034ca3e8 sp=0x0000000000fce2e0
Event: 7.513 Thread 0x0000000000e8d800 DEOPT UNPACKING pc=0x00000000034375a4 sp=0x0000000000fce288 mode 2
Event: 8.158 Executing VM operation: ParallelGCFailedAllocation
Event: 8.432 Executing VM operation: ParallelGCFailedAllocation done
Event: 8.473 Thread 0x0000000000e8d800 Uncommon trap: trap_request=0xfffffff4 fr.pc=0x000000000354bd60
Event: 8.473 Thread 0x0000000000e8d800 DEOPT PACKING pc=0x000000000354bd60 sp=0x0000000000fce830
Event: 8.473 Thread 0x0000000000e8d800 DEOPT UNPACKING pc=0x00000000034375a4 sp=0x0000000000fce750 mode 2
Event: 9.499 Thread 0x0000000001cd6800 flushing nmethod 0x000000000347ac90


Dynamic libraries:
0x00007ff7f7510000 - 0x00007ff7f7543000 	C:\Program Files\Java\jdk1.7.0_79\bin\java.exe
0x00007ff8f5800000 - 0x00007ff8f59c1000 	C:\WINDOWS\SYSTEM32\ntdll.dll
0x00007ff8f3570000 - 0x00007ff8f361d000 	C:\WINDOWS\system32\KERNEL32.DLL
0x00007ff8f21e0000 - 0x00007ff8f23c8000 	C:\WINDOWS\system32\KERNELBASE.dll
0x00007ff8f2e80000 - 0x00007ff8f2f27000 	C:\WINDOWS\system32\ADVAPI32.dll
0x00007ff8f34d0000 - 0x00007ff8f356d000 	C:\WINDOWS\system32\msvcrt.dll
0x00007ff8f3d50000 - 0x00007ff8f3dab000 	C:\WINDOWS\system32\sechost.dll
0x00007ff8f5680000 - 0x00007ff8f579c000 	C:\WINDOWS\system32\RPCRT4.dll
0x00007ff8f5520000 - 0x00007ff8f5676000 	C:\WINDOWS\system32\USER32.dll
0x00007ff8f3b50000 - 0x00007ff8f3cd6000 	C:\WINDOWS\system32\GDI32.dll
0x00007ff8eb770000 - 0x00007ff8eb9e4000 	C:\WINDOWS\WinSxS\amd64_microsoft.windows.common-controls_6595b64144ccf1df_6.0.10586.494_none_a2d8b04ea53e3145\COMCTL32.dll
0x00007ff8f2c00000 - 0x00007ff8f2e7d000 	C:\WINDOWS\system32\combase.dll
0x00007ff8f2170000 - 0x00007ff8f21da000 	C:\WINDOWS\system32\bcryptPrimitives.dll
0x00007ff8f57c0000 - 0x00007ff8f57fb000 	C:\WINDOWS\system32\IMM32.DLL
0x0000000073ec0000 - 0x0000000073f92000 	C:\Program Files\Java\jdk1.7.0_79\jre\bin\msvcr100.dll
0x00000000745a0000 - 0x0000000074d75000 	C:\Program Files\Java\jdk1.7.0_79\jre\bin\server\jvm.dll
0x00007ff8f3a90000 - 0x00007ff8f3a98000 	C:\WINDOWS\system32\PSAPI.DLL
0x00007ff8ef560000 - 0x00007ff8ef569000 	C:\WINDOWS\SYSTEM32\WSOCK32.dll
0x00007ff8f3790000 - 0x00007ff8f37fb000 	C:\WINDOWS\system32\WS2_32.dll
0x00007ff8f0640000 - 0x00007ff8f0663000 	C:\WINDOWS\SYSTEM32\WINMM.dll
0x00007ff8f05b0000 - 0x00007ff8f05dc000 	C:\WINDOWS\SYSTEM32\WINMMBASE.dll
0x00007ff8f2560000 - 0x00007ff8f25a3000 	C:\WINDOWS\system32\cfgmgr32.dll
0x0000000074590000 - 0x000000007459f000 	C:\Program Files\Java\jdk1.7.0_79\jre\bin\verify.dll
0x0000000074560000 - 0x0000000074588000 	C:\Program Files\Java\jdk1.7.0_79\jre\bin\java.dll
0x0000000074540000 - 0x0000000074555000 	C:\Program Files\Java\jdk1.7.0_79\jre\bin\zip.dll
0x0000000074520000 - 0x000000007453a000 	C:\Program Files\Java\jdk1.7.0_79\jre\bin\net.dll
0x00007ff8f16f0000 - 0x00007ff8f174c000 	C:\WINDOWS\system32\mswsock.dll
0x0000000074500000 - 0x0000000074511000 	C:\Program Files\Java\jdk1.7.0_79\jre\bin\nio.dll

VM Arguments:
jvm_args: -Xmx1024M -Dfile.encoding=windows-1252 -Duser.country=US -Duser.language=en -Duser.variant 
java_command: com.android.dx.command.Main --dex --output C:\Users\OEM\Desktop\IndustryProject\AndroidProjects\NTECMobileApp\app\build\intermediates\pre-dexed\debug\classes-33120020db3f851e2df75cfeeed4b1221800374d.jar C:\Users\OEM\Desktop\IndustryProject\AndroidProjects\NTECMobileApp\app\build\intermediates\exploded-aar\com.google.firebase\firebase-analytics-impl\9.4.0\classes.jar
Launcher Type: SUN_STANDARD

Environment Variables:
JAVA_HOME=C:\Program Files\Java\jdk1.7.0_79
JRE_HOME=C:\Program Files\Java\jre1.8.0_101
PATH=C:\ProgramData\Oracle\Java\javapath;C:\Program Files\Java\jdk1.7.0_79\bin;C:\Program Files\Broadcom\Broadcom 802.11;C:\Program Files (x86)\Intel\iCLS Client\;C:\Program Files\Intel\iCLS Client\;C:\WINDOWS\system32;C:\WINDOWS;C:\WINDOWS\System32\Wbem;C:\WINDOWS\System32\WindowsPowerShell\v1.0\;C:\Program Files\Intel\Intel(R) Management Engine Components\DAL;C:\Program Files (x86)\Intel\Intel(R) Management Engine Components\DAL;C:\Program Files\Intel\Intel(R) Management Engine Components\IPT;C:\Program Files (x86)\Intel\Intel(R) Management Engine Components\IPT;C:\Program Files (x86)\Skype\Phone\;C:\Program Files\Java\jdk1.7.0_79\bin\;C:\WINDOWS\system32\config\systemprofile\.dnx\bin;C:\Program Files\Microsoft DNX\Dnvm\;C:\Program Files (x86)\Windows Kits\8.1\Windows Performance Toolkit\;C:\Program Files\Microsoft SQL Server\130\Tools\Binn\;C:\Program Files\Git\cmd;C:\Program Files\Oracle\VirtualBox;C:\Program Files (x86)\Brackets\command;C:\Program Files (x86)\OpenVPN\bin;"C:\Program Files\Java\jdk1.7.0_79\bin";C:\Program Files (x86)\Windows Live\Shared;C:\Users\OEM\AppData\Roaming\npm
USERNAME=OEM
OS=Windows_NT
PROCESSOR_IDENTIFIER=Intel64 Family 6 Model 69 Stepping 1, GenuineIntel



---------------  S Y S T E M  ---------------

OS: Windows 8.1 , 64 bit Build 9600 

CPU:total 4 (2 cores per cpu, 2 threads per core) family 6 model 69 stepping 1, cmov, cx8, fxsr, mmx, sse, sse2, sse3, ssse3, sse4.1, sse4.2, popcnt, avx, avx2, aes, erms, ht, tsc, tscinvbit

Memory: 4k page, physical 4113804k(392220k free), swap 6161804k(4304k free)

vm_info: Java HotSpot(TM) 64-Bit Server VM (24.79-b02) for windows-amd64 JRE (1.7.0_79-b15), built on Apr 10 2015 12:36:16 by "java_re" with unknown MS VC++:1600

time: Sun Sep 25 23:12:51 2016
elapsed time: 9 seconds

