#
# There is insufficient memory for the Java Runtime Environment to continue.
# Native memory allocation (malloc) failed to allocate 222176 bytes for Chunk::new
# Possible reasons:
#   The system is out of physical RAM or swap space
#   In 32 bit mode, the process size limit was hit
# Possible solutions:
#   Reduce memory load on the system
#   Increase physical memory or swap space
#   Check if swap backing store is full
#   Use 64 bit Java on a 64 bit OS
#   Decrease Java heap size (-Xmx/-Xms)
#   Decrease number of Java threads
#   Decrease Java thread stack sizes (-Xss)
#   Set larger code cache with -XX:ReservedCodeCacheSize=
# This output file may be truncated or incomplete.
#
#  Out of Memory Error (allocation.cpp:323), pid=9276, tid=7296
#
# JRE version: Java(TM) SE Runtime Environment (7.0_79-b15) (build 1.7.0_79-b15)
# Java VM: Java HotSpot(TM) 64-Bit Server VM (24.79-b02 mixed mode windows-amd64 compressed oops)
# Failed to write core dump. Minidumps are not enabled by default on client versions of Windows
#

---------------  T H R E A D  ---------------

Current thread (0x0000000008fa6800):  JavaThread "C2 CompilerThread1" daemon [_thread_in_native, id=7296, stack(0x000000000a620000,0x000000000a720000)]

Stack: [0x000000000a620000,0x000000000a720000]

Current CompileTask:
C2:   3123  159             com.android.dx.ssa.SsaMethod::mapRegisters (87 bytes)


---------------  P R O C E S S  ---------------

Java Threads: ( => current thread )
  0x000000000aaf8800 JavaThread "pool-2-thread-1" [_thread_blocked, id=5688, stack(0x000000000ae20000,0x000000000af20000)]
  0x000000000aaf8000 JavaThread "pool-1-thread-1" [_thread_in_Java, id=3472, stack(0x000000000ad20000,0x000000000ae20000)]
  0x0000000008fb9800 JavaThread "Service Thread" daemon [_thread_blocked, id=9372, stack(0x000000000a720000,0x000000000a820000)]
=>0x0000000008fa6800 JavaThread "C2 CompilerThread1" daemon [_thread_in_native, id=7296, stack(0x000000000a620000,0x000000000a720000)]
  0x0000000008fa4800 JavaThread "C2 CompilerThread0" daemon [_thread_in_native, id=10048, stack(0x000000000a520000,0x000000000a620000)]
  0x0000000008fa4000 JavaThread "Attach Listener" daemon [_thread_blocked, id=8744, stack(0x000000000a420000,0x000000000a520000)]
  0x0000000008fa0800 JavaThread "Signal Dispatcher" daemon [_thread_blocked, id=5752, stack(0x000000000a320000,0x000000000a420000)]
  0x0000000008f69800 JavaThread "Finalizer" daemon [_thread_blocked, id=11104, stack(0x000000000a220000,0x000000000a320000)]
  0x0000000008f66000 JavaThread "Reference Handler" daemon [_thread_blocked, id=2312, stack(0x000000000a120000,0x000000000a220000)]
  0x0000000001aed800 JavaThread "main" [_thread_in_vm, id=9480, stack(0x0000000001950000,0x0000000001a50000)]

Other Threads:
  0x0000000008f61000 VMThread [stack: 0x000000000a020000,0x000000000a120000] [id=7980]
  0x0000000008fc3800 WatcherThread [stack: 0x000000000a820000,0x000000000a920000] [id=10464]

VM state:not at safepoint (normal execution)

VM Mutex/Monitor currently owned by a thread: None

Heap
 PSYoungGen      total 18944K, used 17294K [0x00000000eaa80000, 0x00000000ebf80000, 0x0000000100000000)
  eden space 16384K, 96% used [0x00000000eaa80000,0x00000000eb9fa380,0x00000000eba80000)
  from space 2560K, 56% used [0x00000000eba80000,0x00000000ebbe95c8,0x00000000ebd00000)
  to   space 2560K, 0% used [0x00000000ebd00000,0x00000000ebd00000,0x00000000ebf80000)
 ParOldGen       total 42496K, used 0K [0x00000000c0000000, 0x00000000c2980000, 0x00000000eaa80000)
  object space 42496K, 0% used [0x00000000c0000000,0x00000000c0000000,0x00000000c2980000)
 PSPermGen       total 21504K, used 5741K [0x00000000bae00000, 0x00000000bc300000, 0x00000000c0000000)
  object space 21504K, 26% used [0x00000000bae00000,0x00000000bb39b490,0x00000000bc300000)

Card table byte_map: [0x0000000001cb0000,0x0000000001ee0000] byte_map_base: 0x00000000016d9000

Polling page: 0x00000000018a0000

Code Cache  [0x0000000003400000, 0x0000000003670000, 0x0000000006400000)
 total_blobs=394 nmethods=157 adapters=189 free_code_cache=48514Kb largest_free_block=49657088

Compilation events (10 events):
Event: 3.059 Thread 0x0000000008fa6800 nmethod 153 0x00000000034a0a50 code [0x00000000034a0ba0, 0x00000000034a0cf8]
Event: 3.060 Thread 0x0000000008fa6800  155             java.util.BitSet::or (105 bytes)
Event: 3.062 Thread 0x0000000008fa4800 nmethod 154 0x00000000034a0710 code [0x00000000034a0860, 0x00000000034a0958]
Event: 3.067 Thread 0x0000000008fa6800 nmethod 155 0x00000000034a0110 code [0x00000000034a0260, 0x00000000034a04a8]
Event: 3.068 Thread 0x0000000008fa4800  156             com.android.dx.ssa.SsaInsn::getBlock (5 bytes)
Event: 3.068 Thread 0x0000000008fa4800 nmethod 156 0x00000000034a1a50 code [0x00000000034a1b80, 0x00000000034a1bd8]
Event: 3.071 Thread 0x0000000008fa6800  157             com.android.dx.util.Bits::set (19 bytes)
Event: 3.072 Thread 0x0000000008fa6800 nmethod 157 0x00000000034a3110 code [0x00000000034a3240, 0x00000000034a32d8]
Event: 3.075 Thread 0x0000000008fa4800  158             com.android.dx.ssa.SsaConverter::placePhiFunctions (394 bytes)
Event: 3.101 Thread 0x0000000008fa6800  159             com.android.dx.ssa.SsaMethod::mapRegisters (87 bytes)

GC Heap History (2 events):
Event: 1.494 GC heap before
{Heap before GC invocations=1 (full 0):
 PSYoungGen      total 18944K, used 16384K [0x00000000eaa80000, 0x00000000ebf80000, 0x0000000100000000)
  eden space 16384K, 100% used [0x00000000eaa80000,0x00000000eba80000,0x00000000eba80000)
  from space 2560K, 0% used [0x00000000ebd00000,0x00000000ebd00000,0x00000000ebf80000)
  to   space 2560K, 0% used [0x00000000eba80000,0x00000000eba80000,0x00000000ebd00000)
 ParOldGen       total 42496K, used 0K [0x00000000c0000000, 0x00000000c2980000, 0x00000000eaa80000)
  object space 42496K, 0% used [0x00000000c0000000,0x00000000c0000000,0x00000000c2980000)
 PSPermGen       total 21504K, used 4291K [0x00000000bae00000, 0x00000000bc300000, 0x00000000c0000000)
  object space 21504K, 19% used [0x00000000bae00000,0x00000000bb230d28,0x00000000bc300000)
Event: 1.501 GC heap after
Heap after GC invocations=1 (full 0):
 PSYoungGen      total 18944K, used 1445K [0x00000000eaa80000, 0x00000000ebf80000, 0x0000000100000000)
  eden space 16384K, 0% used [0x00000000eaa80000,0x00000000eaa80000,0x00000000eba80000)
  from space 2560K, 56% used [0x00000000eba80000,0x00000000ebbe95c8,0x00000000ebd00000)
  to   space 2560K, 0% used [0x00000000ebd00000,0x00000000ebd00000,0x00000000ebf80000)
 ParOldGen       total 42496K, used 0K [0x00000000c0000000, 0x00000000c2980000, 0x00000000eaa80000)
  object space 42496K, 0% used [0x00000000c0000000,0x00000000c0000000,0x00000000c2980000)
 PSPermGen       total 21504K, used 4291K [0x00000000bae00000, 0x00000000bc300000, 0x00000000c0000000)
  object space 21504K, 19% used [0x00000000bae00000,0x00000000bb230d28,0x00000000bc300000)
}

Deoptimization events (1 events):
Event: 2.514 Thread 0x000000000aaf8000 Uncommon trap: reason=null_check action=make_not_entrant pc=0x000000000348bd0c method=com.android.dx.rop.code.LocalItem.equals(Ljava/lang/Object;)Z @ 1

Internal exceptions (10 events):
Event: 1.853 Thread 0x0000000001aed800 Threw 0x00000000eafa8cb8 at C:\re\jdk7u79\2331\hotspot\src\share\vm\prims\jvm.cpp:1304
Event: 1.853 Thread 0x0000000001aed800 Threw 0x00000000eafae3a0 at C:\re\jdk7u79\2331\hotspot\src\share\vm\prims\jvm.cpp:1304
Event: 2.169 Thread 0x0000000001aed800 Threw 0x00000000eb23d320 at C:\re\jdk7u79\2331\hotspot\src\share\vm\prims\jvm.cpp:1304
Event: 2.225 Thread 0x0000000001aed800 Threw 0x00000000eb25b3f8 at C:\re\jdk7u79\2331\hotspot\src\share\vm\prims\jvm.cpp:1304
Event: 2.227 Thread 0x0000000001aed800 Threw 0x00000000eb261c28 at C:\re\jdk7u79\2331\hotspot\src\share\vm\prims\jvm.cpp:1304
Event: 2.416 Thread 0x0000000001aed800 Threw 0x00000000eb380f28 at C:\re\jdk7u79\2331\hotspot\src\share\vm\prims\jvm.cpp:1304
Event: 2.416 Thread 0x0000000001aed800 Threw 0x00000000eb3acf78 at C:\re\jdk7u79\2331\hotspot\src\share\vm\prims\jvm.cpp:1304
Event: 2.514 Thread 0x000000000aaf8000 Implicit null exception at 0x000000000348b928 to 0x000000000348bcf9
Event: 2.548 Thread 0x000000000aaf8000 Threw 0x00000000eb4ede60 at C:\re\jdk7u79\2331\hotspot\src\share\vm\prims\jvm.cpp:1304
Event: 2.808 Thread 0x000000000aaf8000 Threw 0x00000000eb737578 at C:\re\jdk7u79\2331\hotspot\src\share\vm\prims\jvm.cpp:1304

Events (10 events):
Event: 2.416 loading class 0x0000000008ff4240 done
Event: 2.416 loading class 0x000000000a9623a0
Event: 2.416 loading class 0x000000000a9623a0 done
Event: 2.514 Thread 0x000000000aaf8000 Uncommon trap: trap_request=0xfffffff4 fr.pc=0x000000000348bd0c
Event: 2.514 Thread 0x000000000aaf8000 DEOPT PACKING pc=0x000000000348bd0c sp=0x000000000ae1e7c0
Event: 2.514 Thread 0x000000000aaf8000 DEOPT UNPACKING pc=0x00000000034375a4 sp=0x000000000ae1e700 mode 2
Event: 2.548 loading class 0x000000000a9b7190
Event: 2.548 loading class 0x000000000a9b7190 done
Event: 2.808 loading class 0x000000000ab7ee70
Event: 2.808 loading class 0x000000000ab7ee70 done


Dynamic libraries:
0x00007ff7191e0000 - 0x00007ff719213000 	C:\Program Files\Java\jdk1.7.0_79\bin\java.exe
0x00007ffc07ec0000 - 0x00007ffc08081000 	C:\WINDOWS\SYSTEM32\ntdll.dll
0x00007ffc06f40000 - 0x00007ffc06fed000 	C:\WINDOWS\system32\KERNEL32.DLL
0x00007ffc04f00000 - 0x00007ffc050e8000 	C:\WINDOWS\system32\KERNELBASE.dll
0x00007ffc07360000 - 0x00007ffc07407000 	C:\WINDOWS\system32\ADVAPI32.dll
0x00007ffc07b70000 - 0x00007ffc07c0d000 	C:\WINDOWS\system32\msvcrt.dll
0x00007ffc07b10000 - 0x00007ffc07b6b000 	C:\WINDOWS\system32\sechost.dll
0x00007ffc07410000 - 0x00007ffc0752c000 	C:\WINDOWS\system32\RPCRT4.dll
0x00007ffc07d60000 - 0x00007ffc07eb6000 	C:\WINDOWS\system32\USER32.dll
0x00007ffc07050000 - 0x00007ffc071d6000 	C:\WINDOWS\system32\GDI32.dll
0x00007ffbfc420000 - 0x00007ffbfc694000 	C:\WINDOWS\WinSxS\amd64_microsoft.windows.common-controls_6595b64144ccf1df_6.0.10586.494_none_a2d8b04ea53e3145\COMCTL32.dll
0x00007ffc07530000 - 0x00007ffc077ad000 	C:\WINDOWS\system32\combase.dll
0x00007ffc04d60000 - 0x00007ffc04dca000 	C:\WINDOWS\system32\bcryptPrimitives.dll
0x00007ffc07c90000 - 0x00007ffc07ccb000 	C:\WINDOWS\system32\IMM32.DLL
0x000000005def0000 - 0x000000005dfc2000 	C:\Program Files\Java\jdk1.7.0_79\jre\bin\msvcr100.dll
0x000000005e600000 - 0x000000005edd5000 	C:\Program Files\Java\jdk1.7.0_79\jre\bin\server\jvm.dll
0x00007ffc06820000 - 0x00007ffc06828000 	C:\WINDOWS\system32\PSAPI.DLL
0x00007ffc02710000 - 0x00007ffc02719000 	C:\WINDOWS\SYSTEM32\WSOCK32.dll
0x00007ffc07cf0000 - 0x00007ffc07d5b000 	C:\WINDOWS\system32\WS2_32.dll
0x00007ffc02040000 - 0x00007ffc02063000 	C:\WINDOWS\SYSTEM32\WINMM.dll
0x00007ffc02010000 - 0x00007ffc0203c000 	C:\WINDOWS\SYSTEM32\WINMMBASE.dll
0x00007ffc04eb0000 - 0x00007ffc04ef3000 	C:\WINDOWS\system32\cfgmgr32.dll
0x000000005e5f0000 - 0x000000005e5ff000 	C:\Program Files\Java\jdk1.7.0_79\jre\bin\verify.dll
0x000000005e5c0000 - 0x000000005e5e8000 	C:\Program Files\Java\jdk1.7.0_79\jre\bin\java.dll
0x000000005e5a0000 - 0x000000005e5b5000 	C:\Program Files\Java\jdk1.7.0_79\jre\bin\zip.dll
0x000000005e4d0000 - 0x000000005e4ea000 	C:\Program Files\Java\jdk1.7.0_79\jre\bin\net.dll
0x00007ffc03db0000 - 0x00007ffc03e0c000 	C:\WINDOWS\system32\mswsock.dll
0x000000005e4b0000 - 0x000000005e4c1000 	C:\Program Files\Java\jdk1.7.0_79\jre\bin\nio.dll

VM Arguments:
jvm_args: -Xmx1024M -Dfile.encoding=windows-1252 -Duser.country=US -Duser.language=en -Duser.variant 
java_command: com.android.dx.command.Main --dex --output C:\Users\OEM\Desktop\IndustryProject\AndroidProjects\NTECMobileApp\app\build\intermediates\pre-dexed\debug\classes-a9ed8837e1b1cfe28d9563ae0dbcd04925e90420.jar C:\Users\OEM\Desktop\IndustryProject\AndroidProjects\NTECMobileApp\app\build\intermediates\exploded-aar\com.android.support\support-v4\23.4.0\classes.jar
Launcher Type: SUN_STANDARD

Environment Variables:
PATH=C:\Program Files\Java\jdk1.7.0_79\bin;C:\Program Files\Broadcom\Broadcom 802.11;C:\Program Files (x86)\Intel\iCLS Client\;C:\Program Files\Intel\iCLS Client\;C:\WINDOWS\system32;C:\WINDOWS;C:\WINDOWS\System32\Wbem;C:\WINDOWS\System32\WindowsPowerShell\v1.0\;C:\Program Files\Intel\Intel(R) Management Engine Components\DAL;C:\Program Files (x86)\Intel\Intel(R) Management Engine Components\DAL;C:\Program Files\Intel\Intel(R) Management Engine Components\IPT;C:\Program Files (x86)\Intel\Intel(R) Management Engine Components\IPT;C:\Program Files (x86)\Skype\Phone\;C:\Program Files\Java\jdk1.7.0_79\bin\;C:\WINDOWS\system32\config\systemprofile\.dnx\bin;C:\Program Files\Microsoft DNX\Dnvm\;C:\Program Files (x86)\Windows Kits\8.1\Windows Performance Toolkit\;C:\Program Files\Microsoft SQL Server\130\Tools\Binn\;C:\Program Files\Git\cmd;C:\Program Files\Oracle\VirtualBox;C:\Program Files (x86)\Brackets\command;C:\Program Files (x86)\OpenVPN\bin;C:\Program Files (x86)\nodejs\;C:\Users\OEM\AppData\Roaming\npm
USERNAME=OEM
OS=Windows_NT
PROCESSOR_IDENTIFIER=Intel64 Family 6 Model 69 Stepping 1, GenuineIntel



---------------  S Y S T E M  ---------------

OS: Windows 8.1 , 64 bit Build 9600 

CPU:total 4 (2 cores per cpu, 2 threads per core) family 6 model 69 stepping 1, cmov, cx8, fxsr, mmx, sse, sse2, sse3, ssse3, sse4.1, sse4.2, popcnt, avx, avx2, aes, erms, ht, tsc, tscinvbit

Memory: 4k page, physical 4113804k(470304k free), swap 6161804k(5504k free)

vm_info: Java HotSpot(TM) 64-Bit Server VM (24.79-b02) for windows-amd64 JRE (1.7.0_79-b15), built on Apr 10 2015 12:36:16 by "java_re" with unknown MS VC++:1600

time: Thu Aug 18 15:15:09 2016
elapsed time: 3 seconds

