#
# There is insufficient memory for the Java Runtime Environment to continue.
# Native memory allocation (malloc) failed to allocate 32784 bytes for Chunk::new
# Possible reasons:
#   The system is out of physical RAM or swap space
#   In 32 bit mode, the process size limit was hit
# Possible solutions:
#   Reduce memory load on the system
#   Increase physical memory or swap space
#   Check if swap backing store is full
#   Use 64 bit Java on a 64 bit OS
#   Decrease Java heap size (-Xmx/-Xms)
#   Decrease number of Java threads
#   Decrease Java thread stack sizes (-Xss)
#   Set larger code cache with -XX:ReservedCodeCacheSize=
# This output file may be truncated or incomplete.
#
#  Out of Memory Error (allocation.cpp:323), pid=11164, tid=10456
#
# JRE version: Java(TM) SE Runtime Environment (7.0_79-b15) (build 1.7.0_79-b15)
# Java VM: Java HotSpot(TM) 64-Bit Server VM (24.79-b02 mixed mode windows-amd64 compressed oops)
# Failed to write core dump. Minidumps are not enabled by default on client versions of Windows
#

---------------  T H R E A D  ---------------

Current thread (0x0000000008d46800):  JavaThread "C2 CompilerThread1" daemon [_thread_in_native, id=10456, stack(0x000000000a3b0000,0x000000000a4b0000)]

Stack: [0x000000000a3b0000,0x000000000a4b0000]

Current CompileTask:
C2:   2697  140             com.android.dx.ssa.back.LivenessAnalyzer::run (231 bytes)


---------------  P R O C E S S  ---------------

Java Threads: ( => current thread )
  0x000000000a8e9800 JavaThread "pool-2-thread-1" [_thread_blocked, id=9464, stack(0x000000000abb0000,0x000000000acb0000)]
  0x000000000a6fe000 JavaThread "pool-1-thread-1" [_thread_blocked, id=10536, stack(0x000000000aab0000,0x000000000abb0000)]
  0x0000000008d59800 JavaThread "Service Thread" daemon [_thread_blocked, id=10360, stack(0x000000000a4b0000,0x000000000a5b0000)]
=>0x0000000008d46800 JavaThread "C2 CompilerThread1" daemon [_thread_in_native, id=10456, stack(0x000000000a3b0000,0x000000000a4b0000)]
  0x0000000008d44800 JavaThread "C2 CompilerThread0" daemon [_thread_blocked, id=10892, stack(0x000000000a2b0000,0x000000000a3b0000)]
  0x0000000008d44000 JavaThread "Attach Listener" daemon [_thread_blocked, id=10572, stack(0x000000000a1b0000,0x000000000a2b0000)]
  0x0000000008d40800 JavaThread "Signal Dispatcher" daemon [_thread_blocked, id=8324, stack(0x000000000a0b0000,0x000000000a1b0000)]
  0x0000000008d09800 JavaThread "Finalizer" daemon [_thread_blocked, id=10652, stack(0x0000000009fb0000,0x000000000a0b0000)]
  0x0000000008d06000 JavaThread "Reference Handler" daemon [_thread_blocked, id=10932, stack(0x0000000009eb0000,0x0000000009fb0000)]
  0x0000000001a1d800 JavaThread "main" [_thread_in_Java, id=10656, stack(0x0000000001460000,0x0000000001560000)]

Other Threads:
  0x0000000008d01000 VMThread [stack: 0x0000000009db0000,0x0000000009eb0000] [id=10924]
  0x0000000008d63000 WatcherThread [stack: 0x000000000a5b0000,0x000000000a6b0000] [id=10620]

VM state:not at safepoint (normal execution)

VM Mutex/Monitor currently owned by a thread: None

Heap
 PSYoungGen      total 18944K, used 5966K [0x00000000eaa80000, 0x00000000ebf80000, 0x0000000100000000)
  eden space 16384K, 20% used [0x00000000eaa80000,0x00000000eadd9140,0x00000000eba80000)
  from space 2560K, 99% used [0x00000000eba80000,0x00000000ebcfaaa8,0x00000000ebd00000)
  to   space 2560K, 0% used [0x00000000ebd00000,0x00000000ebd00000,0x00000000ebf80000)
 ParOldGen       total 42496K, used 1235K [0x00000000c0000000, 0x00000000c2980000, 0x00000000eaa80000)
  object space 42496K, 2% used [0x00000000c0000000,0x00000000c0134da8,0x00000000c2980000)
 PSPermGen       total 21504K, used 5699K [0x00000000bae00000, 0x00000000bc300000, 0x00000000c0000000)
  object space 21504K, 26% used [0x00000000bae00000,0x00000000bb390ee0,0x00000000bc300000)

Card table byte_map: [0x0000000001ae0000,0x0000000001d10000] byte_map_base: 0x0000000001509000

Polling page: 0x0000000001000000

Code Cache  [0x0000000003400000, 0x0000000003670000, 0x0000000006400000)
 total_blobs=376 nmethods=139 adapters=189 free_code_cache=48531Kb largest_free_block=49673920

Compilation events (10 events):
Event: 2.667 Thread 0x0000000008d46800 nmethod 135 0x0000000003498e10 code [0x0000000003498f80, 0x0000000003499358]
Event: 2.672 Thread 0x0000000008d44800  136             com.android.dx.ssa.SsaBasicBlock::getPredecessors (5 bytes)
Event: 2.673 Thread 0x0000000008d44800 nmethod 136 0x0000000003499b10 code [0x0000000003499c40, 0x0000000003499c98]
Event: 2.673 Thread 0x0000000008d46800  137             java.util.ArrayList::<init> (12 bytes)
Event: 2.674 Thread 0x0000000008d46800 nmethod 137 0x00000000034998d0 code [0x0000000003499a00, 0x0000000003499a78]
Event: 2.677 Thread 0x0000000008d44800  138             com.android.dx.ssa.DeadCodeRemover::hasSideEffect (11 bytes)
Event: 2.678 Thread 0x0000000008d46800  139             com.android.dx.ssa.NormalSsaInsn::getLocalAssignment (54 bytes)
Event: 2.680 Thread 0x0000000008d46800 nmethod 139 0x00000000034989d0 code [0x0000000003498b20, 0x0000000003498c18]
Event: 2.681 Thread 0x0000000008d46800  140             com.android.dx.ssa.back.LivenessAnalyzer::run (231 bytes)
Event: 2.682 Thread 0x0000000008d44800 nmethod 138 0x00000000034983d0 code [0x0000000003498520, 0x00000000034986b8]

GC Heap History (2 events):
Event: 2.359 GC heap before
{Heap before GC invocations=1 (full 0):
 PSYoungGen      total 18944K, used 16384K [0x00000000eaa80000, 0x00000000ebf80000, 0x0000000100000000)
  eden space 16384K, 100% used [0x00000000eaa80000,0x00000000eba80000,0x00000000eba80000)
  from space 2560K, 0% used [0x00000000ebd00000,0x00000000ebd00000,0x00000000ebf80000)
  to   space 2560K, 0% used [0x00000000eba80000,0x00000000eba80000,0x00000000ebd00000)
 ParOldGen       total 42496K, used 0K [0x00000000c0000000, 0x00000000c2980000, 0x00000000eaa80000)
  object space 42496K, 0% used [0x00000000c0000000,0x00000000c0000000,0x00000000c2980000)
 PSPermGen       total 21504K, used 5660K [0x00000000bae00000, 0x00000000bc300000, 0x00000000c0000000)
  object space 21504K, 26% used [0x00000000bae00000,0x00000000bb387380,0x00000000bc300000)
Event: 2.380 GC heap after
Heap after GC invocations=1 (full 0):
 PSYoungGen      total 18944K, used 2538K [0x00000000eaa80000, 0x00000000ebf80000, 0x0000000100000000)
  eden space 16384K, 0% used [0x00000000eaa80000,0x00000000eaa80000,0x00000000eba80000)
  from space 2560K, 99% used [0x00000000eba80000,0x00000000ebcfaaa8,0x00000000ebd00000)
  to   space 2560K, 0% used [0x00000000ebd00000,0x00000000ebd00000,0x00000000ebf80000)
 ParOldGen       total 42496K, used 1235K [0x00000000c0000000, 0x00000000c2980000, 0x00000000eaa80000)
  object space 42496K, 2% used [0x00000000c0000000,0x00000000c0134da8,0x00000000c2980000)
 PSPermGen       total 21504K, used 5660K [0x00000000bae00000, 0x00000000bc300000, 0x00000000c0000000)
  object space 21504K, 26% used [0x00000000bae00000,0x00000000bb387380,0x00000000bc300000)
}

Deoptimization events (3 events):
Event: 1.993 Thread 0x0000000001a1d800 Uncommon trap: reason=class_check action=maybe_recompile pc=0x0000000003472f18 method=com.android.dx.ssa.NormalSsaInsn.accept(Lcom/android/dx/ssa/SsaInsn$Visitor;)V @ 9
Event: 2.047 Thread 0x000000000a6fe000 Uncommon trap: reason=null_check action=make_not_entrant pc=0x0000000003484054 method=com.android.dx.rop.code.LocalItem.equals(Ljava/lang/Object;)Z @ 1
Event: 2.203 Thread 0x000000000a6fe000 Uncommon trap: reason=class_check action=maybe_recompile pc=0x0000000003472f18 method=com.android.dx.ssa.NormalSsaInsn.accept(Lcom/android/dx/ssa/SsaInsn$Visitor;)V @ 9

Internal exceptions (10 events):
Event: 1.921 Thread 0x000000000a6fe000 Threw 0x00000000eb7bb200 at C:\re\jdk7u79\2331\hotspot\src\share\vm\prims\jvm.cpp:1304
Event: 1.922 Thread 0x000000000a6fe000 Threw 0x00000000eb7be050 at C:\re\jdk7u79\2331\hotspot\src\share\vm\prims\jvm.cpp:1304
Event: 1.923 Thread 0x000000000a6fe000 Threw 0x00000000eb7c13d8 at C:\re\jdk7u79\2331\hotspot\src\share\vm\prims\jvm.cpp:1304
Event: 1.923 Thread 0x0000000001a1d800 Threw 0x00000000eb7a2010 at C:\re\jdk7u79\2331\hotspot\src\share\vm\prims\jvm.cpp:1304
Event: 1.924 Thread 0x000000000a6fe000 Threw 0x00000000eb7c5730 at C:\re\jdk7u79\2331\hotspot\src\share\vm\prims\jvm.cpp:1304
Event: 1.928 Thread 0x0000000001a1d800 Threw 0x00000000eb817c58 at C:\re\jdk7u79\2331\hotspot\src\share\vm\prims\jvm.cpp:1304
Event: 1.933 Thread 0x0000000001a1d800 Threw 0x00000000eb826e38 at C:\re\jdk7u79\2331\hotspot\src\share\vm\prims\jvm.cpp:1304
Event: 2.019 Thread 0x0000000001a1d800 Threw 0x00000000eb8c32d8 at C:\re\jdk7u79\2331\hotspot\src\share\vm\prims\jvm.cpp:1304
Event: 2.047 Thread 0x000000000a6fe000 Implicit null exception at 0x0000000003483c5b to 0x0000000003484041
Event: 2.253 Thread 0x000000000a6fe000 Threw 0x00000000eb9f3750 at C:\re\jdk7u79\2331\hotspot\src\share\vm\prims\jvm.cpp:1304

Events (10 events):
Event: 2.185 loading class 0x0000000001947100 done
Event: 2.203 Thread 0x000000000a6fe000 Uncommon trap: trap_request=0xffffffde fr.pc=0x0000000003472f18
Event: 2.203 Thread 0x000000000a6fe000 DEOPT PACKING pc=0x0000000003472f18 sp=0x000000000abaea60
Event: 2.203 Thread 0x000000000a6fe000 DEOPT UNPACKING pc=0x00000000034375a4 sp=0x000000000abae9b0 mode 2
Event: 2.253 loading class 0x000000000a9ab670
Event: 2.253 loading class 0x000000000a9ab670 done
Event: 2.266 loading class 0x000000000194def0
Event: 2.267 loading class 0x000000000194def0 done
Event: 2.359 Executing VM operation: ParallelGCFailedAllocation
Event: 2.380 Executing VM operation: ParallelGCFailedAllocation done


Dynamic libraries:
0x00007ff7191e0000 - 0x00007ff719213000 	C:\Program Files\Java\jdk1.7.0_79\bin\java.exe
0x00007ffc07ec0000 - 0x00007ffc08081000 	C:\WINDOWS\SYSTEM32\ntdll.dll
0x00007ffc06f40000 - 0x00007ffc06fed000 	C:\WINDOWS\system32\KERNEL32.DLL
0x00007ffc04f00000 - 0x00007ffc050e8000 	C:\WINDOWS\system32\KERNELBASE.dll
0x00007ffc07360000 - 0x00007ffc07407000 	C:\WINDOWS\system32\ADVAPI32.dll
0x00007ffc07b70000 - 0x00007ffc07c0d000 	C:\WINDOWS\system32\msvcrt.dll
0x00007ffc07b10000 - 0x00007ffc07b6b000 	C:\WINDOWS\system32\sechost.dll
0x00007ffc07410000 - 0x00007ffc0752c000 	C:\WINDOWS\system32\RPCRT4.dll
0x00007ffc07d60000 - 0x00007ffc07eb6000 	C:\WINDOWS\system32\USER32.dll
0x00007ffc07050000 - 0x00007ffc071d6000 	C:\WINDOWS\system32\GDI32.dll
0x00007ffbfc420000 - 0x00007ffbfc694000 	C:\WINDOWS\WinSxS\amd64_microsoft.windows.common-controls_6595b64144ccf1df_6.0.10586.494_none_a2d8b04ea53e3145\COMCTL32.dll
0x00007ffc07530000 - 0x00007ffc077ad000 	C:\WINDOWS\system32\combase.dll
0x00007ffc04d60000 - 0x00007ffc04dca000 	C:\WINDOWS\system32\bcryptPrimitives.dll
0x00007ffc07c90000 - 0x00007ffc07ccb000 	C:\WINDOWS\system32\IMM32.DLL
0x000000005def0000 - 0x000000005dfc2000 	C:\Program Files\Java\jdk1.7.0_79\jre\bin\msvcr100.dll
0x000000005e600000 - 0x000000005edd5000 	C:\Program Files\Java\jdk1.7.0_79\jre\bin\server\jvm.dll
0x00007ffc06820000 - 0x00007ffc06828000 	C:\WINDOWS\system32\PSAPI.DLL
0x00007ffc02710000 - 0x00007ffc02719000 	C:\WINDOWS\SYSTEM32\WSOCK32.dll
0x00007ffc07cf0000 - 0x00007ffc07d5b000 	C:\WINDOWS\system32\WS2_32.dll
0x00007ffc02040000 - 0x00007ffc02063000 	C:\WINDOWS\SYSTEM32\WINMM.dll
0x00007ffc02010000 - 0x00007ffc0203c000 	C:\WINDOWS\SYSTEM32\WINMMBASE.dll
0x00007ffc04eb0000 - 0x00007ffc04ef3000 	C:\WINDOWS\system32\cfgmgr32.dll
0x000000005e5f0000 - 0x000000005e5ff000 	C:\Program Files\Java\jdk1.7.0_79\jre\bin\verify.dll
0x000000005e5c0000 - 0x000000005e5e8000 	C:\Program Files\Java\jdk1.7.0_79\jre\bin\java.dll
0x000000005e5a0000 - 0x000000005e5b5000 	C:\Program Files\Java\jdk1.7.0_79\jre\bin\zip.dll
0x000000005e4d0000 - 0x000000005e4ea000 	C:\Program Files\Java\jdk1.7.0_79\jre\bin\net.dll
0x00007ffc03db0000 - 0x00007ffc03e0c000 	C:\WINDOWS\system32\mswsock.dll
0x000000005e4b0000 - 0x000000005e4c1000 	C:\Program Files\Java\jdk1.7.0_79\jre\bin\nio.dll

VM Arguments:
jvm_args: -Xmx1024M -Dfile.encoding=windows-1252 -Duser.country=US -Duser.language=en -Duser.variant 
java_command: com.android.dx.command.Main --dex --output C:\Users\OEM\Desktop\IndustryProject\AndroidProjects\NTECMobileApp\app\build\intermediates\pre-dexed\debug\classes-f21c2b5b22ede821a9b2b67cb6bf124ce5fed8a7.jar C:\Users\OEM\Desktop\IndustryProject\AndroidProjects\NTECMobileApp\app\build\intermediates\exploded-aar\com.android.support\design\23.4.0\classes.jar
Launcher Type: SUN_STANDARD

Environment Variables:
PATH=C:\Program Files\Java\jdk1.7.0_79\bin;C:\Program Files\Broadcom\Broadcom 802.11;C:\Program Files (x86)\Intel\iCLS Client\;C:\Program Files\Intel\iCLS Client\;C:\WINDOWS\system32;C:\WINDOWS;C:\WINDOWS\System32\Wbem;C:\WINDOWS\System32\WindowsPowerShell\v1.0\;C:\Program Files\Intel\Intel(R) Management Engine Components\DAL;C:\Program Files (x86)\Intel\Intel(R) Management Engine Components\DAL;C:\Program Files\Intel\Intel(R) Management Engine Components\IPT;C:\Program Files (x86)\Intel\Intel(R) Management Engine Components\IPT;C:\Program Files (x86)\Skype\Phone\;C:\Program Files\Java\jdk1.7.0_79\bin\;C:\WINDOWS\system32\config\systemprofile\.dnx\bin;C:\Program Files\Microsoft DNX\Dnvm\;C:\Program Files (x86)\Windows Kits\8.1\Windows Performance Toolkit\;C:\Program Files\Microsoft SQL Server\130\Tools\Binn\;C:\Program Files\Git\cmd;C:\Program Files\Oracle\VirtualBox;C:\Program Files (x86)\Brackets\command;C:\Program Files (x86)\OpenVPN\bin;C:\Program Files (x86)\nodejs\;C:\Users\OEM\AppData\Roaming\npm
USERNAME=OEM
OS=Windows_NT
PROCESSOR_IDENTIFIER=Intel64 Family 6 Model 69 Stepping 1, GenuineIntel



---------------  S Y S T E M  ---------------

OS: Windows 8.1 , 64 bit Build 9600 

CPU:total 4 (2 cores per cpu, 2 threads per core) family 6 model 69 stepping 1, cmov, cx8, fxsr, mmx, sse, sse2, sse3, ssse3, sse4.1, sse4.2, popcnt, avx, avx2, aes, erms, ht, tsc, tscinvbit

Memory: 4k page, physical 4113804k(358464k free), swap 6161804k(4136k free)

vm_info: Java HotSpot(TM) 64-Bit Server VM (24.79-b02) for windows-amd64 JRE (1.7.0_79-b15), built on Apr 10 2015 12:36:16 by "java_re" with unknown MS VC++:1600

time: Thu Aug 18 14:44:43 2016
elapsed time: 2 seconds

