#
# There is insufficient memory for the Java Runtime Environment to continue.
# Native memory allocation (malloc) failed to allocate 1340416 bytes for Chunk::new
# Possible reasons:
#   The system is out of physical RAM or swap space
#   In 32 bit mode, the process size limit was hit
# Possible solutions:
#   Reduce memory load on the system
#   Increase physical memory or swap space
#   Check if swap backing store is full
#   Use 64 bit Java on a 64 bit OS
#   Decrease Java heap size (-Xmx/-Xms)
#   Decrease number of Java threads
#   Decrease Java thread stack sizes (-Xss)
#   Set larger code cache with -XX:ReservedCodeCacheSize=
# This output file may be truncated or incomplete.
#
#  Out of Memory Error (allocation.cpp:323), pid=1656, tid=10420
#
# JRE version: Java(TM) SE Runtime Environment (7.0_79-b15) (build 1.7.0_79-b15)
# Java VM: Java HotSpot(TM) 64-Bit Server VM (24.79-b02 mixed mode windows-amd64 compressed oops)
# Failed to write core dump. Minidumps are not enabled by default on client versions of Windows
#

---------------  T H R E A D  ---------------

Current thread (0x0000000001d4c800):  JavaThread "C2 CompilerThread0" daemon [_thread_in_native, id=10420, stack(0x00000000099a0000,0x0000000009aa0000)]

Stack: [0x00000000099a0000,0x0000000009aa0000]

Current CompileTask:
C2:   5398  445             com.android.dx.rop.code.Rops::ropFor (771 bytes)


---------------  P R O C E S S  ---------------

Java Threads: ( => current thread )
  0x000000000a03c000 JavaThread "pool-2-thread-1" [_thread_blocked, id=8996, stack(0x000000000a2a0000,0x000000000a3a0000)]
  0x0000000009f59000 JavaThread "pool-1-thread-1" [_thread_in_vm, id=5296, stack(0x000000000a1a0000,0x000000000a2a0000)]
  0x0000000001d59800 JavaThread "Service Thread" daemon [_thread_blocked, id=6680, stack(0x0000000009ba0000,0x0000000009ca0000)]
  0x0000000001d4e800 JavaThread "C2 CompilerThread1" daemon [_thread_in_vm, id=10236, stack(0x0000000009aa0000,0x0000000009ba0000)]
=>0x0000000001d4c800 JavaThread "C2 CompilerThread0" daemon [_thread_in_native, id=10420, stack(0x00000000099a0000,0x0000000009aa0000)]
  0x0000000001d4c000 JavaThread "Attach Listener" daemon [_thread_blocked, id=5840, stack(0x00000000098a0000,0x00000000099a0000)]
  0x0000000001d48800 JavaThread "Signal Dispatcher" daemon [_thread_blocked, id=1052, stack(0x00000000097a0000,0x00000000098a0000)]
  0x0000000001d0f000 JavaThread "Finalizer" daemon [_thread_blocked, id=9224, stack(0x00000000096a0000,0x00000000097a0000)]
  0x0000000001d06000 JavaThread "Reference Handler" daemon [_thread_blocked, id=10844, stack(0x00000000095a0000,0x00000000096a0000)]
  0x000000000103d800 JavaThread "main" [_thread_in_vm, id=5408, stack(0x0000000000eb0000,0x0000000000fb0000)]

Other Threads:
  0x0000000001d01000 VMThread [stack: 0x0000000001ed0000,0x0000000001fd0000] [id=9004]
  0x0000000001d63800 WatcherThread [stack: 0x0000000009ca0000,0x0000000009da0000] [id=2960]

VM state:not at safepoint (normal execution)

VM Mutex/Monitor currently owned by a thread: None

Heap
 PSYoungGen      total 35328K, used 35166K [0x00000000eaa80000, 0x00000000eef80000, 0x0000000100000000)
  eden space 32768K, 99% used [0x00000000eaa80000,0x00000000eca58f50,0x00000000eca80000)
  from space 2560K, 99% used [0x00000000eca80000,0x00000000eccfead8,0x00000000ecd00000)
  to   space 2560K, 0% used [0x00000000eed00000,0x00000000eed00000,0x00000000eef80000)
 ParOldGen       total 42496K, used 7462K [0x00000000c0000000, 0x00000000c2980000, 0x00000000eaa80000)
  object space 42496K, 17% used [0x00000000c0000000,0x00000000c0749930,0x00000000c2980000)
 PSPermGen       total 21504K, used 5947K [0x00000000bae00000, 0x00000000bc300000, 0x00000000c0000000)
  object space 21504K, 27% used [0x00000000bae00000,0x00000000bb3cee48,0x00000000bc300000)

Card table byte_map: [0x0000000001200000,0x0000000001430000] byte_map_base: 0x0000000000c29000

Polling page: 0x0000000000720000

Code Cache  [0x0000000003400000, 0x0000000003670000, 0x0000000006400000)
 total_blobs=680 nmethods=443 adapters=189 free_code_cache=47273Kb largest_free_block=48349696

Compilation events (10 events):
Event: 5.310 Thread 0x0000000001d4c800 nmethod 443 0x00000000034a4750 code [0x00000000034a48c0, 0x00000000034a4c48]
Event: 5.310 Thread 0x0000000001d4c800  444             com.android.dx.rop.type.Type::isConstant (2 bytes)
Event: 5.310 Thread 0x0000000001d4c800 nmethod 444 0x000000000347ce10 code [0x000000000347cf40, 0x000000000347cf98]
Event: 5.311 Thread 0x0000000001d4c800  445             com.android.dx.rop.code.Rops::ropFor (771 bytes)
Event: 5.371 Thread 0x0000000001d4e800 nmethod 440 0x00000000035de990 code [0x00000000035ded40, 0x00000000035e1050]
Event: 5.372 Thread 0x0000000001d4e800  446             com.android.dx.cf.code.BaseMachine::getAuxCases (5 bytes)
Event: 5.372 Thread 0x0000000001d4e800 nmethod 446 0x00000000035a5410 code [0x00000000035a5540, 0x00000000035a5598]
Event: 5.372 Thread 0x0000000001d4e800  447             com.android.dx.cf.code.BaseMachine::getInitValues (5 bytes)
Event: 5.373 Thread 0x0000000001d4e800 nmethod 447 0x00000000035b2450 code [0x00000000035b2580, 0x00000000035b25d8]
Event: 5.373 Thread 0x0000000001d4e800  448             com.android.dx.util.LabeledList::rebuildLabelToIndex (46 bytes)

GC Heap History (6 events):
Event: 1.498 GC heap before
{Heap before GC invocations=1 (full 0):
 PSYoungGen      total 18944K, used 16384K [0x00000000eaa80000, 0x00000000ebf80000, 0x0000000100000000)
  eden space 16384K, 100% used [0x00000000eaa80000,0x00000000eba80000,0x00000000eba80000)
  from space 2560K, 0% used [0x00000000ebd00000,0x00000000ebd00000,0x00000000ebf80000)
  to   space 2560K, 0% used [0x00000000eba80000,0x00000000eba80000,0x00000000ebd00000)
 ParOldGen       total 42496K, used 0K [0x00000000c0000000, 0x00000000c2980000, 0x00000000eaa80000)
  object space 42496K, 0% used [0x00000000c0000000,0x00000000c0000000,0x00000000c2980000)
 PSPermGen       total 21504K, used 5584K [0x00000000bae00000, 0x00000000bc300000, 0x00000000c0000000)
  object space 21504K, 25% used [0x00000000bae00000,0x00000000bb374228,0x00000000bc300000)
Event: 1.548 GC heap after
Heap after GC invocations=1 (full 0):
 PSYoungGen      total 18944K, used 2552K [0x00000000eaa80000, 0x00000000ecf80000, 0x0000000100000000)
  eden space 16384K, 0% used [0x00000000eaa80000,0x00000000eaa80000,0x00000000eba80000)
  from space 2560K, 99% used [0x00000000eba80000,0x00000000ebcfe0b8,0x00000000ebd00000)
  to   space 2560K, 0% used [0x00000000ecd00000,0x00000000ecd00000,0x00000000ecf80000)
 ParOldGen       total 42496K, used 652K [0x00000000c0000000, 0x00000000c2980000, 0x00000000eaa80000)
  object space 42496K, 1% used [0x00000000c0000000,0x00000000c00a32d8,0x00000000c2980000)
 PSPermGen       total 21504K, used 5584K [0x00000000bae00000, 0x00000000bc300000, 0x00000000c0000000)
  object space 21504K, 25% used [0x00000000bae00000,0x00000000bb374228,0x00000000bc300000)
}
Event: 2.562 GC heap before
{Heap before GC invocations=2 (full 0):
 PSYoungGen      total 18944K, used 18936K [0x00000000eaa80000, 0x00000000ecf80000, 0x0000000100000000)
  eden space 16384K, 100% used [0x00000000eaa80000,0x00000000eba80000,0x00000000eba80000)
  from space 2560K, 99% used [0x00000000eba80000,0x00000000ebcfe0b8,0x00000000ebd00000)
  to   space 2560K, 0% used [0x00000000ecd00000,0x00000000ecd00000,0x00000000ecf80000)
 ParOldGen       total 42496K, used 652K [0x00000000c0000000, 0x00000000c2980000, 0x00000000eaa80000)
  object space 42496K, 1% used [0x00000000c0000000,0x00000000c00a32d8,0x00000000c2980000)
 PSPermGen       total 21504K, used 5844K [0x00000000bae00000, 0x00000000bc300000, 0x00000000c0000000)
  object space 21504K, 27% used [0x00000000bae00000,0x00000000bb3b5220,0x00000000bc300000)
Event: 2.575 GC heap after
Heap after GC invocations=2 (full 0):
 PSYoungGen      total 35328K, used 2552K [0x00000000eaa80000, 0x00000000ecf80000, 0x0000000100000000)
  eden space 32768K, 0% used [0x00000000eaa80000,0x00000000eaa80000,0x00000000eca80000)
  from space 2560K, 99% used [0x00000000ecd00000,0x00000000ecf7e2e8,0x00000000ecf80000)
  to   space 2560K, 0% used [0x00000000eca80000,0x00000000eca80000,0x00000000ecd00000)
 ParOldGen       total 42496K, used 2437K [0x00000000c0000000, 0x00000000c2980000, 0x00000000eaa80000)
  object space 42496K, 5% used [0x00000000c0000000,0x00000000c02615e0,0x00000000c2980000)
 PSPermGen       total 21504K, used 5844K [0x00000000bae00000, 0x00000000bc300000, 0x00000000c0000000)
  object space 21504K, 27% used [0x00000000bae00000,0x00000000bb3b5220,0x00000000bc300000)
}
Event: 4.067 GC heap before
{Heap before GC invocations=3 (full 0):
 PSYoungGen      total 35328K, used 35320K [0x00000000eaa80000, 0x00000000ecf80000, 0x0000000100000000)
  eden space 32768K, 100% used [0x00000000eaa80000,0x00000000eca80000,0x00000000eca80000)
  from space 2560K, 99% used [0x00000000ecd00000,0x00000000ecf7e2e8,0x00000000ecf80000)
  to   space 2560K, 0% used [0x00000000eca80000,0x00000000eca80000,0x00000000ecd00000)
 ParOldGen       total 42496K, used 2437K [0x00000000c0000000, 0x00000000c2980000, 0x00000000eaa80000)
  object space 42496K, 5% used [0x00000000c0000000,0x00000000c02615e0,0x00000000c2980000)
 PSPermGen       total 21504K, used 5922K [0x00000000bae00000, 0x00000000bc300000, 0x00000000c0000000)
  object space 21504K, 27% used [0x00000000bae00000,0x00000000bb3c8ac0,0x00000000bc300000)
Event: 4.085 GC heap after
Heap after GC invocations=3 (full 0):
 PSYoungGen      total 35328K, used 2554K [0x00000000eaa80000, 0x00000000eef80000, 0x0000000100000000)
  eden space 32768K, 0% used [0x00000000eaa80000,0x00000000eaa80000,0x00000000eca80000)
  from space 2560K, 99% used [0x00000000eca80000,0x00000000eccfead8,0x00000000ecd00000)
  to   space 2560K, 0% used [0x00000000eed00000,0x00000000eed00000,0x00000000eef80000)
 ParOldGen       total 42496K, used 7462K [0x00000000c0000000, 0x00000000c2980000, 0x00000000eaa80000)
  object space 42496K, 17% used [0x00000000c0000000,0x00000000c0749930,0x00000000c2980000)
 PSPermGen       total 21504K, used 5922K [0x00000000bae00000, 0x00000000bc300000, 0x00000000c0000000)
  object space 21504K, 27% used [0x00000000bae00000,0x00000000bb3c8ac0,0x00000000bc300000)
}

Deoptimization events (10 events):
Event: 3.811 Thread 0x0000000009f59000 Uncommon trap: reason=unreached action=reinterpret pc=0x00000000034e5c14 method=com.android.dx.ssa.SCCP.simulateBranch(Lcom/android/dx/ssa/SsaInsn;)V @ 132
Event: 3.910 Thread 0x0000000009f59000 Uncommon trap: reason=bimorphic action=maybe_recompile pc=0x0000000003549d00 method=com.android.dx.cf.code.BytecodeArray.parseInstruction(ILcom/android/dx/cf/code/BytecodeArray$Visitor;)I @ 1224
Event: 3.910 Thread 0x0000000009f59000 Uncommon trap: reason=bimorphic action=maybe_recompile pc=0x0000000003549d00 method=com.android.dx.cf.code.BytecodeArray.parseInstruction(ILcom/android/dx/cf/code/BytecodeArray$Visitor;)I @ 1224
Event: 4.001 Thread 0x000000000103d800 Uncommon trap: reason=uninitialized action=reinterpret pc=0x0000000003549608 method=com.android.dx.cf.code.BytecodeArray.parseInstruction(ILcom/android/dx/cf/code/BytecodeArray$Visitor;)I @ 999
Event: 4.012 Thread 0x000000000103d800 Uncommon trap: reason=bimorphic action=maybe_recompile pc=0x00000000034e3f50 method=java.util.HashMap.put(Ljava/lang/Object;Ljava/lang/Object;)Ljava/lang/Object; @ 83
Event: 4.012 Thread 0x000000000103d800 Uncommon trap: reason=bimorphic action=maybe_recompile pc=0x00000000034e3f50 method=java.util.HashMap.put(Ljava/lang/Object;Ljava/lang/Object;)Ljava/lang/Object; @ 83
Event: 4.013 Thread 0x000000000103d800 Uncommon trap: reason=bimorphic action=maybe_recompile pc=0x00000000034e3f50 method=java.util.HashMap.put(Ljava/lang/Object;Ljava/lang/Object;)Ljava/lang/Object; @ 83
Event: 4.013 Thread 0x000000000103d800 Uncommon trap: reason=bimorphic action=maybe_recompile pc=0x00000000034e3f50 method=java.util.HashMap.put(Ljava/lang/Object;Ljava/lang/Object;)Ljava/lang/Object; @ 83
Event: 4.509 Thread 0x000000000103d800 Uncommon trap: reason=class_check action=maybe_recompile pc=0x000000000352d1c0 method=com.android.dx.cf.code.Ropper.processBlock(Lcom/android/dx/cf/code/ByteBlock;Lcom/android/dx/cf/code/Frame;[I)V @ 777
Event: 4.520 Thread 0x000000000103d800 Uncommon trap: reason=class_check action=maybe_recompile pc=0x000000000352d1c0 method=com.android.dx.cf.code.Ropper.processBlock(Lcom/android/dx/cf/code/ByteBlock;Lcom/android/dx/cf/code/Frame;[I)V @ 777

Internal exceptions (10 events):
Event: 1.630 Thread 0x000000000103d800 Threw 0x00000000eac08250 at C:\re\jdk7u79\2331\hotspot\src\share\vm\prims\jvm.cpp:1304
Event: 1.788 Thread 0x0000000009f59000 Implicit null exception at 0x0000000003485728 to 0x0000000003485af9
Event: 1.976 Thread 0x0000000009f59000 Threw 0x00000000eb04a150 at C:\re\jdk7u79\2331\hotspot\src\share\vm\prims\jvm.cpp:1304
Event: 2.087 Thread 0x000000000103d800 Threw 0x00000000eb205c88 at C:\re\jdk7u79\2331\hotspot\src\share\vm\prims\jvm.cpp:1304
Event: 2.600 Thread 0x000000000103d800 Implicit null exception at 0x00000000034ce0ec to 0x00000000034cf4c1
Event: 2.757 Thread 0x000000000103d800 Implicit null exception at 0x00000000034c69c0 to 0x00000000034c757d
Event: 2.758 Thread 0x000000000103d800 Implicit null exception at 0x00000000034ca96b to 0x00000000034cb411
Event: 3.464 Thread 0x000000000103d800 Implicit null exception at 0x00000000034f8787 to 0x00000000034f8e65
Event: 3.620 Thread 0x000000000103d800 Threw 0x00000000ec19e410 at C:\re\jdk7u79\2331\hotspot\src\share\vm\prims\jvm.cpp:1304
Event: 4.816 Thread 0x000000000103d800 Threw 0x00000000ebe11e80 at C:\re\jdk7u79\2331\hotspot\src\share\vm\prims\jvm.cpp:1304

Events (10 events):
Event: 4.509 Thread 0x000000000103d800 DEOPT UNPACKING pc=0x00000000034375a4 sp=0x0000000000fae588 mode 2
Event: 4.519 Thread 0x000000000103d800 Uncommon trap: trap_request=0xffffffde fr.pc=0x000000000352d1c0
Event: 4.520 Thread 0x000000000103d800 DEOPT PACKING pc=0x000000000352d1c0 sp=0x0000000000fae600
Event: 4.520 Thread 0x000000000103d800 DEOPT UNPACKING pc=0x00000000034375a4 sp=0x0000000000fae588 mode 2
Event: 4.816 loading class 0x000000000a02f0e0
Event: 4.816 loading class 0x000000000a02f0e0 done
Event: 5.235 Thread 0x0000000001d4e800 flushing nmethod 0x0000000003475e50
Event: 5.236 Thread 0x0000000001d4e800 flushing nmethod 0x00000000034853d0
Event: 5.236 Thread 0x0000000001d4e800 flushing nmethod 0x0000000003491910
Event: 5.242 Thread 0x0000000001d4e800 flushing nmethod 0x00000000034a2ed0


Dynamic libraries:
0x00007ff7191e0000 - 0x00007ff719213000 	C:\Program Files\Java\jdk1.7.0_79\bin\java.exe
0x00007ffc07ec0000 - 0x00007ffc08081000 	C:\WINDOWS\SYSTEM32\ntdll.dll
0x00007ffc06f40000 - 0x00007ffc06fed000 	C:\WINDOWS\system32\KERNEL32.DLL
0x00007ffc04f00000 - 0x00007ffc050e8000 	C:\WINDOWS\system32\KERNELBASE.dll
0x00007ffc07360000 - 0x00007ffc07407000 	C:\WINDOWS\system32\ADVAPI32.dll
0x00007ffc07b70000 - 0x00007ffc07c0d000 	C:\WINDOWS\system32\msvcrt.dll
0x00007ffc07b10000 - 0x00007ffc07b6b000 	C:\WINDOWS\system32\sechost.dll
0x00007ffc07410000 - 0x00007ffc0752c000 	C:\WINDOWS\system32\RPCRT4.dll
0x00007ffc07d60000 - 0x00007ffc07eb6000 	C:\WINDOWS\system32\USER32.dll
0x00007ffc07050000 - 0x00007ffc071d6000 	C:\WINDOWS\system32\GDI32.dll
0x00007ffbfc420000 - 0x00007ffbfc694000 	C:\WINDOWS\WinSxS\amd64_microsoft.windows.common-controls_6595b64144ccf1df_6.0.10586.494_none_a2d8b04ea53e3145\COMCTL32.dll
0x00007ffc07530000 - 0x00007ffc077ad000 	C:\WINDOWS\system32\combase.dll
0x00007ffc04d60000 - 0x00007ffc04dca000 	C:\WINDOWS\system32\bcryptPrimitives.dll
0x00007ffc07c90000 - 0x00007ffc07ccb000 	C:\WINDOWS\system32\IMM32.DLL
0x000000005def0000 - 0x000000005dfc2000 	C:\Program Files\Java\jdk1.7.0_79\jre\bin\msvcr100.dll
0x000000005e600000 - 0x000000005edd5000 	C:\Program Files\Java\jdk1.7.0_79\jre\bin\server\jvm.dll
0x00007ffc06820000 - 0x00007ffc06828000 	C:\WINDOWS\system32\PSAPI.DLL
0x00007ffc02710000 - 0x00007ffc02719000 	C:\WINDOWS\SYSTEM32\WSOCK32.dll
0x00007ffc02040000 - 0x00007ffc02063000 	C:\WINDOWS\SYSTEM32\WINMM.dll
0x00007ffc07cf0000 - 0x00007ffc07d5b000 	C:\WINDOWS\system32\WS2_32.dll
0x00007ffc02010000 - 0x00007ffc0203c000 	C:\WINDOWS\SYSTEM32\winmmbase.dll
0x00007ffc04eb0000 - 0x00007ffc04ef3000 	C:\WINDOWS\system32\cfgmgr32.dll
0x000000005e5f0000 - 0x000000005e5ff000 	C:\Program Files\Java\jdk1.7.0_79\jre\bin\verify.dll
0x000000005e5c0000 - 0x000000005e5e8000 	C:\Program Files\Java\jdk1.7.0_79\jre\bin\java.dll
0x000000005e5a0000 - 0x000000005e5b5000 	C:\Program Files\Java\jdk1.7.0_79\jre\bin\zip.dll
0x000000005e4d0000 - 0x000000005e4ea000 	C:\Program Files\Java\jdk1.7.0_79\jre\bin\net.dll
0x00007ffc03db0000 - 0x00007ffc03e0c000 	C:\WINDOWS\system32\mswsock.dll
0x000000005e4b0000 - 0x000000005e4c1000 	C:\Program Files\Java\jdk1.7.0_79\jre\bin\nio.dll

VM Arguments:
jvm_args: -Xmx1024M -Dfile.encoding=windows-1252 -Duser.country=US -Duser.language=en -Duser.variant 
java_command: com.android.dx.command.Main --dex --output C:\Users\OEM\Desktop\IndustryProject\AndroidProjects\NTECMobileApp\app\build\intermediates\pre-dexed\debug\classes-9a49a7ccfeb37e0c128e264c59a54e65d7fde040.jar C:\Users\OEM\Desktop\IndustryProject\AndroidProjects\NTECMobileApp\app\build\intermediates\exploded-aar\com.android.support\appcompat-v7\23.4.0\classes.jar
Launcher Type: SUN_STANDARD

Environment Variables:
PATH=C:\Program Files\Java\jdk1.7.0_79\bin;C:\Program Files\Broadcom\Broadcom 802.11;C:\Program Files (x86)\Intel\iCLS Client\;C:\Program Files\Intel\iCLS Client\;C:\WINDOWS\system32;C:\WINDOWS;C:\WINDOWS\System32\Wbem;C:\WINDOWS\System32\WindowsPowerShell\v1.0\;C:\Program Files\Intel\Intel(R) Management Engine Components\DAL;C:\Program Files (x86)\Intel\Intel(R) Management Engine Components\DAL;C:\Program Files\Intel\Intel(R) Management Engine Components\IPT;C:\Program Files (x86)\Intel\Intel(R) Management Engine Components\IPT;C:\Program Files (x86)\Skype\Phone\;C:\Program Files\Java\jdk1.7.0_79\bin\;C:\WINDOWS\system32\config\systemprofile\.dnx\bin;C:\Program Files\Microsoft DNX\Dnvm\;C:\Program Files (x86)\Windows Kits\8.1\Windows Performance Toolkit\;C:\Program Files\Microsoft SQL Server\130\Tools\Binn\;C:\Program Files\Git\cmd;C:\Program Files\Oracle\VirtualBox;C:\Program Files (x86)\Brackets\command;C:\Program Files (x86)\OpenVPN\bin;C:\Program Files (x86)\nodejs\;C:\Users\OEM\AppData\Roaming\npm
USERNAME=OEM
OS=Windows_NT
PROCESSOR_IDENTIFIER=Intel64 Family 6 Model 69 Stepping 1, GenuineIntel



---------------  S Y S T E M  ---------------

OS: Windows 8.1 , 64 bit Build 9600 

CPU:total 4 (2 cores per cpu, 2 threads per core) family 6 model 69 stepping 1, cmov, cx8, fxsr, mmx, sse, sse2, sse3, ssse3, sse4.1, sse4.2, popcnt, avx, avx2, aes, erms, ht, tsc, tscinvbit

Memory: 4k page, physical 4113804k(410856k free), swap 6161804k(5620k free)

vm_info: Java HotSpot(TM) 64-Bit Server VM (24.79-b02) for windows-amd64 JRE (1.7.0_79-b15), built on Apr 10 2015 12:36:16 by "java_re" with unknown MS VC++:1600

time: Thu Aug 18 15:19:07 2016
elapsed time: 5 seconds

