#
# There is insufficient memory for the Java Runtime Environment to continue.
# Native memory allocation (malloc) failed to allocate 32744 bytes for ChunkPool::allocate
# Possible reasons:
#   The system is out of physical RAM or swap space
#   In 32 bit mode, the process size limit was hit
# Possible solutions:
#   Reduce memory load on the system
#   Increase physical memory or swap space
#   Check if swap backing store is full
#   Use 64 bit Java on a 64 bit OS
#   Decrease Java heap size (-Xmx/-Xms)
#   Decrease number of Java threads
#   Decrease Java thread stack sizes (-Xss)
#   Set larger code cache with -XX:ReservedCodeCacheSize=
# This output file may be truncated or incomplete.
#
#  Out of Memory Error (allocation.cpp:211), pid=7700, tid=12196
#
# JRE version: Java(TM) SE Runtime Environment (7.0_79-b15) (build 1.7.0_79-b15)
# Java VM: Java HotSpot(TM) 64-Bit Server VM (24.79-b02 mixed mode windows-amd64 compressed oops)
# Failed to write core dump. Minidumps are not enabled by default on client versions of Windows
#

---------------  T H R E A D  ---------------

Current thread (0x0000000008b46800):  JavaThread "C2 CompilerThread1" daemon [_thread_in_native, id=12196, stack(0x000000000a1c0000,0x000000000a2c0000)]

Stack: [0x000000000a1c0000,0x000000000a2c0000]

Current CompileTask:
C2:   5092  283   !         com.android.dx.cf.code.BytecodeArray::parseInstruction (2764 bytes)


---------------  P R O C E S S  ---------------

Java Threads: ( => current thread )
  0x000000000a5ff800 JavaThread "pool-2-thread-1" [_thread_blocked, id=11744, stack(0x000000000a9c0000,0x000000000aac0000)]
  0x0000000008b9c800 JavaThread "pool-1-thread-1" [_thread_in_Java, id=6260, stack(0x000000000a8c0000,0x000000000a9c0000)]
  0x0000000008b59000 JavaThread "Service Thread" daemon [_thread_blocked, id=10728, stack(0x000000000a2c0000,0x000000000a3c0000)]
=>0x0000000008b46800 JavaThread "C2 CompilerThread1" daemon [_thread_in_native, id=12196, stack(0x000000000a1c0000,0x000000000a2c0000)]
  0x0000000008b44800 JavaThread "C2 CompilerThread0" daemon [_thread_in_native, id=11816, stack(0x000000000a0c0000,0x000000000a1c0000)]
  0x0000000008b44000 JavaThread "Attach Listener" daemon [_thread_blocked, id=5672, stack(0x0000000009fc0000,0x000000000a0c0000)]
  0x0000000008b41000 JavaThread "Signal Dispatcher" daemon [_thread_blocked, id=8816, stack(0x0000000009ec0000,0x0000000009fc0000)]
  0x0000000008b09800 JavaThread "Finalizer" daemon [_thread_blocked, id=1108, stack(0x0000000009dc0000,0x0000000009ec0000)]
  0x0000000008b06000 JavaThread "Reference Handler" daemon [_thread_blocked, id=11828, stack(0x0000000009cc0000,0x0000000009dc0000)]
  0x000000000152d800 JavaThread "main" [_thread_in_Java, id=6016, stack(0x00000000015e0000,0x00000000016e0000)]

Other Threads:
  0x0000000008b02000 VMThread [stack: 0x0000000009bc0000,0x0000000009cc0000] [id=5908]
  0x0000000008b63000 WatcherThread [stack: 0x000000000a3c0000,0x000000000a4c0000] [id=7508]

VM state:not at safepoint (normal execution)

VM Mutex/Monitor currently owned by a thread: None

Heap
 PSYoungGen      total 35328K, used 13231K [0x00000000eaa80000, 0x00000000ecf80000, 0x0000000100000000)
  eden space 32768K, 32% used [0x00000000eaa80000,0x00000000eb4ecdf0,0x00000000eca80000)
  from space 2560K, 99% used [0x00000000ecd00000,0x00000000ecf7f0f0,0x00000000ecf80000)
  to   space 2560K, 0% used [0x00000000eca80000,0x00000000eca80000,0x00000000ecd00000)
 ParOldGen       total 42496K, used 2928K [0x00000000c0000000, 0x00000000c2980000, 0x00000000eaa80000)
  object space 42496K, 6% used [0x00000000c0000000,0x00000000c02dc310,0x00000000c2980000)
 PSPermGen       total 21504K, used 5806K [0x00000000bae00000, 0x00000000bc300000, 0x00000000c0000000)
  object space 21504K, 27% used [0x00000000bae00000,0x00000000bb3aba80,0x00000000bc300000)

Card table byte_map: [0x00000000018a0000,0x0000000001ad0000] byte_map_base: 0x00000000012c9000

Polling page: 0x0000000000de0000

Code Cache  [0x0000000003400000, 0x0000000003670000, 0x0000000006400000)
 total_blobs=518 nmethods=282 adapters=188 free_code_cache=48094Kb largest_free_block=49217728

Compilation events (10 events):
Event: 4.967 Thread 0x0000000008b46800 nmethod 278 0x00000000034ebf10 code [0x00000000034ec040, 0x00000000034ec098]
Event: 4.981 Thread 0x0000000008b44800 nmethod 275 0x000000000350ba10 code [0x000000000350bc60, 0x000000000350cea8]
Event: 4.988 Thread 0x0000000008b46800  279             com.android.dx.rop.code.RegisterSpecSet::equals (106 bytes)
Event: 4.989 Thread 0x0000000008b44800  280             com.android.dx.ssa.SsaRenamer$BlockRenamer::processResultReg (56 bytes)
Event: 4.999 Thread 0x0000000008b44800 nmethod 280 0x00000000034f5dd0 code [0x00000000034f5f20, 0x00000000034f6208]
Event: 5.004 Thread 0x0000000008b46800 nmethod 279 0x00000000034f55d0 code [0x00000000034f5720, 0x00000000034f5b38]
Event: 5.010 Thread 0x0000000008b44800  282             com.android.dx.cf.code.ByteOps::opInfo (6 bytes)
Event: 5.010 Thread 0x0000000008b46800  283   !         com.android.dx.cf.code.BytecodeArray::parseInstruction (2764 bytes)
Event: 5.011 Thread 0x0000000008b44800 nmethod 282 0x00000000034f5350 code [0x00000000034f5480, 0x00000000034f54d8]
Event: 5.015 Thread 0x0000000008b44800  284   !         com.android.dx.cf.code.Ropper::processBlock (1101 bytes)

GC Heap History (4 events):
Event: 2.028 GC heap before
{Heap before GC invocations=1 (full 0):
 PSYoungGen      total 18944K, used 16384K [0x00000000eaa80000, 0x00000000ebf80000, 0x0000000100000000)
  eden space 16384K, 100% used [0x00000000eaa80000,0x00000000eba80000,0x00000000eba80000)
  from space 2560K, 0% used [0x00000000ebd00000,0x00000000ebd00000,0x00000000ebf80000)
  to   space 2560K, 0% used [0x00000000eba80000,0x00000000eba80000,0x00000000ebd00000)
 ParOldGen       total 42496K, used 0K [0x00000000c0000000, 0x00000000c2980000, 0x00000000eaa80000)
  object space 42496K, 0% used [0x00000000c0000000,0x00000000c0000000,0x00000000c2980000)
 PSPermGen       total 21504K, used 5571K [0x00000000bae00000, 0x00000000bc300000, 0x00000000c0000000)
  object space 21504K, 25% used [0x00000000bae00000,0x00000000bb370ec8,0x00000000bc300000)
Event: 2.072 GC heap after
Heap after GC invocations=1 (full 0):
 PSYoungGen      total 18944K, used 2538K [0x00000000eaa80000, 0x00000000ecf80000, 0x0000000100000000)
  eden space 16384K, 0% used [0x00000000eaa80000,0x00000000eaa80000,0x00000000eba80000)
  from space 2560K, 99% used [0x00000000eba80000,0x00000000ebcfaa38,0x00000000ebd00000)
  to   space 2560K, 0% used [0x00000000ecd00000,0x00000000ecd00000,0x00000000ecf80000)
 ParOldGen       total 42496K, used 1154K [0x00000000c0000000, 0x00000000c2980000, 0x00000000eaa80000)
  object space 42496K, 2% used [0x00000000c0000000,0x00000000c01208d0,0x00000000c2980000)
 PSPermGen       total 21504K, used 5571K [0x00000000bae00000, 0x00000000bc300000, 0x00000000c0000000)
  object space 21504K, 25% used [0x00000000bae00000,0x00000000bb370ec8,0x00000000bc300000)
}
Event: 4.002 GC heap before
{Heap before GC invocations=2 (full 0):
 PSYoungGen      total 18944K, used 18922K [0x00000000eaa80000, 0x00000000ecf80000, 0x0000000100000000)
  eden space 16384K, 100% used [0x00000000eaa80000,0x00000000eba80000,0x00000000eba80000)
  from space 2560K, 99% used [0x00000000eba80000,0x00000000ebcfaa38,0x00000000ebd00000)
  to   space 2560K, 0% used [0x00000000ecd00000,0x00000000ecd00000,0x00000000ecf80000)
 ParOldGen       total 42496K, used 1154K [0x00000000c0000000, 0x00000000c2980000, 0x00000000eaa80000)
  object space 42496K, 2% used [0x00000000c0000000,0x00000000c01208d0,0x00000000c2980000)
 PSPermGen       total 21504K, used 5780K [0x00000000bae00000, 0x00000000bc300000, 0x00000000c0000000)
  object space 21504K, 26% used [0x00000000bae00000,0x00000000bb3a53c8,0x00000000bc300000)
Event: 4.073 GC heap after
Heap after GC invocations=2 (full 0):
 PSYoungGen      total 35328K, used 2556K [0x00000000eaa80000, 0x00000000ecf80000, 0x0000000100000000)
  eden space 32768K, 0% used [0x00000000eaa80000,0x00000000eaa80000,0x00000000eca80000)
  from space 2560K, 99% used [0x00000000ecd00000,0x00000000ecf7f0f0,0x00000000ecf80000)
  to   space 2560K, 0% used [0x00000000eca80000,0x00000000eca80000,0x00000000ecd00000)
 ParOldGen       total 42496K, used 2928K [0x00000000c0000000, 0x00000000c2980000, 0x00000000eaa80000)
  object space 42496K, 6% used [0x00000000c0000000,0x00000000c02dc310,0x00000000c2980000)
 PSPermGen       total 21504K, used 5780K [0x00000000bae00000, 0x00000000bc300000, 0x00000000c0000000)
  object space 21504K, 26% used [0x00000000bae00000,0x00000000bb3a53c8,0x00000000bc300000)
}

Deoptimization events (2 events):
Event: 3.576 Thread 0x000000000152d800 Uncommon trap: reason=null_check action=make_not_entrant pc=0x00000000034c5650 method=com.android.dx.rop.type.Type.putIntern(Lcom/android/dx/rop/type/Type;)Lcom/android/dx/rop/type/Type; @ 18
Event: 4.885 Thread 0x000000000152d800 Uncommon trap: reason=null_check action=make_not_entrant pc=0x000000000350189c method=com.android.dx.cf.code.Ropper$CatchInfo.getSetup(Lcom/android/dx/rop/type/Type;)Lcom/android/dx/cf/code/Ropper$ExceptionHandlerSetup; @ 10

Internal exceptions (10 events):
Event: 1.502 Thread 0x000000000152d800 Threw 0x00000000eb59f500 at C:\re\jdk7u79\2331\hotspot\src\share\vm\prims\jvm.cpp:1304
Event: 1.511 Thread 0x0000000008b9c800 Threw 0x00000000eb568910 at C:\re\jdk7u79\2331\hotspot\src\share\vm\prims\jvm.cpp:1304
Event: 1.517 Thread 0x0000000008b9c800 Threw 0x00000000eb5ca170 at C:\re\jdk7u79\2331\hotspot\src\share\vm\prims\jvm.cpp:1304
Event: 1.521 Thread 0x0000000008b9c800 Threw 0x00000000eb5d1af8 at C:\re\jdk7u79\2331\hotspot\src\share\vm\prims\jvm.cpp:1304
Event: 1.618 Thread 0x000000000152d800 Threw 0x00000000eb70e828 at C:\re\jdk7u79\2331\hotspot\src\share\vm\prims\jvm.cpp:1304
Event: 2.214 Thread 0x000000000152d800 Threw 0x00000000eac1d0f0 at C:\re\jdk7u79\2331\hotspot\src\share\vm\prims\jvm.cpp:1304
Event: 3.252 Thread 0x000000000152d800 Threw 0x00000000eb46c600 at C:\re\jdk7u79\2331\hotspot\src\share\vm\prims\jvm.cpp:1304
Event: 3.255 Thread 0x0000000008b9c800 Threw 0x00000000eb4a2e98 at C:\re\jdk7u79\2331\hotspot\src\share\vm\prims\jvm.cpp:1304
Event: 3.576 Thread 0x000000000152d800 Implicit null exception at 0x00000000034c4f57 to 0x00000000034c5645
Event: 4.885 Thread 0x000000000152d800 Implicit null exception at 0x00000000034ff98d to 0x0000000003501891

Events (10 events):
Event: 3.576 Thread 0x000000000152d800 Uncommon trap: trap_request=0xfffffff4 fr.pc=0x00000000034c5650
Event: 3.576 Thread 0x000000000152d800 DEOPT PACKING pc=0x00000000034c5650 sp=0x00000000016de710
Event: 3.576 Thread 0x000000000152d800 DEOPT UNPACKING pc=0x00000000034375a4 sp=0x00000000016de630 mode 2
Event: 3.962 Executing VM operation: ParallelGCFailedAllocation
Event: 4.073 Executing VM operation: ParallelGCFailedAllocation done
Event: 4.805 Executing VM operation: EnableBiasedLocking
Event: 4.880 Executing VM operation: EnableBiasedLocking done
Event: 4.885 Thread 0x000000000152d800 Uncommon trap: trap_request=0xfffffff4 fr.pc=0x000000000350189c
Event: 4.885 Thread 0x000000000152d800 DEOPT PACKING pc=0x000000000350189c sp=0x00000000016de390
Event: 4.885 Thread 0x000000000152d800 DEOPT UNPACKING pc=0x00000000034375a4 sp=0x00000000016de2d8 mode 2


Dynamic libraries:
0x00007ff7f7510000 - 0x00007ff7f7543000 	C:\Program Files\Java\jdk1.7.0_79\bin\java.exe
0x00007ff8f5800000 - 0x00007ff8f59c1000 	C:\WINDOWS\SYSTEM32\ntdll.dll
0x00007ff8f3570000 - 0x00007ff8f361d000 	C:\WINDOWS\system32\KERNEL32.DLL
0x00007ff8f21e0000 - 0x00007ff8f23c8000 	C:\WINDOWS\system32\KERNELBASE.dll
0x00007ff8f2e80000 - 0x00007ff8f2f27000 	C:\WINDOWS\system32\ADVAPI32.dll
0x00007ff8f34d0000 - 0x00007ff8f356d000 	C:\WINDOWS\system32\msvcrt.dll
0x00007ff8f3d50000 - 0x00007ff8f3dab000 	C:\WINDOWS\system32\sechost.dll
0x00007ff8f5680000 - 0x00007ff8f579c000 	C:\WINDOWS\system32\RPCRT4.dll
0x00007ff8f5520000 - 0x00007ff8f5676000 	C:\WINDOWS\system32\USER32.dll
0x00007ff8f3b50000 - 0x00007ff8f3cd6000 	C:\WINDOWS\system32\GDI32.dll
0x00007ff8eb770000 - 0x00007ff8eb9e4000 	C:\WINDOWS\WinSxS\amd64_microsoft.windows.common-controls_6595b64144ccf1df_6.0.10586.494_none_a2d8b04ea53e3145\COMCTL32.dll
0x00007ff8f2c00000 - 0x00007ff8f2e7d000 	C:\WINDOWS\system32\combase.dll
0x00007ff8f2170000 - 0x00007ff8f21da000 	C:\WINDOWS\system32\bcryptPrimitives.dll
0x00007ff8f57c0000 - 0x00007ff8f57fb000 	C:\WINDOWS\system32\IMM32.DLL
0x0000000073ec0000 - 0x0000000073f92000 	C:\Program Files\Java\jdk1.7.0_79\jre\bin\msvcr100.dll
0x00000000745a0000 - 0x0000000074d75000 	C:\Program Files\Java\jdk1.7.0_79\jre\bin\server\jvm.dll
0x00007ff8f3a90000 - 0x00007ff8f3a98000 	C:\WINDOWS\system32\PSAPI.DLL
0x00007ff8ef560000 - 0x00007ff8ef569000 	C:\WINDOWS\SYSTEM32\WSOCK32.dll
0x00007ff8f3790000 - 0x00007ff8f37fb000 	C:\WINDOWS\system32\WS2_32.dll
0x00007ff8f0640000 - 0x00007ff8f0663000 	C:\WINDOWS\SYSTEM32\WINMM.dll
0x00007ff8f05b0000 - 0x00007ff8f05dc000 	C:\WINDOWS\SYSTEM32\WINMMBASE.dll
0x00007ff8f2560000 - 0x00007ff8f25a3000 	C:\WINDOWS\system32\cfgmgr32.dll
0x0000000074590000 - 0x000000007459f000 	C:\Program Files\Java\jdk1.7.0_79\jre\bin\verify.dll
0x0000000074560000 - 0x0000000074588000 	C:\Program Files\Java\jdk1.7.0_79\jre\bin\java.dll
0x0000000074540000 - 0x0000000074555000 	C:\Program Files\Java\jdk1.7.0_79\jre\bin\zip.dll
0x0000000074520000 - 0x000000007453a000 	C:\Program Files\Java\jdk1.7.0_79\jre\bin\net.dll
0x00007ff8f16f0000 - 0x00007ff8f174c000 	C:\WINDOWS\system32\mswsock.dll
0x0000000074500000 - 0x0000000074511000 	C:\Program Files\Java\jdk1.7.0_79\jre\bin\nio.dll

VM Arguments:
jvm_args: -Xmx1024M -Dfile.encoding=windows-1252 -Duser.country=US -Duser.language=en -Duser.variant 
java_command: com.android.dx.command.Main --dex --output C:\Users\OEM\Desktop\IndustryProject\AndroidProjects\NTECMobileApp\app\build\intermediates\pre-dexed\debug\classes-733424b901b21fb5d09d2819d59587ce7ded7ec3.jar C:\Users\OEM\Desktop\IndustryProject\AndroidProjects\NTECMobileApp\app\build\intermediates\exploded-aar\com.google.android.gms\play-services-maps\9.4.0\classes.jar
Launcher Type: SUN_STANDARD

Environment Variables:
JAVA_HOME=C:\Program Files\Java\jdk1.7.0_79
JRE_HOME=C:\Program Files\Java\jre1.8.0_101
PATH=C:\ProgramData\Oracle\Java\javapath;C:\Program Files\Java\jdk1.7.0_79\bin;C:\Program Files\Broadcom\Broadcom 802.11;C:\Program Files (x86)\Intel\iCLS Client\;C:\Program Files\Intel\iCLS Client\;C:\WINDOWS\system32;C:\WINDOWS;C:\WINDOWS\System32\Wbem;C:\WINDOWS\System32\WindowsPowerShell\v1.0\;C:\Program Files\Intel\Intel(R) Management Engine Components\DAL;C:\Program Files (x86)\Intel\Intel(R) Management Engine Components\DAL;C:\Program Files\Intel\Intel(R) Management Engine Components\IPT;C:\Program Files (x86)\Intel\Intel(R) Management Engine Components\IPT;C:\Program Files (x86)\Skype\Phone\;C:\Program Files\Java\jdk1.7.0_79\bin\;C:\WINDOWS\system32\config\systemprofile\.dnx\bin;C:\Program Files\Microsoft DNX\Dnvm\;C:\Program Files (x86)\Windows Kits\8.1\Windows Performance Toolkit\;C:\Program Files\Microsoft SQL Server\130\Tools\Binn\;C:\Program Files\Git\cmd;C:\Program Files\Oracle\VirtualBox;C:\Program Files (x86)\Brackets\command;C:\Program Files (x86)\OpenVPN\bin;"C:\Program Files\Java\jdk1.7.0_79\bin";C:\Program Files (x86)\Windows Live\Shared;C:\Users\OEM\AppData\Roaming\npm
USERNAME=OEM
OS=Windows_NT
PROCESSOR_IDENTIFIER=Intel64 Family 6 Model 69 Stepping 1, GenuineIntel



---------------  S Y S T E M  ---------------

OS: Windows 8.1 , 64 bit Build 9600 

CPU:total 4 (2 cores per cpu, 2 threads per core) family 6 model 69 stepping 1, cmov, cx8, fxsr, mmx, sse, sse2, sse3, ssse3, sse4.1, sse4.2, popcnt, avx, avx2, aes, erms, ht, tsc, tscinvbit

Memory: 4k page, physical 4113804k(462276k free), swap 6161804k(5136k free)

vm_info: Java HotSpot(TM) 64-Bit Server VM (24.79-b02) for windows-amd64 JRE (1.7.0_79-b15), built on Apr 10 2015 12:36:16 by "java_re" with unknown MS VC++:1600

time: Sun Sep 25 23:12:45 2016
elapsed time: 5 seconds

