#
# There is insufficient memory for the Java Runtime Environment to continue.
# Native memory allocation (malloc) failed to allocate 321616 bytes for Chunk::new
# Possible reasons:
#   The system is out of physical RAM or swap space
#   In 32 bit mode, the process size limit was hit
# Possible solutions:
#   Reduce memory load on the system
#   Increase physical memory or swap space
#   Check if swap backing store is full
#   Use 64 bit Java on a 64 bit OS
#   Decrease Java heap size (-Xmx/-Xms)
#   Decrease number of Java threads
#   Decrease Java thread stack sizes (-Xss)
#   Set larger code cache with -XX:ReservedCodeCacheSize=
# This output file may be truncated or incomplete.
#
#  Out of Memory Error (allocation.cpp:323), pid=3892, tid=8552
#
# JRE version: Java(TM) SE Runtime Environment (7.0_79-b15) (build 1.7.0_79-b15)
# Java VM: Java HotSpot(TM) 64-Bit Server VM (24.79-b02 mixed mode windows-amd64 compressed oops)
# Failed to write core dump. Minidumps are not enabled by default on client versions of Windows
#

---------------  T H R E A D  ---------------

Current thread (0x000000000fddd000):  JavaThread "C2 CompilerThread0" daemon [_thread_in_native, id=8552, stack(0x0000000011240000,0x0000000011340000)]

Stack: [0x0000000011240000,0x0000000011340000]

Current CompileTask:
C2:   6825  687             com.android.dx.ssa.back.FirstFitLocalCombiningAllocator::handleCheckCastResults (413 bytes)


---------------  P R O C E S S  ---------------

Java Threads: ( => current thread )
  0x0000000011800800 JavaThread "pool-3-thread-1" [_thread_blocked, id=2760, stack(0x0000000011b40000,0x0000000011c40000)]
  0x0000000011959800 JavaThread "pool-2-thread-1" [_thread_in_Java, id=5908, stack(0x0000000011a40000,0x0000000011b40000)]
  0x000000000fdf2000 JavaThread "Service Thread" daemon [_thread_blocked, id=9584, stack(0x0000000011440000,0x0000000011540000)]
  0x000000000fde0800 JavaThread "C2 CompilerThread1" daemon [_thread_in_native, id=5192, stack(0x0000000011340000,0x0000000011440000)]
=>0x000000000fddd000 JavaThread "C2 CompilerThread0" daemon [_thread_in_native, id=8552, stack(0x0000000011240000,0x0000000011340000)]
  0x000000000fddb800 JavaThread "Attach Listener" daemon [_thread_blocked, id=8416, stack(0x0000000011140000,0x0000000011240000)]
  0x000000000fdd8800 JavaThread "Signal Dispatcher" daemon [_thread_blocked, id=9016, stack(0x0000000011040000,0x0000000011140000)]
  0x000000000fda0000 JavaThread "Finalizer" daemon [_thread_blocked, id=1428, stack(0x0000000010f40000,0x0000000011040000)]
  0x000000000fd96000 JavaThread "Reference Handler" daemon [_thread_blocked, id=692, stack(0x0000000010e40000,0x0000000010f40000)]
  0x000000000137d800 JavaThread "main" [_thread_in_Java, id=5676, stack(0x00000000017e0000,0x00000000018e0000)]

Other Threads:
  0x000000000fd92000 VMThread [stack: 0x0000000010d40000,0x0000000010e40000] [id=4752]
  0x000000000fe04000 WatcherThread [stack: 0x0000000011540000,0x0000000011640000] [id=11052]

VM state:not at safepoint (normal execution)

VM Mutex/Monitor currently owned by a thread: None

Heap
 PSYoungGen      total 138240K, used 33943K [0x00000007aaa80000, 0x00000007bcc80000, 0x0000000800000000)
  eden space 126464K, 17% used [0x00000007aaa80000,0x00000007ac02ccc0,0x00000007b2600000)
  from space 11776K, 99% used [0x00000007b2600000,0x00000007b3179178,0x00000007b3180000)
  to   space 22016K, 0% used [0x00000007bb700000,0x00000007bb700000,0x00000007bcc80000)
 ParOldGen       total 42496K, used 28144K [0x0000000700000000, 0x0000000702980000, 0x00000007aaa80000)
  object space 42496K, 66% used [0x0000000700000000,0x0000000701b7c280,0x0000000702980000)
 PSPermGen       total 21504K, used 6051K [0x00000006fae00000, 0x00000006fc300000, 0x0000000700000000)
  object space 21504K, 28% used [0x00000006fae00000,0x00000006fb3e8e28,0x00000006fc300000)

Card table byte_map: [0x0000000006400000,0x0000000006c30000] byte_map_base: 0x0000000002c29000

Polling page: 0x0000000001270000

Code Cache  [0x0000000003400000, 0x00000000036a0000, 0x0000000006400000)
 total_blobs=916 nmethods=679 adapters=189 free_code_cache=46606Kb largest_free_block=47622144

Compilation events (10 events):
