#
# There is insufficient memory for the Java Runtime Environment to continue.
# Native memory allocation (malloc) failed to allocate 1048576 bytes for AllocateHeap
# Possible reasons:
#   The system is out of physical RAM or swap space
#   In 32 bit mode, the process size limit was hit
# Possible solutions:
#   Reduce memory load on the system
#   Increase physical memory or swap space
#   Check if swap backing store is full
#   Use 64 bit Java on a 64 bit OS
#   Decrease Java heap size (-Xmx/-Xms)
#   Decrease number of Java threads
#   Decrease Java thread stack sizes (-Xss)
#   Set larger code cache with -XX:ReservedCodeCacheSize=
# This output file may be truncated or incomplete.
#
#  Out of Memory Error (memory/allocation.inline.hpp:61), pid=7800, tid=10840
#
# JRE version:  (7.0_79-b15) (build )
# Java VM: Java HotSpot(TM) 64-Bit Server VM (24.79-b02 mixed mode windows-amd64 compressed oops)
# Failed to write core dump. Minidumps are not enabled by default on client versions of Windows
#

---------------  T H R E A D  ---------------

Current thread (0x00000000014cd800):  JavaThread "Unknown thread" [_thread_in_vm, id=10840, stack(0x00000000018b0000,0x00000000019b0000)]

Stack: [0x00000000018b0000,0x00000000019b0000]

---------------  P R O C E S S  ---------------

Java Threads: ( => current thread )

Other Threads:

=>0x00000000014cd800 (exited) JavaThread "Unknown thread" [_thread_in_vm, id=10840, stack(0x00000000018b0000,0x00000000019b0000)]

VM state:not at safepoint (normal execution)

VM Mutex/Monitor currently owned by a thread: None

Heap
 PSYoungGen      total 18944K, used 327K [0x00000000eaa80000, 0x00000000ebf80000, 0x0000000100000000)
  eden space 16384K, 2% used [0x00000000eaa80000,0x00000000eaad1f10,0x00000000eba80000)
  from space 2560K, 0% used [0x00000000ebd00000,0x00000000ebd00000,0x00000000ebf80000)
  to   space 2560K, 0% used [0x00000000eba80000,0x00000000eba80000,0x00000000ebd00000)
 ParOldGen       total 42496K, used 0K [0x00000000c0000000, 0x00000000c2980000, 0x00000000eaa80000)
  object space 42496K, 0% used [0x00000000c0000000,0x00000000c0000000,0x00000000c2980000)
 PSPermGen       total 21504K, used 697K [0x00000000bae00000, 0x00000000bc300000, 0x00000000c0000000)
  object space 21504K, 3% used [0x00000000bae00000,0x00000000baeae588,0x00000000bc300000)

Card table byte_map: [0x0000000001c20000,0x0000000001e50000] byte_map_base: 0x0000000001649000

Polling page: 0x0000000001470000

Code Cache  [0x0000000003400000, 0x0000000003670000, 0x0000000006400000)
 total_blobs=38 nmethods=0 adapters=20 free_code_cache=48889Kb largest_free_block=50062528

Compilation events (0 events):
No events

GC Heap History (0 events):
No events

Deoptimization events (0 events):
No events

Internal exceptions (0 events):
No events

Events (10 events):
Event: 0.184 loading class 0x0000000001aa7260
Event: 0.185 loading class 0x0000000001aa7260 done
Event: 0.185 loading class 0x0000000001aa72b0
Event: 0.185 loading class 0x0000000001aa72b0 done
Event: 0.185 loading class 0x0000000001aa7300
Event: 0.185 loading class 0x0000000001aa7300 done
Event: 0.186 loading class 0x0000000001aa8080
Event: 0.186 loading class 0x0000000001aa8080 done
Event: 0.186 loading class 0x0000000001aa7ca0
Event: 0.187 loading class 0x0000000001aa7ca0 done


Dynamic libraries:
0x00007ff7191e0000 - 0x00007ff719213000 	C:\Program Files\Java\jdk1.7.0_79\bin\java.exe
0x00007ffc07ec0000 - 0x00007ffc08081000 	C:\WINDOWS\SYSTEM32\ntdll.dll
0x00007ffc06f40000 - 0x00007ffc06fed000 	C:\WINDOWS\system32\KERNEL32.DLL
0x00007ffc04f00000 - 0x00007ffc050e8000 	C:\WINDOWS\system32\KERNELBASE.dll
0x00007ffc07360000 - 0x00007ffc07407000 	C:\WINDOWS\system32\ADVAPI32.dll
0x00007ffc07b70000 - 0x00007ffc07c0d000 	C:\WINDOWS\system32\msvcrt.dll
0x00007ffc07b10000 - 0x00007ffc07b6b000 	C:\WINDOWS\system32\sechost.dll
0x00007ffc07410000 - 0x00007ffc0752c000 	C:\WINDOWS\system32\RPCRT4.dll
0x00007ffc07d60000 - 0x00007ffc07eb6000 	C:\WINDOWS\system32\USER32.dll
0x00007ffc07050000 - 0x00007ffc071d6000 	C:\WINDOWS\system32\GDI32.dll
0x00007ffbfc420000 - 0x00007ffbfc694000 	C:\WINDOWS\WinSxS\amd64_microsoft.windows.common-controls_6595b64144ccf1df_6.0.10586.494_none_a2d8b04ea53e3145\COMCTL32.dll
0x00007ffc07530000 - 0x00007ffc077ad000 	C:\WINDOWS\system32\combase.dll
0x00007ffc04d60000 - 0x00007ffc04dca000 	C:\WINDOWS\system32\bcryptPrimitives.dll
0x00007ffc07c90000 - 0x00007ffc07ccb000 	C:\WINDOWS\system32\IMM32.DLL
0x000000005def0000 - 0x000000005dfc2000 	C:\Program Files\Java\jdk1.7.0_79\jre\bin\msvcr100.dll
0x000000005e600000 - 0x000000005edd5000 	C:\Program Files\Java\jdk1.7.0_79\jre\bin\server\jvm.dll
0x00007ffc06820000 - 0x00007ffc06828000 	C:\WINDOWS\system32\PSAPI.DLL
0x00007ffc02710000 - 0x00007ffc02719000 	C:\WINDOWS\SYSTEM32\WSOCK32.dll
0x00007ffc07cf0000 - 0x00007ffc07d5b000 	C:\WINDOWS\system32\WS2_32.dll
0x00007ffc02040000 - 0x00007ffc02063000 	C:\WINDOWS\SYSTEM32\WINMM.dll
0x00007ffc02010000 - 0x00007ffc0203c000 	C:\WINDOWS\SYSTEM32\WINMMBASE.dll
0x00007ffc04eb0000 - 0x00007ffc04ef3000 	C:\WINDOWS\system32\cfgmgr32.dll
0x000000005e5f0000 - 0x000000005e5ff000 	C:\Program Files\Java\jdk1.7.0_79\jre\bin\verify.dll
0x000000005e5c0000 - 0x000000005e5e8000 	C:\Program Files\Java\jdk1.7.0_79\jre\bin\java.dll
0x000000005e5a0000 - 0x000000005e5b5000 	C:\Program Files\Java\jdk1.7.0_79\jre\bin\zip.dll

VM Arguments:
jvm_args: -Xmx1024M -Dfile.encoding=windows-1252 -Duser.country=US -Duser.language=en -Duser.variant 
java_command: com.android.dx.command.Main --dex --output C:\Users\OEM\Desktop\IndustryProject\AndroidProjects\NTECMobileApp\app\build\intermediates\pre-dexed\debug\classes-39fdcb195b3a0c5a6cbf592fe51b550eb9055861.jar C:\Users\OEM\Desktop\IndustryProject\AndroidProjects\NTECMobileApp\app\build\intermediates\exploded-aar\com.github.paolorotolo\appintro\4.0.0\classes.jar
Launcher Type: SUN_STANDARD

Environment Variables:
PATH=C:\Program Files\Java\jdk1.7.0_79\bin;C:\Program Files\Broadcom\Broadcom 802.11;C:\Program Files (x86)\Intel\iCLS Client\;C:\Program Files\Intel\iCLS Client\;C:\WINDOWS\system32;C:\WINDOWS;C:\WINDOWS\System32\Wbem;C:\WINDOWS\System32\WindowsPowerShell\v1.0\;C:\Program Files\Intel\Intel(R) Management Engine Components\DAL;C:\Program Files (x86)\Intel\Intel(R) Management Engine Components\DAL;C:\Program Files\Intel\Intel(R) Management Engine Components\IPT;C:\Program Files (x86)\Intel\Intel(R) Management Engine Components\IPT;C:\Program Files (x86)\Skype\Phone\;C:\Program Files\Java\jdk1.7.0_79\bin\;C:\WINDOWS\system32\config\systemprofile\.dnx\bin;C:\Program Files\Microsoft DNX\Dnvm\;C:\Program Files (x86)\Windows Kits\8.1\Windows Performance Toolkit\;C:\Program Files\Microsoft SQL Server\130\Tools\Binn\;C:\Program Files\Git\cmd;C:\Program Files\Oracle\VirtualBox;C:\Program Files (x86)\Brackets\command;C:\Program Files (x86)\OpenVPN\bin;C:\Program Files (x86)\nodejs\;C:\Users\OEM\AppData\Roaming\npm
USERNAME=OEM
OS=Windows_NT
PROCESSOR_IDENTIFIER=Intel64 Family 6 Model 69 Stepping 1, GenuineIntel



---------------  S Y S T E M  ---------------

OS: Windows 8.1 , 64 bit Build 9600 

CPU:total 4 (2 cores per cpu, 2 threads per core) family 6 model 69 stepping 1, cmov, cx8, fxsr, mmx, sse, sse2, sse3, ssse3, sse4.1, sse4.2, popcnt, avx, avx2, aes, erms, ht, tsc, tscinvbit

Memory: 4k page, physical 4113804k(654912k free), swap 6161804k(3808k free)

vm_info: Java HotSpot(TM) 64-Bit Server VM (24.79-b02) for windows-amd64 JRE (1.7.0_79-b15), built on Apr 10 2015 12:36:16 by "java_re" with unknown MS VC++:1600

time: Thu Aug 18 15:03:26 2016
elapsed time: 0 seconds

