#
# There is insufficient memory for the Java Runtime Environment to continue.
# Native memory allocation (malloc) failed to allocate 1180896 bytes for Chunk::new
# Possible reasons:
#   The system is out of physical RAM or swap space
#   In 32 bit mode, the process size limit was hit
# Possible solutions:
#   Reduce memory load on the system
#   Increase physical memory or swap space
#   Check if swap backing store is full
#   Use 64 bit Java on a 64 bit OS
#   Decrease Java heap size (-Xmx/-Xms)
#   Decrease number of Java threads
#   Decrease Java thread stack sizes (-Xss)
#   Set larger code cache with -XX:ReservedCodeCacheSize=
# This output file may be truncated or incomplete.
#
#  Out of Memory Error (allocation.cpp:323), pid=4392, tid=4248
#
# JRE version: Java(TM) SE Runtime Environment (7.0_79-b15) (build 1.7.0_79-b15)
# Java VM: Java HotSpot(TM) 64-Bit Server VM (24.79-b02 mixed mode windows-amd64 compressed oops)
# Failed to write core dump. Minidumps are not enabled by default on client versions of Windows
#

---------------  T H R E A D  ---------------

Current thread (0x0000000001dcf000):  JavaThread "C2 CompilerThread1" daemon [_thread_in_native, id=4248, stack(0x0000000009b70000,0x0000000009c70000)]

Stack: [0x0000000009b70000,0x0000000009c70000]

Current CompileTask:
C2:   5485  483   !         com.android.dx.cf.code.Ropper::processBlock (1101 bytes)


---------------  P R O C E S S  ---------------

Java Threads: ( => current thread )
  0x000000000a0e6000 JavaThread "pool-2-thread-1" [_thread_blocked, id=9932, stack(0x000000000a370000,0x000000000a470000)]
  0x000000000a0e5800 JavaThread "pool-1-thread-1" [_thread_blocked, id=11084, stack(0x000000000a270000,0x000000000a370000)]
  0x0000000001dd9800 JavaThread "Service Thread" daemon [_thread_blocked, id=928, stack(0x0000000009c70000,0x0000000009d70000)]
=>0x0000000001dcf000 JavaThread "C2 CompilerThread1" daemon [_thread_in_native, id=4248, stack(0x0000000009b70000,0x0000000009c70000)]
  0x0000000001dcd000 JavaThread "C2 CompilerThread0" daemon [_thread_in_native, id=9496, stack(0x0000000009a70000,0x0000000009b70000)]
  0x0000000001dcc000 JavaThread "Attach Listener" daemon [_thread_blocked, id=10100, stack(0x0000000009970000,0x0000000009a70000)]
  0x0000000001dc8800 JavaThread "Signal Dispatcher" daemon [_thread_blocked, id=3432, stack(0x0000000009870000,0x0000000009970000)]
  0x0000000001d8f000 JavaThread "Finalizer" daemon [_thread_blocked, id=9364, stack(0x0000000009770000,0x0000000009870000)]
  0x0000000001d86000 JavaThread "Reference Handler" daemon [_thread_blocked, id=9580, stack(0x0000000009670000,0x0000000009770000)]
  0x0000000000f8d800 JavaThread "main" [_thread_in_Java, id=9896, stack(0x0000000000f90000,0x0000000001090000)]

Other Threads:
  0x0000000001d81000 VMThread [stack: 0x0000000009570000,0x0000000009670000] [id=9584]
  0x0000000001de3800 WatcherThread [stack: 0x0000000009d70000,0x0000000009e70000] [id=7532]

VM state:not at safepoint (normal execution)

VM Mutex/Monitor currently owned by a thread: None

Heap
 PSYoungGen      total 35328K, used 28806K [0x00000000eaa80000, 0x00000000ef980000, 0x0000000100000000)
  eden space 32768K, 80% used [0x00000000eaa80000,0x00000000ec425900,0x00000000eca80000)
  from space 2560K, 99% used [0x00000000eca80000,0x00000000eccfc2e0,0x00000000ecd00000)
  to   space 7680K, 0% used [0x00000000ef200000,0x00000000ef200000,0x00000000ef980000)
 ParOldGen       total 42496K, used 13924K [0x00000000c0000000, 0x00000000c2980000, 0x00000000eaa80000)
  object space 42496K, 32% used [0x00000000c0000000,0x00000000c0d991d0,0x00000000c2980000)
 PSPermGen       total 21504K, used 5977K [0x00000000bae00000, 0x00000000bc300000, 0x00000000c0000000)
  object space 21504K, 27% used [0x00000000bae00000,0x00000000bb3d64e0,0x00000000bc300000)

Card table byte_map: [0x0000000001250000,0x0000000001480000] byte_map_base: 0x0000000000c79000

Polling page: 0x00000000007f0000

Code Cache  [0x0000000003400000, 0x0000000003670000, 0x0000000006400000)
 total_blobs=708 nmethods=471 adapters=189 free_code_cache=47147Kb largest_free_block=48235520

Compilation events (10 events):
Event: 5.254 Thread 0x0000000001dcf000 nmethod 478 0x00000000035d2f50 code [0x00000000035d30c0, 0x00000000035d35f8]
Event: 5.254 Thread 0x0000000001dcf000  479             com.android.dx.rop.cst.CstMemberRef::getNat (5 bytes)
Event: 5.255 Thread 0x0000000001dcf000 nmethod 479 0x00000000035d2d50 code [0x00000000035d2e80, 0x00000000035d2ed8]
Event: 5.255 Thread 0x0000000001dcf000  480             com.android.dx.dex.code.RopTranslator$TranslationVisitor::setBlock (11 bytes)
Event: 5.255 Thread 0x0000000001dcf000 nmethod 480 0x00000000035d2b50 code [0x00000000035d2c80, 0x00000000035d2cf8]
Event: 5.255 Thread 0x0000000001dcf000  481             com.android.dx.rop.code.Insn$BaseVisitor::visitPlainInsn (1 bytes)
Event: 5.256 Thread 0x0000000001dcf000 nmethod 481 0x00000000035d2950 code [0x00000000035d2a80, 0x00000000035d2ad8]
Event: 5.256 Thread 0x0000000001dcf000  482             com.android.dx.dex.code.RopTranslator$LocalVariableAwareTranslationVisitor::visitPlainInsn (11 bytes)
Event: 5.308 Thread 0x0000000001dcf000 nmethod 482 0x00000000035fc950 code [0x00000000035fcb80, 0x00000000035fde40]
Event: 5.308 Thread 0x0000000001dcf000  483   !         com.android.dx.cf.code.Ropper::processBlock (1101 bytes)

GC Heap History (10 events):
Event: 1.095 GC heap before
{Heap before GC invocations=1 (full 0):
 PSYoungGen      total 18944K, used 16384K [0x00000000eaa80000, 0x00000000ebf80000, 0x0000000100000000)
  eden space 16384K, 100% used [0x00000000eaa80000,0x00000000eba80000,0x00000000eba80000)
  from space 2560K, 0% used [0x00000000ebd00000,0x00000000ebd00000,0x00000000ebf80000)
  to   space 2560K, 0% used [0x00000000eba80000,0x00000000eba80000,0x00000000ebd00000)
 ParOldGen       total 42496K, used 0K [0x00000000c0000000, 0x00000000c2980000, 0x00000000eaa80000)
  object space 42496K, 0% used [0x00000000c0000000,0x00000000c0000000,0x00000000c2980000)
 PSPermGen       total 21504K, used 5623K [0x00000000bae00000, 0x00000000bc300000, 0x00000000c0000000)
  object space 21504K, 26% used [0x00000000bae00000,0x00000000bb37dc48,0x00000000bc300000)
Event: 1.103 GC heap after
Heap after GC invocations=1 (full 0):
 PSYoungGen      total 18944K, used 2532K [0x00000000eaa80000, 0x00000000ebf80000, 0x0000000100000000)
  eden space 16384K, 0% used [0x00000000eaa80000,0x00000000eaa80000,0x00000000eba80000)
  from space 2560K, 98% used [0x00000000eba80000,0x00000000ebcf9288,0x00000000ebd00000)
  to   space 2560K, 0% used [0x00000000ebd00000,0x00000000ebd00000,0x00000000ebf80000)
 ParOldGen       total 42496K, used 1253K [0x00000000c0000000, 0x00000000c2980000, 0x00000000eaa80000)
  object space 42496K, 2% used [0x00000000c0000000,0x00000000c0139550,0x00000000c2980000)
 PSPermGen       total 21504K, used 5623K [0x00000000bae00000, 0x00000000bc300000, 0x00000000c0000000)
  object space 21504K, 26% used [0x00000000bae00000,0x00000000bb37dc48,0x00000000bc300000)
}
Event: 1.937 GC heap before
{Heap before GC invocations=2 (full 0):
 PSYoungGen      total 18944K, used 18916K [0x00000000eaa80000, 0x00000000ebf80000, 0x0000000100000000)
  eden space 16384K, 100% used [0x00000000eaa80000,0x00000000eba80000,0x00000000eba80000)
  from space 2560K, 98% used [0x00000000eba80000,0x00000000ebcf9288,0x00000000ebd00000)
  to   space 2560K, 0% used [0x00000000ebd00000,0x00000000ebd00000,0x00000000ebf80000)
 ParOldGen       total 42496K, used 1253K [0x00000000c0000000, 0x00000000c2980000, 0x00000000eaa80000)
  object space 42496K, 2% used [0x00000000c0000000,0x00000000c0139550,0x00000000c2980000)
 PSPermGen       total 21504K, used 5852K [0x00000000bae00000, 0x00000000bc300000, 0x00000000c0000000)
  object space 21504K, 27% used [0x00000000bae00000,0x00000000bb3b7118,0x00000000bc300000)
Event: 1.951 GC heap after
Heap after GC invocations=2 (full 0):
 PSYoungGen      total 18944K, used 2535K [0x00000000eaa80000, 0x00000000ecf80000, 0x0000000100000000)
  eden space 16384K, 0% used [0x00000000eaa80000,0x00000000eaa80000,0x00000000eba80000)
  from space 2560K, 99% used [0x00000000ebd00000,0x00000000ebf79c78,0x00000000ebf80000)
  to   space 2560K, 0% used [0x00000000eba80000,0x00000000eba80000,0x00000000ebd00000)
 ParOldGen       total 42496K, used 3313K [0x00000000c0000000, 0x00000000c2980000, 0x00000000eaa80000)
  object space 42496K, 7% used [0x00000000c0000000,0x00000000c033c608,0x00000000c2980000)
 PSPermGen       total 21504K, used 5852K [0x00000000bae00000, 0x00000000bc300000, 0x00000000c0000000)
  object space 21504K, 27% used [0x00000000bae00000,0x00000000bb3b7118,0x00000000bc300000)
}
Event: 2.504 GC heap before
{Heap before GC invocations=3 (full 0):
 PSYoungGen      total 18944K, used 18919K [0x00000000eaa80000, 0x00000000ecf80000, 0x0000000100000000)
  eden space 16384K, 100% used [0x00000000eaa80000,0x00000000eba80000,0x00000000eba80000)
  from space 2560K, 99% used [0x00000000ebd00000,0x00000000ebf79c78,0x00000000ebf80000)
  to   space 2560K, 0% used [0x00000000eba80000,0x00000000eba80000,0x00000000ebd00000)
 ParOldGen       total 42496K, used 3313K [0x00000000c0000000, 0x00000000c2980000, 0x00000000eaa80000)
  object space 42496K, 7% used [0x00000000c0000000,0x00000000c033c608,0x00000000c2980000)
 PSPermGen       total 21504K, used 5904K [0x00000000bae00000, 0x00000000bc300000, 0x00000000c0000000)
  object space 21504K, 27% used [0x00000000bae00000,0x00000000bb3c40d0,0x00000000bc300000)
Event: 2.519 GC heap after
Heap after GC invocations=3 (full 0):
 PSYoungGen      total 18944K, used 2544K [0x00000000eaa80000, 0x00000000ecf80000, 0x0000000100000000)
  eden space 16384K, 0% used [0x00000000eaa80000,0x00000000eaa80000,0x00000000eba80000)
  from space 2560K, 99% used [0x00000000eba80000,0x00000000ebcfc2c0,0x00000000ebd00000)
  to   space 2560K, 0% used [0x00000000ecd00000,0x00000000ecd00000,0x00000000ecf80000)
 ParOldGen       total 42496K, used 6385K [0x00000000c0000000, 0x00000000c2980000, 0x00000000eaa80000)
  object space 42496K, 15% used [0x00000000c0000000,0x00000000c063c510,0x00000000c2980000)
 PSPermGen       total 21504K, used 5904K [0x00000000bae00000, 0x00000000bc300000, 0x00000000c0000000)
  object space 21504K, 27% used [0x00000000bae00000,0x00000000bb3c40d0,0x00000000bc300000)
}
Event: 3.254 GC heap before
{Heap before GC invocations=4 (full 0):
 PSYoungGen      total 18944K, used 18928K [0x00000000eaa80000, 0x00000000ecf80000, 0x0000000100000000)
  eden space 16384K, 100% used [0x00000000eaa80000,0x00000000eba80000,0x00000000eba80000)
  from space 2560K, 99% used [0x00000000eba80000,0x00000000ebcfc2c0,0x00000000ebd00000)
  to   space 2560K, 0% used [0x00000000ecd00000,0x00000000ecd00000,0x00000000ecf80000)
 ParOldGen       total 42496K, used 6385K [0x00000000c0000000, 0x00000000c2980000, 0x00000000eaa80000)
  object space 42496K, 15% used [0x00000000c0000000,0x00000000c063c510,0x00000000c2980000)
 PSPermGen       total 21504K, used 5933K [0x00000000bae00000, 0x00000000bc300000, 0x00000000c0000000)
  object space 21504K, 27% used [0x00000000bae00000,0x00000000bb3cb7a8,0x00000000bc300000)
Event: 3.272 GC heap after
Heap after GC invocations=4 (full 0):
 PSYoungGen      total 35328K, used 2545K [0x00000000eaa80000, 0x00000000ecf80000, 0x0000000100000000)
  eden space 32768K, 0% used [0x00000000eaa80000,0x00000000eaa80000,0x00000000eca80000)
  from space 2560K, 99% used [0x00000000ecd00000,0x00000000ecf7c568,0x00000000ecf80000)
  to   space 2560K, 0% used [0x00000000eca80000,0x00000000eca80000,0x00000000ecd00000)
 ParOldGen       total 42496K, used 9012K [0x00000000c0000000, 0x00000000c2980000, 0x00000000eaa80000)
  object space 42496K, 21% used [0x00000000c0000000,0x00000000c08cd038,0x00000000c2980000)
 PSPermGen       total 21504K, used 5933K [0x00000000bae00000, 0x00000000bc300000, 0x00000000c0000000)
  object space 21504K, 27% used [0x00000000bae00000,0x00000000bb3cb7a8,0x00000000bc300000)
}
Event: 4.483 GC heap before
{Heap before GC invocations=5 (full 0):
 PSYoungGen      total 35328K, used 35313K [0x00000000eaa80000, 0x00000000ecf80000, 0x0000000100000000)
  eden space 32768K, 100% used [0x00000000eaa80000,0x00000000eca80000,0x00000000eca80000)
  from space 2560K, 99% used [0x00000000ecd00000,0x00000000ecf7c568,0x00000000ecf80000)
  to   space 2560K, 0% used [0x00000000eca80000,0x00000000eca80000,0x00000000ecd00000)
 ParOldGen       total 42496K, used 9012K [0x00000000c0000000, 0x00000000c2980000, 0x00000000eaa80000)
  object space 42496K, 21% used [0x00000000c0000000,0x00000000c08cd038,0x00000000c2980000)
 PSPermGen       total 21504K, used 5958K [0x00000000bae00000, 0x00000000bc300000, 0x00000000c0000000)
  object space 21504K, 27% used [0x00000000bae00000,0x00000000bb3d1a88,0x00000000bc300000)
Event: 4.517 GC heap after
Heap after GC invocations=5 (full 0):
 PSYoungGen      total 35328K, used 2544K [0x00000000eaa80000, 0x00000000ef980000, 0x0000000100000000)
  eden space 32768K, 0% used [0x00000000eaa80000,0x00000000eaa80000,0x00000000eca80000)
  from space 2560K, 99% used [0x00000000eca80000,0x00000000eccfc2e0,0x00000000ecd00000)
  to   space 7680K, 0% used [0x00000000ef200000,0x00000000ef200000,0x00000000ef980000)
 ParOldGen       total 42496K, used 13924K [0x00000000c0000000, 0x00000000c2980000, 0x00000000eaa80000)
  object space 42496K, 32% used [0x00000000c0000000,0x00000000c0d991d0,0x00000000c2980000)
 PSPermGen       total 21504K, used 5958K [0x00000000bae00000, 0x00000000bc300000, 0x00000000c0000000)
  object space 21504K, 27% used [0x00000000bae00000,0x00000000bb3d1a88,0x00000000bc300000)
}

Deoptimization events (10 events):
Event: 3.327 Thread 0x0000000000f8d800 Uncommon trap: reason=bimorphic action=maybe_recompile pc=0x0000000003528870 method=com.android.dx.cf.code.BytecodeArray.parseInstruction(ILcom/android/dx/cf/code/BytecodeArray$Visitor;)I @ 955
Event: 3.327 Thread 0x0000000000f8d800 Uncommon trap: reason=bimorphic action=maybe_recompile pc=0x0000000003528870 method=com.android.dx.cf.code.BytecodeArray.parseInstruction(ILcom/android/dx/cf/code/BytecodeArray$Visitor;)I @ 955
Event: 3.637 Thread 0x000000000a0e5800 Uncommon trap: reason=unreached action=reinterpret pc=0x00000000034ec9a8 method=com.android.dx.rop.code.LocalVariableExtractor.processBlock(I)V @ 195
Event: 4.138 Thread 0x0000000000f8d800 Uncommon trap: reason=unloaded action=reinterpret pc=0x00000000035686e0 method=com.android.dx.cf.cst.ConstantPoolParser.parse0(ILjava/util/BitSet;)Lcom/android/dx/rop/cst/Constant; @ 220
Event: 5.086 Thread 0x000000000a0e5800 Uncommon trap: reason=unreached action=reinterpret pc=0x00000000034cac68 method=com.android.dx.rop.code.LocalItem.compareHandlesNulls(Lcom/android/dx/rop/cst/CstString;Lcom/android/dx/rop/cst/CstString;)I @ 14
Event: 5.086 Thread 0x000000000a0e5800 Uncommon trap: reason=unreached action=reinterpret pc=0x000000000356e490 method=com.android.dx.rop.code.LocalItem.compareHandlesNulls(Lcom/android/dx/rop/cst/CstString;Lcom/android/dx/rop/cst/CstString;)I @ 14
Event: 5.087 Thread 0x000000000a0e5800 Uncommon trap: reason=unreached action=reinterpret pc=0x0000000003520120 method=com.android.dx.rop.code.LocalItem.compareHandlesNulls(Lcom/android/dx/rop/cst/CstString;Lcom/android/dx/rop/cst/CstString;)I @ 14
Event: 5.089 Thread 0x000000000a0e5800 Uncommon trap: reason=unreached action=reinterpret pc=0x00000000034f5bb8 method=com.android.dx.rop.code.LocalItem.compareHandlesNulls(Lcom/android/dx/rop/cst/CstString;Lcom/android/dx/rop/cst/CstString;)I @ 8
Event: 5.089 Thread 0x000000000a0e5800 Uncommon trap: reason=unreached action=reinterpret pc=0x0000000003581e94 method=com.android.dx.rop.code.LocalItem.compareHandlesNulls(Lcom/android/dx/rop/cst/CstString;Lcom/android/dx/rop/cst/CstString;)I @ 14
Event: 5.206 Thread 0x0000000000f8d800 Uncommon trap: reason=null_check action=make_not_entrant pc=0x00000000035f26a0 method=com.android.dx.dex.file.MethodIdsSection.intern(Lcom/android/dx/rop/cst/CstBaseMethodRef;)Lcom/android/dx/dex/file/MethodIdItem; @ 26

Internal exceptions (10 events):
Event: 2.108 Thread 0x0000000000f8d800 Implicit null exception at 0x00000000034d78bb to 0x00000000034d7fa5
Event: 2.120 Thread 0x0000000000f8d800 Implicit null exception at 0x00000000034be910 to 0x00000000034bfcc1
Event: 2.381 Thread 0x000000000a0e5800 Threw 0x00000000eb5b1a70 at C:\re\jdk7u79\2331\hotspot\src\share\vm\prims\jvm.cpp:1304
Event: 4.087 Thread 0x0000000000f8d800 Threw 0x00000000ec1c4e90 at C:\re\jdk7u79\2331\hotspot\src\share\vm\prims\jvm.cpp:1304
Event: 4.762 Thread 0x0000000000f8d800 Threw 0x00000000eb1c8590 at C:\re\jdk7u79\2331\hotspot\src\share\vm\prims\jvm.cpp:1304
Event: 5.086 Thread 0x000000000a0e5800 Implicit null exception at 0x00000000034caa2b to 0x00000000034cac45
Event: 5.086 Thread 0x000000000a0e5800 Implicit null exception at 0x000000000356d8fb to 0x000000000356e465
Event: 5.087 Thread 0x000000000a0e5800 Implicit null exception at 0x000000000351ff53 to 0x000000000352010d
Event: 5.089 Thread 0x000000000a0e5800 Implicit null exception at 0x00000000034f5a58 to 0x00000000034f5ba5
Event: 5.089 Thread 0x000000000a0e5800 Implicit null exception at 0x0000000003581cb0 to 0x0000000003581e81

Events (10 events):
Event: 5.087 Thread 0x000000000a0e5800 DEOPT UNPACKING pc=0x00000000034375a4 sp=0x000000000a36eb10 mode 2
Event: 5.089 Thread 0x000000000a0e5800 Uncommon trap: trap_request=0xffffffad fr.pc=0x00000000034f5bb8
Event: 5.089 Thread 0x000000000a0e5800 DEOPT PACKING pc=0x00000000034f5bb8 sp=0x000000000a36eae0
Event: 5.089 Thread 0x000000000a0e5800 DEOPT UNPACKING pc=0x00000000034375a4 sp=0x000000000a36ea88 mode 2
Event: 5.089 Thread 0x000000000a0e5800 Uncommon trap: trap_request=0xffffffad fr.pc=0x0000000003581e94
Event: 5.089 Thread 0x000000000a0e5800 DEOPT PACKING pc=0x0000000003581e94 sp=0x000000000a36ee70
Event: 5.089 Thread 0x000000000a0e5800 DEOPT UNPACKING pc=0x00000000034375a4 sp=0x000000000a36ed50 mode 2
Event: 5.206 Thread 0x0000000000f8d800 Uncommon trap: trap_request=0xfffffff4 fr.pc=0x00000000035f26a0
Event: 5.206 Thread 0x0000000000f8d800 DEOPT PACKING pc=0x00000000035f26a0 sp=0x000000000108e700
Event: 5.206 Thread 0x0000000000f8d800 DEOPT UNPACKING pc=0x00000000034375a4 sp=0x000000000108e658 mode 2


Dynamic libraries:
0x00007ff7191e0000 - 0x00007ff719213000 	C:\Program Files\Java\jdk1.7.0_79\bin\java.exe
0x00007ffc07ec0000 - 0x00007ffc08081000 	C:\WINDOWS\SYSTEM32\ntdll.dll
0x00007ffc06f40000 - 0x00007ffc06fed000 	C:\WINDOWS\system32\KERNEL32.DLL
0x00007ffc04f00000 - 0x00007ffc050e8000 	C:\WINDOWS\system32\KERNELBASE.dll
0x00007ffc07360000 - 0x00007ffc07407000 	C:\WINDOWS\system32\ADVAPI32.dll
0x00007ffc07b70000 - 0x00007ffc07c0d000 	C:\WINDOWS\system32\msvcrt.dll
0x00007ffc07b10000 - 0x00007ffc07b6b000 	C:\WINDOWS\system32\sechost.dll
0x00007ffc07410000 - 0x00007ffc0752c000 	C:\WINDOWS\system32\RPCRT4.dll
0x00007ffc07d60000 - 0x00007ffc07eb6000 	C:\WINDOWS\system32\USER32.dll
0x00007ffc07050000 - 0x00007ffc071d6000 	C:\WINDOWS\system32\GDI32.dll
0x00007ffbfc420000 - 0x00007ffbfc694000 	C:\WINDOWS\WinSxS\amd64_microsoft.windows.common-controls_6595b64144ccf1df_6.0.10586.494_none_a2d8b04ea53e3145\COMCTL32.dll
0x00007ffc07530000 - 0x00007ffc077ad000 	C:\WINDOWS\system32\combase.dll
0x00007ffc04d60000 - 0x00007ffc04dca000 	C:\WINDOWS\system32\bcryptPrimitives.dll
0x00007ffc07c90000 - 0x00007ffc07ccb000 	C:\WINDOWS\system32\IMM32.DLL
0x000000005def0000 - 0x000000005dfc2000 	C:\Program Files\Java\jdk1.7.0_79\jre\bin\msvcr100.dll
0x000000005e600000 - 0x000000005edd5000 	C:\Program Files\Java\jdk1.7.0_79\jre\bin\server\jvm.dll
0x00007ffc06820000 - 0x00007ffc06828000 	C:\WINDOWS\system32\PSAPI.DLL
0x00007ffc02040000 - 0x00007ffc02063000 	C:\WINDOWS\SYSTEM32\WINMM.dll
0x00007ffc02710000 - 0x00007ffc02719000 	C:\WINDOWS\SYSTEM32\WSOCK32.dll
0x00007ffc07cf0000 - 0x00007ffc07d5b000 	C:\WINDOWS\system32\WS2_32.dll
0x00007ffc02010000 - 0x00007ffc0203c000 	C:\WINDOWS\SYSTEM32\WINMMBASE.dll
0x00007ffc04eb0000 - 0x00007ffc04ef3000 	C:\WINDOWS\system32\cfgmgr32.dll
0x000000005e5f0000 - 0x000000005e5ff000 	C:\Program Files\Java\jdk1.7.0_79\jre\bin\verify.dll
0x000000005e5c0000 - 0x000000005e5e8000 	C:\Program Files\Java\jdk1.7.0_79\jre\bin\java.dll
0x000000005e5a0000 - 0x000000005e5b5000 	C:\Program Files\Java\jdk1.7.0_79\jre\bin\zip.dll
0x000000005e4d0000 - 0x000000005e4ea000 	C:\Program Files\Java\jdk1.7.0_79\jre\bin\net.dll
0x00007ffc03db0000 - 0x00007ffc03e0c000 	C:\WINDOWS\system32\mswsock.dll
0x000000005e4b0000 - 0x000000005e4c1000 	C:\Program Files\Java\jdk1.7.0_79\jre\bin\nio.dll

VM Arguments:
jvm_args: -Xmx1024M -Dfile.encoding=windows-1252 -Duser.country=US -Duser.language=en -Duser.variant 
java_command: com.android.dx.command.Main --dex --output C:\Users\OEM\Desktop\IndustryProject\AndroidProjects\NTECMobileApp\app\build\intermediates\pre-dexed\debug\classes-f21c2b5b22ede821a9b2b67cb6bf124ce5fed8a7.jar C:\Users\OEM\Desktop\IndustryProject\AndroidProjects\NTECMobileApp\app\build\intermediates\exploded-aar\com.android.support\design\23.4.0\classes.jar
Launcher Type: SUN_STANDARD

Environment Variables:
PATH=C:\Program Files\Java\jdk1.7.0_79\bin;C:\Program Files\Broadcom\Broadcom 802.11;C:\Program Files (x86)\Intel\iCLS Client\;C:\Program Files\Intel\iCLS Client\;C:\WINDOWS\system32;C:\WINDOWS;C:\WINDOWS\System32\Wbem;C:\WINDOWS\System32\WindowsPowerShell\v1.0\;C:\Program Files\Intel\Intel(R) Management Engine Components\DAL;C:\Program Files (x86)\Intel\Intel(R) Management Engine Components\DAL;C:\Program Files\Intel\Intel(R) Management Engine Components\IPT;C:\Program Files (x86)\Intel\Intel(R) Management Engine Components\IPT;C:\Program Files (x86)\Skype\Phone\;C:\Program Files\Java\jdk1.7.0_79\bin\;C:\WINDOWS\system32\config\systemprofile\.dnx\bin;C:\Program Files\Microsoft DNX\Dnvm\;C:\Program Files (x86)\Windows Kits\8.1\Windows Performance Toolkit\;C:\Program Files\Microsoft SQL Server\130\Tools\Binn\;C:\Program Files\Git\cmd;C:\Program Files\Oracle\VirtualBox;C:\Program Files (x86)\Brackets\command;C:\Program Files (x86)\OpenVPN\bin;C:\Program Files (x86)\nodejs\;C:\Users\OEM\AppData\Roaming\npm
USERNAME=OEM
OS=Windows_NT
PROCESSOR_IDENTIFIER=Intel64 Family 6 Model 69 Stepping 1, GenuineIntel



---------------  S Y S T E M  ---------------

OS: Windows 8.1 , 64 bit Build 9600 

CPU:total 4 (2 cores per cpu, 2 threads per core) family 6 model 69 stepping 1, cmov, cx8, fxsr, mmx, sse, sse2, sse3, ssse3, sse4.1, sse4.2, popcnt, avx, avx2, aes, erms, ht, tsc, tscinvbit

Memory: 4k page, physical 4113804k(483768k free), swap 6161804k(5832k free)

vm_info: Java HotSpot(TM) 64-Bit Server VM (24.79-b02) for windows-amd64 JRE (1.7.0_79-b15), built on Apr 10 2015 12:36:16 by "java_re" with unknown MS VC++:1600

time: Thu Aug 18 15:15:04 2016
elapsed time: 5 seconds

