#
# There is insufficient memory for the Java Runtime Environment to continue.
# Native memory allocation (malloc) failed to allocate 1048576 bytes for AllocateHeap
# Possible reasons:
#   The system is out of physical RAM or swap space
#   In 32 bit mode, the process size limit was hit
# Possible solutions:
#   Reduce memory load on the system
#   Increase physical memory or swap space
#   Check if swap backing store is full
#   Use 64 bit Java on a 64 bit OS
#   Decrease Java heap size (-Xmx/-Xms)
#   Decrease number of Java threads
#   Decrease Java thread stack sizes (-Xss)
#   Set larger code cache with -XX:ReservedCodeCacheSize=
# This output file may be truncated or incomplete.
#
#  Out of Memory Error (memory/allocation.inline.hpp:61), pid=9700, tid=6228
#
# JRE version:  (7.0_79-b15) (build )
# Java VM: Java HotSpot(TM) 64-Bit Server VM (24.79-b02 mixed mode windows-amd64 compressed oops)
# Failed to write core dump. Minidumps are not enabled by default on client versions of Windows
#

---------------  T H R E A D  ---------------

Current thread (0x0000000001a8d800):  JavaThread "Unknown thread" [_thread_in_vm, id=6228, stack(0x0000000001ab0000,0x0000000001bb0000)]

Stack: [0x0000000001ab0000,0x0000000001bb0000]

---------------  P R O C E S S  ---------------

Java Threads: ( => current thread )

Other Threads:

=>0x0000000001a8d800 (exited) JavaThread "Unknown thread" [_thread_in_vm, id=6228, stack(0x0000000001ab0000,0x0000000001bb0000)]

VM state:not at safepoint (normal execution)

VM Mutex/Monitor currently owned by a thread: None

Heap
 PSYoungGen      total 18944K, used 327K [0x00000000eaa80000, 0x00000000ebf80000, 0x0000000100000000)
  eden space 16384K, 2% used [0x00000000eaa80000,0x00000000eaad1f10,0x00000000eba80000)
  from space 2560K, 0% used [0x00000000ebd00000,0x00000000ebd00000,0x00000000ebf80000)
  to   space 2560K, 0% used [0x00000000eba80000,0x00000000eba80000,0x00000000ebd00000)
 ParOldGen       total 42496K, used 0K [0x00000000c0000000, 0x00000000c2980000, 0x00000000eaa80000)
  object space 42496K, 0% used [0x00000000c0000000,0x00000000c0000000,0x00000000c2980000)
 PSPermGen       total 21504K, used 697K [0x00000000bae00000, 0x00000000bc300000, 0x00000000c0000000)
  object space 21504K, 3% used [0x00000000bae00000,0x00000000baeae588,0x00000000bc300000)

Card table byte_map: [0x0000000001cb0000,0x0000000001ee0000] byte_map_base: 0x00000000016d9000

Polling page: 0x0000000001640000

Code Cache  [0x0000000003400000, 0x0000000003670000, 0x0000000006400000)
 total_blobs=38 nmethods=0 adapters=20 free_code_cache=48889Kb largest_free_block=50062528

Compilation events (0 events):
No events

GC Heap History (0 events):
No events

Deoptimization events (0 events):
No events

Internal exceptions (0 events):
No events

Events (10 events):
Event: 0.031 loading class 0x0000000001bf71e0
Event: 0.032 loading class 0x0000000001bf71e0 done
Event: 0.032 loading class 0x0000000001bf7230
Event: 0.032 loading class 0x0000000001bf7230 done
Event: 0.032 loading class 0x0000000001bf7280
Event: 0.032 loading class 0x0000000001bf7280 done
Event: 0.044 loading class 0x0000000001bf8000
Event: 0.044 loading class 0x0000000001bf8000 done
Event: 0.044 loading class 0x0000000001bf7c20
Event: 0.044 loading class 0x0000000001bf7c20 done


Dynamic libraries:
0x00007ff7f7510000 - 0x00007ff7f7543000 	C:\Program Files\Java\jdk1.7.0_79\bin\java.exe
0x00007ff8f5800000 - 0x00007ff8f59c1000 	C:\WINDOWS\SYSTEM32\ntdll.dll
0x00007ff8f3570000 - 0x00007ff8f361d000 	C:\WINDOWS\system32\KERNEL32.DLL
0x00007ff8f21e0000 - 0x00007ff8f23c8000 	C:\WINDOWS\system32\KERNELBASE.dll
0x00007ff8f2e80000 - 0x00007ff8f2f27000 	C:\WINDOWS\system32\ADVAPI32.dll
0x00007ff8f34d0000 - 0x00007ff8f356d000 	C:\WINDOWS\system32\msvcrt.dll
0x00007ff8f3d50000 - 0x00007ff8f3dab000 	C:\WINDOWS\system32\sechost.dll
0x00007ff8f5680000 - 0x00007ff8f579c000 	C:\WINDOWS\system32\RPCRT4.dll
0x00007ff8f5520000 - 0x00007ff8f5676000 	C:\WINDOWS\system32\USER32.dll
0x00007ff8f3b50000 - 0x00007ff8f3cd6000 	C:\WINDOWS\system32\GDI32.dll
0x00007ff8eb770000 - 0x00007ff8eb9e4000 	C:\WINDOWS\WinSxS\amd64_microsoft.windows.common-controls_6595b64144ccf1df_6.0.10586.494_none_a2d8b04ea53e3145\COMCTL32.dll
0x00007ff8f2c00000 - 0x00007ff8f2e7d000 	C:\WINDOWS\system32\combase.dll
0x00007ff8f2170000 - 0x00007ff8f21da000 	C:\WINDOWS\system32\bcryptPrimitives.dll
0x00007ff8f57c0000 - 0x00007ff8f57fb000 	C:\WINDOWS\system32\IMM32.DLL
0x0000000073ec0000 - 0x0000000073f92000 	C:\Program Files\Java\jdk1.7.0_79\jre\bin\msvcr100.dll
0x00000000745a0000 - 0x0000000074d75000 	C:\Program Files\Java\jdk1.7.0_79\jre\bin\server\jvm.dll
0x00007ff8f3a90000 - 0x00007ff8f3a98000 	C:\WINDOWS\system32\PSAPI.DLL
0x00007ff8ef560000 - 0x00007ff8ef569000 	C:\WINDOWS\SYSTEM32\WSOCK32.dll
0x00007ff8f3790000 - 0x00007ff8f37fb000 	C:\WINDOWS\system32\WS2_32.dll
0x00007ff8f0640000 - 0x00007ff8f0663000 	C:\WINDOWS\SYSTEM32\WINMM.dll
0x00007ff8f05b0000 - 0x00007ff8f05dc000 	C:\WINDOWS\SYSTEM32\WINMMBASE.dll
0x00007ff8f2560000 - 0x00007ff8f25a3000 	C:\WINDOWS\system32\cfgmgr32.dll
0x0000000074590000 - 0x000000007459f000 	C:\Program Files\Java\jdk1.7.0_79\jre\bin\verify.dll
0x0000000074560000 - 0x0000000074588000 	C:\Program Files\Java\jdk1.7.0_79\jre\bin\java.dll
0x0000000074540000 - 0x0000000074555000 	C:\Program Files\Java\jdk1.7.0_79\jre\bin\zip.dll

VM Arguments:
jvm_args: -Xmx1024M -Dfile.encoding=windows-1252 -Duser.country=US -Duser.language=en -Duser.variant 
java_command: com.android.dx.command.Main --dex --output C:\Users\OEM\Desktop\IndustryProject\AndroidProjects\NTECMobileApp\app\build\intermediates\pre-dexed\debug\classes-4d4880aa0123e5711466266204e1e4d5348e1bcb.jar C:\Users\OEM\Desktop\IndustryProject\AndroidProjects\NTECMobileApp\app\build\intermediates\exploded-aar\com.google.android.gms\play-services-drive\9.4.0\classes.jar
Launcher Type: SUN_STANDARD

Environment Variables:
JAVA_HOME=C:\Program Files\Java\jdk1.7.0_79
JRE_HOME=C:\Program Files\Java\jre1.8.0_101
PATH=C:\ProgramData\Oracle\Java\javapath;C:\Program Files\Java\jdk1.7.0_79\bin;C:\Program Files\Broadcom\Broadcom 802.11;C:\Program Files (x86)\Intel\iCLS Client\;C:\Program Files\Intel\iCLS Client\;C:\WINDOWS\system32;C:\WINDOWS;C:\WINDOWS\System32\Wbem;C:\WINDOWS\System32\WindowsPowerShell\v1.0\;C:\Program Files\Intel\Intel(R) Management Engine Components\DAL;C:\Program Files (x86)\Intel\Intel(R) Management Engine Components\DAL;C:\Program Files\Intel\Intel(R) Management Engine Components\IPT;C:\Program Files (x86)\Intel\Intel(R) Management Engine Components\IPT;C:\Program Files (x86)\Skype\Phone\;C:\Program Files\Java\jdk1.7.0_79\bin\;C:\WINDOWS\system32\config\systemprofile\.dnx\bin;C:\Program Files\Microsoft DNX\Dnvm\;C:\Program Files (x86)\Windows Kits\8.1\Windows Performance Toolkit\;C:\Program Files\Microsoft SQL Server\130\Tools\Binn\;C:\Program Files\Git\cmd;C:\Program Files\Oracle\VirtualBox;C:\Program Files (x86)\Brackets\command;C:\Program Files (x86)\OpenVPN\bin;"C:\Program Files\Java\jdk1.7.0_79\bin";C:\Program Files (x86)\Windows Live\Shared;C:\Users\OEM\AppData\Roaming\npm
USERNAME=OEM
OS=Windows_NT
PROCESSOR_IDENTIFIER=Intel64 Family 6 Model 69 Stepping 1, GenuineIntel



---------------  S Y S T E M  ---------------

OS: Windows 8.1 , 64 bit Build 9600 

CPU:total 4 (2 cores per cpu, 2 threads per core) family 6 model 69 stepping 1, cmov, cx8, fxsr, mmx, sse, sse2, sse3, ssse3, sse4.1, sse4.2, popcnt, avx, avx2, aes, erms, ht, tsc, tscinvbit

Memory: 4k page, physical 4113804k(446884k free), swap 6161804k(5376k free)

vm_info: Java HotSpot(TM) 64-Bit Server VM (24.79-b02) for windows-amd64 JRE (1.7.0_79-b15), built on Apr 10 2015 12:36:16 by "java_re" with unknown MS VC++:1600

time: Sun Sep 25 23:12:52 2016
elapsed time: 0 seconds

