#
# There is insufficient memory for the Java Runtime Environment to continue.
# Native memory allocation (malloc) failed to allocate 32784 bytes for Chunk::new
# Possible reasons:
#   The system is out of physical RAM or swap space
#   In 32 bit mode, the process size limit was hit
# Possible solutions:
#   Reduce memory load on the system
#   Increase physical memory or swap space
#   Check if swap backing store is full
#   Use 64 bit Java on a 64 bit OS
#   Decrease Java heap size (-Xmx/-Xms)
#   Decrease number of Java threads
#   Decrease Java thread stack sizes (-Xss)
#   Set larger code cache with -XX:ReservedCodeCacheSize=
# This output file may be truncated or incomplete.
#
#  Out of Memory Error (allocation.cpp:323), pid=9044, tid=10584
#
# JRE version: Java(TM) SE Runtime Environment (7.0_79-b15) (build 1.7.0_79-b15)
# Java VM: Java HotSpot(TM) 64-Bit Server VM (24.79-b02 mixed mode windows-amd64 compressed oops)
# Failed to write core dump. Minidumps are not enabled by default on client versions of Windows
#

---------------  T H R E A D  ---------------

Current thread (0x0000000008b4e800):  JavaThread "C2 CompilerThread1" daemon [_thread_in_native, id=10584, stack(0x000000000a1b0000,0x000000000a2b0000)]

Stack: [0x000000000a1b0000,0x000000000a2b0000]

Current CompileTask:
C2:   5131  289             com.android.dx.dex.code.RopTranslator::pickOrder (400 bytes)


---------------  P R O C E S S  ---------------

Java Threads: ( => current thread )
  0x000000000a77f800 JavaThread "pool-2-thread-1" [_thread_blocked, id=2528, stack(0x000000000a9b0000,0x000000000aab0000)]
  0x000000000a547800 JavaThread "pool-1-thread-1" [_thread_in_Java, id=10864, stack(0x000000000a8b0000,0x000000000a9b0000)]
  0x0000000008b52000 JavaThread "Service Thread" daemon [_thread_blocked, id=10512, stack(0x000000000a2b0000,0x000000000a3b0000)]
=>0x0000000008b4e800 JavaThread "C2 CompilerThread1" daemon [_thread_in_native, id=10584, stack(0x000000000a1b0000,0x000000000a2b0000)]
  0x0000000008b44800 JavaThread "C2 CompilerThread0" daemon [_thread_in_native, id=10352, stack(0x000000000a0b0000,0x000000000a1b0000)]
  0x0000000008b44000 JavaThread "Attach Listener" daemon [_thread_blocked, id=10528, stack(0x0000000009fb0000,0x000000000a0b0000)]
  0x0000000008b40800 JavaThread "Signal Dispatcher" daemon [_thread_blocked, id=5700, stack(0x0000000009eb0000,0x0000000009fb0000)]
  0x0000000008b09800 JavaThread "Finalizer" daemon [_thread_blocked, id=9408, stack(0x0000000009db0000,0x0000000009eb0000)]
  0x0000000008b06000 JavaThread "Reference Handler" daemon [_thread_blocked, id=9228, stack(0x0000000009cb0000,0x0000000009db0000)]
  0x000000000177d800 JavaThread "main" [_thread_in_native, id=9784, stack(0x00000000015a0000,0x00000000016a0000)]

Other Threads:
  0x0000000008b01000 VMThread [stack: 0x0000000009bb0000,0x0000000009cb0000] [id=8980]
  0x0000000008b60000 WatcherThread [stack: 0x000000000a3b0000,0x000000000a4b0000] [id=10912]

VM state:not at safepoint (normal execution)

VM Mutex/Monitor currently owned by a thread: None

Heap
 PSYoungGen      total 18944K, used 12215K [0x00000000eaa80000, 0x00000000ebf80000, 0x0000000100000000)
  eden space 16384K, 58% used [0x00000000eaa80000,0x00000000eb3efd18,0x00000000eba80000)
  from space 2560K, 99% used [0x00000000ebd00000,0x00000000ebf7df10,0x00000000ebf80000)
  to   space 2560K, 0% used [0x00000000eba80000,0x00000000eba80000,0x00000000ebd00000)
 ParOldGen       total 42496K, used 3236K [0x00000000c0000000, 0x00000000c2980000, 0x00000000eaa80000)
  object space 42496K, 7% used [0x00000000c0000000,0x00000000c0329308,0x00000000c2980000)
 PSPermGen       total 21504K, used 5869K [0x00000000bae00000, 0x00000000bc300000, 0x00000000c0000000)
  object space 21504K, 27% used [0x00000000bae00000,0x00000000bb3bb5a8,0x00000000bc300000)

Card table byte_map: [0x0000000001880000,0x0000000001ab0000] byte_map_base: 0x00000000012a9000

Polling page: 0x0000000001230000

Code Cache  [0x0000000003400000, 0x0000000003670000, 0x0000000006400000)
 total_blobs=524 nmethods=287 adapters=189 free_code_cache=48039Kb largest_free_block=49165248

Compilation events (10 events):
Event: 5.102 Thread 0x0000000008b4e800 nmethod 284 0x0000000003502bd0 code [0x0000000003502d20, 0x0000000003502df8]
Event: 5.102 Thread 0x0000000008b4e800  285             com.android.dx.rop.code.LocalItem::compareHandlesNulls (25 bytes)
Event: 5.104 Thread 0x0000000008b4e800 nmethod 285 0x000000000351abd0 code [0x000000000351ad00, 0x000000000351aeb8]
Event: 5.104 Thread 0x0000000008b4e800  286             com.android.dx.cf.code.LocalVariableList::pcAndIndexToLocal (51 bytes)
Event: 5.109 Thread 0x0000000008b4e800 nmethod 286 0x000000000351b010 code [0x000000000351b160, 0x000000000351b378]
Event: 5.109 Thread 0x0000000008b4e800  287             com.android.dx.ssa.SsaBasicBlock::getParent (5 bytes)
Event: 5.109 Thread 0x0000000008b4e800 nmethod 287 0x0000000003503550 code [0x0000000003503680, 0x00000000035036d8]
Event: 5.110 Thread 0x0000000008b4e800  288             com.android.dx.cf.code.LocalVariableList$Item::matchesPcAndIndex (35 bytes)
Event: 5.110 Thread 0x0000000008b4e800 nmethod 288 0x0000000003500a50 code [0x0000000003500b80, 0x0000000003500bf8]
Event: 5.110 Thread 0x0000000008b4e800  289             com.android.dx.dex.code.RopTranslator::pickOrder (400 bytes)

GC Heap History (4 events):
Event: 2.947 GC heap before
{Heap before GC invocations=1 (full 0):
 PSYoungGen      total 18944K, used 16384K [0x00000000eaa80000, 0x00000000ebf80000, 0x0000000100000000)
  eden space 16384K, 100% used [0x00000000eaa80000,0x00000000eba80000,0x00000000eba80000)
  from space 2560K, 0% used [0x00000000ebd00000,0x00000000ebd00000,0x00000000ebf80000)
  to   space 2560K, 0% used [0x00000000eba80000,0x00000000eba80000,0x00000000ebd00000)
 ParOldGen       total 42496K, used 0K [0x00000000c0000000, 0x00000000c2980000, 0x00000000eaa80000)
  object space 42496K, 0% used [0x00000000c0000000,0x00000000c0000000,0x00000000c2980000)
 PSPermGen       total 21504K, used 5654K [0x00000000bae00000, 0x00000000bc300000, 0x00000000c0000000)
  object space 21504K, 26% used [0x00000000bae00000,0x00000000bb385998,0x00000000bc300000)
Event: 2.958 GC heap after
Heap after GC invocations=1 (full 0):
 PSYoungGen      total 18944K, used 2551K [0x00000000eaa80000, 0x00000000ebf80000, 0x0000000100000000)
  eden space 16384K, 0% used [0x00000000eaa80000,0x00000000eaa80000,0x00000000eba80000)
  from space 2560K, 99% used [0x00000000eba80000,0x00000000ebcfdc78,0x00000000ebd00000)
  to   space 2560K, 0% used [0x00000000ebd00000,0x00000000ebd00000,0x00000000ebf80000)
 ParOldGen       total 42496K, used 1235K [0x00000000c0000000, 0x00000000c2980000, 0x00000000eaa80000)
  object space 42496K, 2% used [0x00000000c0000000,0x00000000c0134df8,0x00000000c2980000)
 PSPermGen       total 21504K, used 5654K [0x00000000bae00000, 0x00000000bc300000, 0x00000000c0000000)
  object space 21504K, 26% used [0x00000000bae00000,0x00000000bb385998,0x00000000bc300000)
}
Event: 4.595 GC heap before
{Heap before GC invocations=2 (full 0):
 PSYoungGen      total 18944K, used 18935K [0x00000000eaa80000, 0x00000000ebf80000, 0x0000000100000000)
  eden space 16384K, 100% used [0x00000000eaa80000,0x00000000eba80000,0x00000000eba80000)
  from space 2560K, 99% used [0x00000000eba80000,0x00000000ebcfdc78,0x00000000ebd00000)
  to   space 2560K, 0% used [0x00000000ebd00000,0x00000000ebd00000,0x00000000ebf80000)
 ParOldGen       total 42496K, used 1235K [0x00000000c0000000, 0x00000000c2980000, 0x00000000eaa80000)
  object space 42496K, 2% used [0x00000000c0000000,0x00000000c0134df8,0x00000000c2980000)
 PSPermGen       total 21504K, used 5846K [0x00000000bae00000, 0x00000000bc300000, 0x00000000c0000000)
  object space 21504K, 27% used [0x00000000bae00000,0x00000000bb3b5b20,0x00000000bc300000)
Event: 4.607 GC heap after
Heap after GC invocations=2 (full 0):
 PSYoungGen      total 18944K, used 2551K [0x00000000eaa80000, 0x00000000ebf80000, 0x0000000100000000)
  eden space 16384K, 0% used [0x00000000eaa80000,0x00000000eaa80000,0x00000000eba80000)
  from space 2560K, 99% used [0x00000000ebd00000,0x00000000ebf7df10,0x00000000ebf80000)
  to   space 2560K, 0% used [0x00000000eba80000,0x00000000eba80000,0x00000000ebd00000)
 ParOldGen       total 42496K, used 3236K [0x00000000c0000000, 0x00000000c2980000, 0x00000000eaa80000)
  object space 42496K, 7% used [0x00000000c0000000,0x00000000c0329308,0x00000000c2980000)
 PSPermGen       total 21504K, used 5846K [0x00000000bae00000, 0x00000000bc300000, 0x00000000c0000000)
  object space 21504K, 27% used [0x00000000bae00000,0x00000000bb3b5b20,0x00000000bc300000)
}

Deoptimization events (8 events):
Event: 2.629 Thread 0x000000000177d800 Uncommon trap: reason=class_check action=maybe_recompile pc=0x0000000003470dd8 method=com.android.dx.ssa.NormalSsaInsn.accept(Lcom/android/dx/ssa/SsaInsn$Visitor;)V @ 9
Event: 2.771 Thread 0x000000000177d800 Uncommon trap: reason=class_check action=maybe_recompile pc=0x0000000003470dd8 method=com.android.dx.ssa.NormalSsaInsn.accept(Lcom/android/dx/ssa/SsaInsn$Visitor;)V @ 9
Event: 2.779 Thread 0x000000000a547800 Uncommon trap: reason=null_check action=make_not_entrant pc=0x00000000034847d4 method=com.android.dx.rop.code.LocalItem.equals(Ljava/lang/Object;)Z @ 1
Event: 2.849 Thread 0x000000000a547800 Uncommon trap: reason=class_check action=maybe_recompile pc=0x0000000003470dd8 method=com.android.dx.ssa.NormalSsaInsn.accept(Lcom/android/dx/ssa/SsaInsn$Visitor;)V @ 9
Event: 3.960 Thread 0x000000000a547800 Uncommon trap: reason=null_check action=make_not_entrant pc=0x00000000034abdd4 method=com.android.dx.rop.type.Type.equals(Ljava/lang/Object;)Z @ 8
Event: 4.623 Thread 0x000000000177d800 Uncommon trap: reason=null_check action=make_not_entrant pc=0x00000000034c3f0c method=com.android.dx.ssa.SsaRenamer.getLocalForNewReg(I)Lcom/android/dx/rop/code/LocalItem; @ 19
Event: 4.627 Thread 0x000000000a547800 Uncommon trap: reason=unreached action=reinterpret pc=0x00000000034bb644 method=com.android.dx.ssa.LocalVariableExtractor.processBlock(I)V @ 251
Event: 5.072 Thread 0x000000000177d800 Uncommon trap: reason=unreached action=reinterpret pc=0x0000000003499844 method=com.android.dx.rop.cst.Constant.compareTo(Lcom/android/dx/rop/cst/Constant;)I @ 12

Internal exceptions (10 events):
Event: 2.649 Thread 0x000000000177d800 Threw 0x00000000eb809478 at C:\re\jdk7u79\2331\hotspot\src\share\vm\prims\jvm.cpp:1304
Event: 2.652 Thread 0x000000000177d800 Threw 0x00000000eb816e28 at C:\re\jdk7u79\2331\hotspot\src\share\vm\prims\jvm.cpp:1304
Event: 2.654 Thread 0x000000000177d800 Threw 0x00000000eb81b238 at C:\re\jdk7u79\2331\hotspot\src\share\vm\prims\jvm.cpp:1304
Event: 2.774 Thread 0x000000000177d800 Threw 0x00000000eb867490 at C:\re\jdk7u79\2331\hotspot\src\share\vm\prims\jvm.cpp:1304
Event: 2.779 Thread 0x000000000a547800 Implicit null exception at 0x00000000034843db to 0x00000000034847c1
Event: 2.968 Thread 0x000000000a547800 Threw 0x00000000eab25318 at C:\re\jdk7u79\2331\hotspot\src\share\vm\prims\jvm.cpp:1304
Event: 3.263 Thread 0x000000000177d800 Threw 0x00000000eaf95448 at C:\re\jdk7u79\2331\hotspot\src\share\vm\prims\jvm.cpp:1304
Event: 3.421 Thread 0x000000000177d800 Threw 0x00000000eb162af0 at C:\re\jdk7u79\2331\hotspot\src\share\vm\prims\jvm.cpp:1304
Event: 3.960 Thread 0x000000000a547800 Implicit null exception at 0x00000000034abcd2 to 0x00000000034abdc5
Event: 4.623 Thread 0x000000000177d800 Implicit null exception at 0x00000000034c2b80 to 0x00000000034c3ee1

Events (10 events):
Event: 4.623 Thread 0x000000000177d800 DEOPT PACKING pc=0x00000000034c3f0c sp=0x000000000169e2d0
Event: 4.623 Thread 0x000000000177d800 DEOPT UNPACKING pc=0x00000000034375a4 sp=0x000000000169e068 mode 2
Event: 4.627 Thread 0x000000000a547800 Uncommon trap: trap_request=0xffffffad fr.pc=0x00000000034bb644
Event: 4.627 Thread 0x000000000a547800 DEOPT PACKING pc=0x00000000034bb644 sp=0x000000000a9aef10
Event: 4.627 Thread 0x000000000a547800 DEOPT UNPACKING pc=0x00000000034375a4 sp=0x000000000a9aee90 mode 2
Event: 4.631 Executing VM operation: EnableBiasedLocking
Event: 4.631 Executing VM operation: EnableBiasedLocking done
Event: 5.072 Thread 0x000000000177d800 Uncommon trap: trap_request=0xffffffad fr.pc=0x0000000003499844
Event: 5.072 Thread 0x000000000177d800 DEOPT PACKING pc=0x0000000003499844 sp=0x000000000169df80
Event: 5.072 Thread 0x000000000177d800 DEOPT UNPACKING pc=0x00000000034375a4 sp=0x000000000169df20 mode 2


Dynamic libraries:
0x00007ff7191e0000 - 0x00007ff719213000 	C:\Program Files\Java\jdk1.7.0_79\bin\java.exe
0x00007ffc07ec0000 - 0x00007ffc08081000 	C:\WINDOWS\SYSTEM32\ntdll.dll
0x00007ffc06f40000 - 0x00007ffc06fed000 	C:\WINDOWS\system32\KERNEL32.DLL
0x00007ffc04f00000 - 0x00007ffc050e8000 	C:\WINDOWS\system32\KERNELBASE.dll
0x00007ffc07360000 - 0x00007ffc07407000 	C:\WINDOWS\system32\ADVAPI32.dll
0x00007ffc07b70000 - 0x00007ffc07c0d000 	C:\WINDOWS\system32\msvcrt.dll
0x00007ffc07b10000 - 0x00007ffc07b6b000 	C:\WINDOWS\system32\sechost.dll
0x00007ffc07410000 - 0x00007ffc0752c000 	C:\WINDOWS\system32\RPCRT4.dll
0x00007ffc07d60000 - 0x00007ffc07eb6000 	C:\WINDOWS\system32\USER32.dll
0x00007ffc07050000 - 0x00007ffc071d6000 	C:\WINDOWS\system32\GDI32.dll
0x00007ffbfc420000 - 0x00007ffbfc694000 	C:\WINDOWS\WinSxS\amd64_microsoft.windows.common-controls_6595b64144ccf1df_6.0.10586.494_none_a2d8b04ea53e3145\COMCTL32.dll
0x00007ffc07530000 - 0x00007ffc077ad000 	C:\WINDOWS\system32\combase.dll
0x00007ffc04d60000 - 0x00007ffc04dca000 	C:\WINDOWS\system32\bcryptPrimitives.dll
0x00007ffc07c90000 - 0x00007ffc07ccb000 	C:\WINDOWS\system32\IMM32.DLL
0x000000005def0000 - 0x000000005dfc2000 	C:\Program Files\Java\jdk1.7.0_79\jre\bin\msvcr100.dll
0x000000005e600000 - 0x000000005edd5000 	C:\Program Files\Java\jdk1.7.0_79\jre\bin\server\jvm.dll
0x00007ffc06820000 - 0x00007ffc06828000 	C:\WINDOWS\system32\PSAPI.DLL
0x00007ffc02710000 - 0x00007ffc02719000 	C:\WINDOWS\SYSTEM32\WSOCK32.dll
0x00007ffc07cf0000 - 0x00007ffc07d5b000 	C:\WINDOWS\system32\WS2_32.dll
0x00007ffc02040000 - 0x00007ffc02063000 	C:\WINDOWS\SYSTEM32\WINMM.dll
0x00007ffc02010000 - 0x00007ffc0203c000 	C:\WINDOWS\SYSTEM32\WINMMBASE.dll
0x00007ffc04eb0000 - 0x00007ffc04ef3000 	C:\WINDOWS\system32\cfgmgr32.dll
0x000000005e5f0000 - 0x000000005e5ff000 	C:\Program Files\Java\jdk1.7.0_79\jre\bin\verify.dll
0x000000005e5c0000 - 0x000000005e5e8000 	C:\Program Files\Java\jdk1.7.0_79\jre\bin\java.dll
0x000000005e5a0000 - 0x000000005e5b5000 	C:\Program Files\Java\jdk1.7.0_79\jre\bin\zip.dll
0x000000005e4d0000 - 0x000000005e4ea000 	C:\Program Files\Java\jdk1.7.0_79\jre\bin\net.dll
0x00007ffc03db0000 - 0x00007ffc03e0c000 	C:\WINDOWS\system32\mswsock.dll
0x000000005e4b0000 - 0x000000005e4c1000 	C:\Program Files\Java\jdk1.7.0_79\jre\bin\nio.dll

VM Arguments:
jvm_args: -Xmx1024M -Dfile.encoding=windows-1252 -Duser.country=US -Duser.language=en -Duser.variant 
java_command: com.android.dx.command.Main --dex --output C:\Users\OEM\Desktop\IndustryProject\AndroidProjects\NTECMobileApp\app\build\intermediates\pre-dexed\debug\classes-f21c2b5b22ede821a9b2b67cb6bf124ce5fed8a7.jar C:\Users\OEM\Desktop\IndustryProject\AndroidProjects\NTECMobileApp\app\build\intermediates\exploded-aar\com.android.support\design\23.4.0\classes.jar
Launcher Type: SUN_STANDARD

Environment Variables:
PATH=C:\Program Files\Java\jdk1.7.0_79\bin;C:\Program Files\Broadcom\Broadcom 802.11;C:\Program Files (x86)\Intel\iCLS Client\;C:\Program Files\Intel\iCLS Client\;C:\WINDOWS\system32;C:\WINDOWS;C:\WINDOWS\System32\Wbem;C:\WINDOWS\System32\WindowsPowerShell\v1.0\;C:\Program Files\Intel\Intel(R) Management Engine Components\DAL;C:\Program Files (x86)\Intel\Intel(R) Management Engine Components\DAL;C:\Program Files\Intel\Intel(R) Management Engine Components\IPT;C:\Program Files (x86)\Intel\Intel(R) Management Engine Components\IPT;C:\Program Files (x86)\Skype\Phone\;C:\Program Files\Java\jdk1.7.0_79\bin\;C:\WINDOWS\system32\config\systemprofile\.dnx\bin;C:\Program Files\Microsoft DNX\Dnvm\;C:\Program Files (x86)\Windows Kits\8.1\Windows Performance Toolkit\;C:\Program Files\Microsoft SQL Server\130\Tools\Binn\;C:\Program Files\Git\cmd;C:\Program Files\Oracle\VirtualBox;C:\Program Files (x86)\Brackets\command;C:\Program Files (x86)\OpenVPN\bin;C:\Program Files (x86)\nodejs\;C:\Users\OEM\AppData\Roaming\npm
USERNAME=OEM
OS=Windows_NT
PROCESSOR_IDENTIFIER=Intel64 Family 6 Model 69 Stepping 1, GenuineIntel



---------------  S Y S T E M  ---------------

OS: Windows 8.1 , 64 bit Build 9600 

CPU:total 4 (2 cores per cpu, 2 threads per core) family 6 model 69 stepping 1, cmov, cx8, fxsr, mmx, sse, sse2, sse3, ssse3, sse4.1, sse4.2, popcnt, avx, avx2, aes, erms, ht, tsc, tscinvbit

Memory: 4k page, physical 4113804k(350448k free), swap 6161804k(5180k free)

vm_info: Java HotSpot(TM) 64-Bit Server VM (24.79-b02) for windows-amd64 JRE (1.7.0_79-b15), built on Apr 10 2015 12:36:16 by "java_re" with unknown MS VC++:1600

time: Thu Aug 18 15:03:48 2016
elapsed time: 5 seconds

