#
# There is insufficient memory for the Java Runtime Environment to continue.
# Native memory allocation (malloc) failed to allocate 342256 bytes for Chunk::new
# Possible reasons:
#   The system is out of physical RAM or swap space
#   In 32 bit mode, the process size limit was hit
# Possible solutions:
#   Reduce memory load on the system
#   Increase physical memory or swap space
#   Check if swap backing store is full
#   Use 64 bit Java on a 64 bit OS
#   Decrease Java heap size (-Xmx/-Xms)
#   Decrease number of Java threads
#   Decrease Java thread stack sizes (-Xss)
#   Set larger code cache with -XX:ReservedCodeCacheSize=
# This output file may be truncated or incomplete.
#
#  Out of Memory Error (allocation.cpp:323), pid=2608, tid=7620
#
# JRE version: Java(TM) SE Runtime Environment (7.0_79-b15) (build 1.7.0_79-b15)
# Java VM: Java HotSpot(TM) 64-Bit Server VM (24.79-b02 mixed mode windows-amd64 compressed oops)
# Failed to write core dump. Minidumps are not enabled by default on client versions of Windows
#

---------------  T H R E A D  ---------------

Current thread (0x000000000f6a7800):  JavaThread "C2 CompilerThread1" daemon [_thread_in_native, id=7620, stack(0x0000000010d10000,0x0000000010e10000)]

Stack: [0x0000000010d10000,0x0000000010e10000]

Current CompileTask:
C2:  75417 1267             com.android.dx.dex.file.ClassDefsSection::orderItems0 (158 bytes)


---------------  P R O C E S S  ---------------

Java Threads: ( => current thread )
  0x0000000011d40800 JavaThread "pool-1-thread-1" [_thread_blocked, id=4432, stack(0x0000000012de0000,0x0000000012ee0000)]
  0x000000001128f000 JavaThread "pool-3-thread-1" [_thread_blocked, id=6752, stack(0x0000000011510000,0x0000000011610000)]
  0x00000000112c6800 JavaThread "pool-2-thread-1" [_thread_blocked, id=7468, stack(0x0000000011410000,0x0000000011510000)]
  0x000000000f6b1800 JavaThread "Service Thread" daemon [_thread_blocked, id=3920, stack(0x0000000010e10000,0x0000000010f10000)]
=>0x000000000f6a7800 JavaThread "C2 CompilerThread1" daemon [_thread_in_native, id=7620, stack(0x0000000010d10000,0x0000000010e10000)]
  0x000000000f6a6000 JavaThread "C2 CompilerThread0" daemon [_thread_blocked, id=4540, stack(0x0000000010c10000,0x0000000010d10000)]
  0x000000000f6a4800 JavaThread "Attach Listener" daemon [_thread_blocked, id=5036, stack(0x0000000010b10000,0x0000000010c10000)]
  0x000000000f6a1800 JavaThread "Signal Dispatcher" daemon [_thread_blocked, id=6108, stack(0x0000000010a10000,0x0000000010b10000)]
  0x000000000f670000 JavaThread "Finalizer" daemon [_thread_blocked, id=5268, stack(0x0000000010910000,0x0000000010a10000)]
  0x000000000f667000 JavaThread "Reference Handler" daemon [_thread_blocked, id=7484, stack(0x0000000010810000,0x0000000010910000)]
  0x00000000011cd800 JavaThread "main" [_thread_blocked, id=4748, stack(0x0000000001230000,0x0000000001330000)]

Other Threads:
  0x000000000f663000 VMThread [stack: 0x0000000010710000,0x0000000010810000] [id=3724]
  0x000000000f6ce000 WatcherThread [stack: 0x0000000010f10000,0x0000000011010000] [id=7996]

VM state:at safepoint (normal execution)

VM Mutex/Monitor currently owned by a thread:  ([mutex/lock_event])
[0x00000000011cc390] Threads_lock - owner thread: 0x000000000f663000
[0x00000000011cc790] Heap_lock - owner thread: 0x00000000011cd800

Heap
 PSYoungGen      total 550912K, used 334848K [0x00000007aaa80000, 0x00000007dfc00000, 0x0000000800000000)
  eden space 334848K, 100% used [0x00000007aaa80000,0x00000007bf180000,0x00000007bf180000)
  from space 216064K, 0% used [0x00000007bf180000,0x00000007bf180000,0x00000007cc480000)
  to   space 249344K, 0% used [0x00000007d0880000,0x00000007d0880000,0x00000007dfc00000)
 ParOldGen       total 546304K, used 545935K [0x0000000700000000, 0x0000000721580000, 0x00000007aaa80000)
  object space 546304K, 99% used [0x0000000700000000,0x0000000721523ec8,0x0000000721580000)
 PSPermGen       total 21504K, used 6342K [0x00000006fae00000, 0x00000006fc300000, 0x0000000700000000)
  object space 21504K, 29% used [0x00000006fae00000,0x00000006fb431948,0x00000006fc300000)

Card table byte_map: [0x0000000001430000,0x0000000001c60000] byte_map_base: 0xfffffffffdc59000

Polling page: 0x0000000000d10000

Code Cache  [0x0000000003400000, 0x0000000003810000, 0x0000000006400000)
 total_blobs=1461 nmethods=1224 adapters=189 free_code_cache=45114Kb largest_free_block=46086336

Compilation events (10 events):
Event: 71.515 Thread 0x000000000f6a6000 nmethod 1263 0x00000000036e74d0 code [0x00000000036e7620, 0x00000000036e7898]
Event: 75.042 Thread 0x000000000f6a7800 1264             java.util.BitSet::trimToSize (32 bytes)
Event: 75.044 Thread 0x000000000f6a7800 nmethod 1264 0x00000000036a6210 code [0x00000000036a6360, 0x00000000036a6558]
Event: 75.177 Thread 0x000000000f6a6000 1265             com.android.dx.cf.code.BytecodeArray::parseTableswitch (205 bytes)
Event: 75.221 Thread 0x000000000f6a7800 1266   !         java.util.concurrent.ThreadPoolExecutor::runWorker (225 bytes)
Event: 75.249 Thread 0x000000000f6a7800 nmethod 1266 0x00000000035c86d0 code [0x00000000035c8900, 0x00000000035c9128]
Event: 75.280 Thread 0x000000000f6a6000 nmethod 1265 0x00000000037c50d0 code [0x00000000037c52e0, 0x00000000037c6710]
Event: 75.341 Thread 0x000000000f6a7800 1267             com.android.dx.dex.file.ClassDefsSection::orderItems0 (158 bytes)
Event: 75.357 Thread 0x000000000f6a6000 1268             com.android.dx.dex.file.IndexedItem::hasIndex (13 bytes)
Event: 75.358 Thread 0x000000000f6a6000 nmethod 1268 0x00000000037fca10 code [0x00000000037fcb40, 0x00000000037fcbb8]

GC Heap History (10 events):
Event: 56.956 GC heap before
{Heap before GC invocations=34 (full 9):
 PSYoungGen      total 550912K, used 334848K [0x00000007aaa80000, 0x00000007dfc00000, 0x0000000800000000)
  eden space 334848K, 100% used [0x00000007aaa80000,0x00000007bf180000,0x00000007bf180000)
  from space 216064K, 0% used [0x00000007bf180000,0x00000007bf180000,0x00000007cc480000)
  to   space 249344K, 0% used [0x00000007d0880000,0x00000007d0880000,0x00000007dfc00000)
 ParOldGen       total 546304K, used 546079K [0x0000000700000000, 0x0000000721580000, 0x00000007aaa80000)
  object space 546304K, 99% used [0x0000000700000000,0x0000000721547f28,0x0000000721580000)
 PSPermGen       total 21504K, used 6312K [0x00000006fae00000, 0x00000006fc300000, 0x0000000700000000)
  object space 21504K, 29% used [0x00000006fae00000,0x00000006fb42a208,0x00000006fc300000)
Event: 59.403 GC heap after
Heap after GC invocations=34 (full 9):
 PSYoungGen      total 550912K, used 82003K [0x00000007aaa80000, 0x00000007dfc00000, 0x0000000800000000)
  eden space 334848K, 24% used [0x00000007aaa80000,0x00000007afa94d28,0x00000007bf180000)
  from space 216064K, 0% used [0x00000007bf180000,0x00000007bf180000,0x00000007cc480000)
  to   space 249344K, 0% used [0x00000007d0880000,0x00000007d0880000,0x00000007dfc00000)
 ParOldGen       total 546304K, used 546079K [0x0000000700000000, 0x0000000721580000, 0x00000007aaa80000)
  object space 546304K, 99% used [0x0000000700000000,0x0000000721547ee8,0x0000000721580000)
 PSPermGen       total 21504K, used 6312K [0x00000006fae00000, 0x00000006fc300000, 0x0000000700000000)
  object space 21504K, 29% used [0x00000006fae00000,0x00000006fb42a208,0x00000006fc300000)
}
Event: 60.649 GC heap before
{Heap before GC invocations=35 (full 10):
 PSYoungGen      total 550912K, used 334848K [0x00000007aaa80000, 0x00000007dfc00000, 0x0000000800000000)
  eden space 334848K, 100% used [0x00000007aaa80000,0x00000007bf180000,0x00000007bf180000)
  from space 216064K, 0% used [0x00000007bf180000,0x00000007bf180000,0x00000007cc480000)
  to   space 249344K, 0% used [0x00000007d0880000,0x00000007d0880000,0x00000007dfc00000)
 ParOldGen       total 546304K, used 546079K [0x0000000700000000, 0x0000000721580000, 0x00000007aaa80000)
  object space 546304K, 99% used [0x0000000700000000,0x0000000721547ee8,0x0000000721580000)
 PSPermGen       total 21504K, used 6314K [0x00000006fae00000, 0x00000006fc300000, 0x0000000700000000)
  object space 21504K, 29% used [0x00000006fae00000,0x00000006fb42a868,0x00000006fc300000)
Event: 63.467 GC heap after
Heap after GC invocations=35 (full 10):
 PSYoungGen      total 550912K, used 121265K [0x00000007aaa80000, 0x00000007dfc00000, 0x0000000800000000)
  eden space 334848K, 36% used [0x00000007aaa80000,0x00000007b20ec628,0x00000007bf180000)
  from space 216064K, 0% used [0x00000007bf180000,0x00000007bf180000,0x00000007cc480000)
  to   space 249344K, 0% used [0x00000007d0880000,0x00000007d0880000,0x00000007dfc00000)
 ParOldGen       total 546304K, used 546079K [0x0000000700000000, 0x0000000721580000, 0x00000007aaa80000)
  object space 546304K, 99% used [0x0000000700000000,0x0000000721547ee8,0x0000000721580000)
 PSPermGen       total 21504K, used 6314K [0x00000006fae00000, 0x00000006fc300000, 0x0000000700000000)
  object space 21504K, 29% used [0x00000006fae00000,0x00000006fb42a868,0x00000006fc300000)
}
Event: 64.360 GC heap before
{Heap before GC invocations=36 (full 11):
 PSYoungGen      total 550912K, used 334848K [0x00000007aaa80000, 0x00000007dfc00000, 0x0000000800000000)
  eden space 334848K, 100% used [0x00000007aaa80000,0x00000007bf180000,0x00000007bf180000)
  from space 216064K, 0% used [0x00000007bf180000,0x00000007bf180000,0x00000007cc480000)
  to   space 249344K, 0% used [0x00000007d0880000,0x00000007d0880000,0x00000007dfc00000)
 ParOldGen       total 546304K, used 546079K [0x0000000700000000, 0x0000000721580000, 0x00000007aaa80000)
  object space 546304K, 99% used [0x0000000700000000,0x0000000721547ee8,0x0000000721580000)
 PSPermGen       total 21504K, used 6314K [0x00000006fae00000, 0x00000006fc300000, 0x0000000700000000)
  object space 21504K, 29% used [0x00000006fae00000,0x00000006fb42aa68,0x00000006fc300000)
Event: 67.555 GC heap after
Heap after GC invocations=36 (full 11):
 PSYoungGen      total 550912K, used 154545K [0x00000007aaa80000, 0x00000007dfc00000, 0x0000000800000000)
  eden space 334848K, 46% used [0x00000007aaa80000,0x00000007b416c520,0x00000007bf180000)
  from space 216064K, 0% used [0x00000007bf180000,0x00000007bf180000,0x00000007cc480000)
  to   space 249344K, 0% used [0x00000007d0880000,0x00000007d0880000,0x00000007dfc00000)
 ParOldGen       total 546304K, used 545935K [0x0000000700000000, 0x0000000721580000, 0x00000007aaa80000)
  object space 546304K, 99% used [0x0000000700000000,0x0000000721523ec8,0x0000000721580000)
 PSPermGen       total 21504K, used 6314K [0x00000006fae00000, 0x00000006fc300000, 0x0000000700000000)
  object space 21504K, 29% used [0x00000006fae00000,0x00000006fb42aa68,0x00000006fc300000)
}
Event: 68.165 GC heap before
{Heap before GC invocations=37 (full 12):
 PSYoungGen      total 550912K, used 334848K [0x00000007aaa80000, 0x00000007dfc00000, 0x0000000800000000)
  eden space 334848K, 100% used [0x00000007aaa80000,0x00000007bf180000,0x00000007bf180000)
  from space 216064K, 0% used [0x00000007bf180000,0x00000007bf180000,0x00000007cc480000)
  to   space 249344K, 0% used [0x00000007d0880000,0x00000007d0880000,0x00000007dfc00000)
 ParOldGen       total 546304K, used 545935K [0x0000000700000000, 0x0000000721580000, 0x00000007aaa80000)
  object space 546304K, 99% used [0x0000000700000000,0x0000000721523ec8,0x0000000721580000)
 PSPermGen       total 21504K, used 6316K [0x00000006fae00000, 0x00000006fc300000, 0x0000000700000000)
  object space 21504K, 29% used [0x00000006fae00000,0x00000006fb42b088,0x00000006fc300000)
Event: 71.190 GC heap after
Heap after GC invocations=37 (full 12):
 PSYoungGen      total 550912K, used 181129K [0x00000007aaa80000, 0x00000007dfc00000, 0x0000000800000000)
  eden space 334848K, 54% used [0x00000007aaa80000,0x00000007b5b627d8,0x00000007bf180000)
  from space 216064K, 0% used [0x00000007bf180000,0x00000007bf180000,0x00000007cc480000)
  to   space 249344K, 0% used [0x00000007d0880000,0x00000007d0880000,0x00000007dfc00000)
 ParOldGen       total 546304K, used 545935K [0x0000000700000000, 0x0000000721580000, 0x00000007aaa80000)
  object space 546304K, 99% used [0x0000000700000000,0x0000000721523ec8,0x0000000721580000)
 PSPermGen       total 21504K, used 6316K [0x00000006fae00000, 0x00000006fc300000, 0x0000000700000000)
  object space 21504K, 29% used [0x00000006fae00000,0x00000006fb42b088,0x00000006fc300000)
}
Event: 71.710 GC heap before
{Heap before GC invocations=38 (full 13):
 PSYoungGen      total 550912K, used 334848K [0x00000007aaa80000, 0x00000007dfc00000, 0x0000000800000000)
  eden space 334848K, 100% used [0x00000007aaa80000,0x00000007bf180000,0x00000007bf180000)
  from space 216064K, 0% used [0x00000007bf180000,0x00000007bf180000,0x00000007cc480000)
  to   space 249344K, 0% used [0x00000007d0880000,0x00000007d0880000,0x00000007dfc00000)
 ParOldGen       total 546304K, used 545935K [0x0000000700000000, 0x0000000721580000, 0x00000007aaa80000)
  object space 546304K, 99% used [0x0000000700000000,0x0000000721523ec8,0x0000000721580000)
 PSPermGen       total 21504K, used 6316K [0x00000006fae00000, 0x00000006fc300000, 0x0000000700000000)
  object space 21504K, 29% used [0x00000006fae00000,0x00000006fb42b1a8,0x00000006fc300000)
Event: 74.862 GC heap after
Heap after GC invocations=38 (full 13):
 PSYoungGen      total 550912K, used 202902K [0x00000007aaa80000, 0x00000007dfc00000, 0x0000000800000000)
  eden space 334848K, 60% used [0x00000007aaa80000,0x00000007b70a58a8,0x00000007bf180000)
  from space 216064K, 0% used [0x00000007bf180000,0x00000007bf180000,0x00000007cc480000)
  to   space 249344K, 0% used [0x00000007d0880000,0x00000007d0880000,0x00000007dfc00000)
 ParOldGen       total 546304K, used 545935K [0x0000000700000000, 0x0000000721580000, 0x00000007aaa80000)
  object space 546304K, 99% used [0x0000000700000000,0x0000000721523ec8,0x0000000721580000)
 PSPermGen       total 21504K, used 6316K [0x00000006fae00000, 0x00000006fc300000, 0x0000000700000000)
  object space 21504K, 29% used [0x00000006fae00000,0x00000006fb42b1a8,0x00000006fc300000)
}

Deoptimization events (10 events):
Event: 41.190 Thread 0x00000000011cd800 Uncommon trap: reason=class_check action=maybe_recompile pc=0x00000000034f74b8 method=com.android.dx.ssa.back.InterferenceGraph.mergeInterferenceSet(ILcom/android/dx/util/IntSet;)V @ 20
Event: 41.190 Thread 0x00000000011cd800 Uncommon trap: reason=class_check action=maybe_recompile pc=0x0000000003632f04 method=com.android.dx.util.BitIntSet.merge(Lcom/android/dx/util/IntSet;)V @ 1
Event: 41.190 Thread 0x00000000011cd800 Uncommon trap: reason=class_check action=maybe_recompile pc=0x000000000362dd0c method=com.android.dx.ssa.back.InterferenceGraph.mergeInterferenceSet(ILcom/android/dx/util/IntSet;)V @ 20
Event: 42.624 Thread 0x00000000011cd800 Uncommon trap: reason=class_check action=maybe_recompile pc=0x00000000034c88b8 method=com.android.dx.ssa.SsaConverter.placePhiFunctions(Lcom/android/dx/ssa/SsaMethod;Lcom/android/dx/ssa/LocalVariableInfo;I)V @ 257
Event: 42.657 Thread 0x00000000112c6800 Uncommon trap: reason=class_check action=maybe_recompile pc=0x00000000034c88b8 method=com.android.dx.ssa.SsaConverter.placePhiFunctions(Lcom/android/dx/ssa/SsaMethod;Lcom/android/dx/ssa/LocalVariableInfo;I)V @ 257
Event: 42.801 Thread 0x00000000011cd800 Uncommon trap: reason=predicate action=maybe_recompile pc=0x00000000035a52b0 method=com.android.dx.ssa.back.InterferenceGraph.<init>(I)V @ 23
Event: 59.712 Thread 0x00000000011cd800 Uncommon trap: reason=null_check action=make_not_entrant pc=0x00000000034f1fd8 method=com.android.dx.rop.cst.CstKnownNull.equals(Ljava/lang/Object;)Z @ 1
Event: 67.967 Thread 0x00000000112c6800 Uncommon trap: reason=class_check action=maybe_recompile pc=0x000000000377e57c method=java.util.TimSort.gallopLeft(Ljava/lang/Object;[Ljava/lang/Object;IIILjava/util/Comparator;)I @ 44
Event: 67.967 Thread 0x00000000112c6800 Uncommon trap: reason=predicate action=maybe_recompile pc=0x0000000003783c48 method=java.util.TimSort.gallopRight(Ljava/lang/Object;[Ljava/lang/Object;IIILjava/util/Comparator;)I @ 65
Event: 75.223 Thread 0x0000000011d40800 Uncommon trap: reason=bimorphic action=maybe_recompile pc=0x00000000035a8940 method=java.util.concurrent.FutureTask.run()V @ 42

Internal exceptions (10 events):
Event: 6.572 Thread 0x00000000112c6800 Threw 0x00000007af8f65d0 at C:\re\jdk7u79\2331\hotspot\src\share\vm\prims\jvm.cpp:1304
Event: 10.541 Thread 0x00000000011cd800 Implicit null exception at 0x00000000036c7d04 to 0x00000000036cceed
Event: 10.556 Thread 0x00000000011cd800 Implicit null exception at 0x0000000003642635 to 0x0000000003643129
Event: 15.290 Thread 0x00000000112c6800 Threw 0x00000007afbafc00 at C:\re\jdk7u79\2331\hotspot\src\share\vm\prims\jvm.cpp:1304
Event: 15.821 Thread 0x00000000011cd800 Threw 0x00000007b49da770 at C:\re\jdk7u79\2331\hotspot\src\share\vm\prims\jvm.cpp:1304
Event: 15.826 Thread 0x00000000011cd800 Implicit null exception at 0x000000000348bf5f to 0x000000000348c771
Event: 30.515 Thread 0x00000000011cd800 Threw 0x00000007b42f6df8 at C:\re\jdk7u79\2331\hotspot\src\share\vm\prims\jvm.cpp:1304
Event: 30.573 Thread 0x00000000011cd800 Threw 0x00000007b434d9b8 at C:\re\jdk7u79\2331\hotspot\src\share\vm\prims\jvm.cpp:1304
Event: 59.712 Thread 0x00000000011cd800 Implicit null exception at 0x00000000034f1fac to 0x00000000034f1fce
Event: 75.214 Thread 0x00000000011cd800 Threw 0x00000007bc56e110 at C:\re\jdk7u79\2331\hotspot\src\share\vm\prims\jvm.cpp:1304

Events (10 events):
Event: 75.225 Executing VM operation: RevokeBias
Event: 75.225 Executing VM operation: RevokeBias done
Event: 75.225 Executing VM operation: RevokeBias
Event: 75.225 Executing VM operation: RevokeBias done
Event: 75.326 loading class 0x000000000f6cb6f0
Event: 75.326 loading class 0x000000000f6cb6f0 done
Event: 75.326 loading class 0x0000000011385bf0 done
Event: 75.326 loading class 0x000000000f6cb870 done
Event: 75.326 loading class 0x000000000f6cb840
Event: 75.327 loading class 0x000000000f6cb840 done


Dynamic libraries:
0x00007ff71b180000 - 0x00007ff71b1b3000 	C:\Program Files\Java\jdk1.7.0_79\bin\java.exe
0x00007ffac8c70000 - 0x00007ffac8e31000 	C:\WINDOWS\SYSTEM32\ntdll.dll
0x00007ffac6520000 - 0x00007ffac65cd000 	C:\WINDOWS\system32\KERNEL32.DLL
0x00007ffac55a0000 - 0x00007ffac5788000 	C:\WINDOWS\system32\KERNELBASE.dll
0x00007ffac6070000 - 0x00007ffac6117000 	C:\WINDOWS\system32\ADVAPI32.dll
0x00007ffac6630000 - 0x00007ffac66cd000 	C:\WINDOWS\system32\msvcrt.dll
0x00007ffac6480000 - 0x00007ffac64db000 	C:\WINDOWS\system32\sechost.dll
0x00007ffac8430000 - 0x00007ffac854c000 	C:\WINDOWS\system32\RPCRT4.dll
0x00007ffac7fe0000 - 0x00007ffac8136000 	C:\WINDOWS\system32\USER32.dll
0x00007ffac6290000 - 0x00007ffac6416000 	C:\WINDOWS\system32\GDI32.dll
0x00007ffabcee0000 - 0x00007ffabd154000 	C:\WINDOWS\WinSxS\amd64_microsoft.windows.common-controls_6595b64144ccf1df_6.0.10586.494_none_a2d8b04ea53e3145\COMCTL32.dll
0x00007ffac8560000 - 0x00007ffac87dd000 	C:\WINDOWS\system32\combase.dll
0x00007ffac5f40000 - 0x00007ffac5faa000 	C:\WINDOWS\system32\bcryptPrimitives.dll
0x00007ffac64e0000 - 0x00007ffac651b000 	C:\WINDOWS\system32\IMM32.DLL
0x000000005a5f0000 - 0x000000005a6c2000 	C:\Program Files\Java\jdk1.7.0_79\jre\bin\msvcr100.dll
0x000000005ac50000 - 0x000000005b425000 	C:\Program Files\Java\jdk1.7.0_79\jre\bin\server\jvm.dll
0x00007ffac6120000 - 0x00007ffac6128000 	C:\WINDOWS\system32\PSAPI.DLL
0x00007ffac3ab0000 - 0x00007ffac3ad3000 	C:\WINDOWS\SYSTEM32\WINMM.dll
0x00007ffac29e0000 - 0x00007ffac29e9000 	C:\WINDOWS\SYSTEM32\WSOCK32.dll
0x00007ffac8310000 - 0x00007ffac837b000 	C:\WINDOWS\system32\WS2_32.dll
0x0000000000d40000 - 0x0000000000d6c000 	C:\WINDOWS\SYSTEM32\WINMMBASE.dll
0x00007ffac57f0000 - 0x00007ffac5833000 	C:\WINDOWS\system32\cfgmgr32.dll
0x000000005ac40000 - 0x000000005ac4f000 	C:\Program Files\Java\jdk1.7.0_79\jre\bin\verify.dll
0x000000005ac10000 - 0x000000005ac38000 	C:\Program Files\Java\jdk1.7.0_79\jre\bin\java.dll
0x000000005abf0000 - 0x000000005ac05000 	C:\Program Files\Java\jdk1.7.0_79\jre\bin\zip.dll
0x000000005abd0000 - 0x000000005abea000 	C:\Program Files\Java\jdk1.7.0_79\jre\bin\net.dll
0x00007ffac4b60000 - 0x00007ffac4bbc000 	C:\WINDOWS\system32\mswsock.dll
0x000000005abb0000 - 0x000000005abc1000 	C:\Program Files\Java\jdk1.7.0_79\jre\bin\nio.dll

VM Arguments:
jvm_args: -Xmx4g -Dfile.encoding=windows-1252 -Duser.country=US -Duser.language=en -Duser.variant 
java_command: com.android.dx.command.Main --dex --multi-dex --main-dex-list C:\Users\OEM\Desktop\IndustryProject\AndroidProjects\NTECMobileApp\app\build\intermediates\multi-dex\debug\maindexlist.txt --output C:\Users\OEM\Desktop\IndustryProject\AndroidProjects\NTECMobileApp\app\build\intermediates\dex\debug C:\Users\OEM\Desktop\IndustryProject\AndroidProjects\NTECMobileApp\app\build\intermediates\multi-dex\debug\allclasses.jar
Launcher Type: SUN_STANDARD

Environment Variables:
JAVA_HOME=C:\Program Files\Java\jdk1.7.0_79
JRE_HOME=C:\Program Files\Java\jre1.8.0_101
PATH=C:\ProgramData\Oracle\Java\javapath;C:\Program Files\Java\jdk1.7.0_79\bin;C:\Program Files\Broadcom\Broadcom 802.11;C:\Program Files (x86)\Intel\iCLS Client\;C:\Program Files\Intel\iCLS Client\;C:\WINDOWS\system32;C:\WINDOWS;C:\WINDOWS\System32\Wbem;C:\WINDOWS\System32\WindowsPowerShell\v1.0\;C:\Program Files\Intel\Intel(R) Management Engine Components\DAL;C:\Program Files (x86)\Intel\Intel(R) Management Engine Components\DAL;C:\Program Files\Intel\Intel(R) Management Engine Components\IPT;C:\Program Files (x86)\Intel\Intel(R) Management Engine Components\IPT;C:\Program Files (x86)\Skype\Phone\;C:\Program Files\Java\jdk1.7.0_79\bin\;C:\WINDOWS\system32\config\systemprofile\.dnx\bin;C:\Program Files\Microsoft DNX\Dnvm\;C:\Program Files (x86)\Windows Kits\8.1\Windows Performance Toolkit\;C:\Program Files\Microsoft SQL Server\130\Tools\Binn\;C:\Program Files\Git\cmd;C:\Program Files\Oracle\VirtualBox;C:\Program Files (x86)\Brackets\command;C:\Program Files (x86)\OpenVPN\bin;"C:\Program Files\Java\jdk1.7.0_79\bin";C:\Program Files (x86)\Windows Live\Shared;C:\Users\OEM\AppData\Roaming\npm
USERNAME=OEM
OS=Windows_NT
PROCESSOR_IDENTIFIER=Intel64 Family 6 Model 69 Stepping 1, GenuineIntel



---------------  S Y S T E M  ---------------

OS: Windows 8.1 , 64 bit Build 9600 

CPU:total 4 (2 cores per cpu, 2 threads per core) family 6 model 69 stepping 1, cmov, cx8, fxsr, mmx, sse, sse2, sse3, ssse3, sse4.1, sse4.2, popcnt, avx, avx2, aes, erms, ht, tsc, tscinvbit

Memory: 4k page, physical 4113804k(711856k free), swap 6161804k(5184k free)

vm_info: Java HotSpot(TM) 64-Bit Server VM (24.79-b02) for windows-amd64 JRE (1.7.0_79-b15), built on Apr 10 2015 12:36:16 by "java_re" with unknown MS VC++:1600

time: Mon Sep 26 20:22:44 2016
elapsed time: 75 seconds

